D:\work\Core\CurrentWork2\runtime\.dotnet
Microsoft (R) Build Engine version 17.2.0-preview-22175-02+058a0262c for .NET
Copyright (C) Microsoft Corporation. All rights reserved.

  Determining projects to restore...
  Restored D:\work\Core\CurrentWork2\runtime\src\libraries\System.Security.Cryptography.X509Certificates\tests\System.Security.Cryptography.X509Certificates.Tests.csproj (in 2.86 sec).
  10 of 11 projects are up-to-date for restore.
  Microsoft.Interop.SourceGeneration -> D:\work\Core\CurrentWork2\runtime\artifacts\bin\Microsoft.Interop.SourceGeneration\Release\netstandard2.0\Microsoft.Interop.SourceGeneration.dll
  LibraryImportGenerator -> D:\work\Core\CurrentWork2\runtime\artifacts\bin\LibraryImportGenerator\Release\netstandard2.0\Microsoft.Interop.LibraryImportGenerator.dll
  TestUtilities -> D:\work\Core\CurrentWork2\runtime\artifacts\bin\TestUtilities\Release\net6.0\TestUtilities.dll
  System.Runtime -> D:\work\Core\CurrentWork2\runtime\artifacts\bin\System.Runtime\ref\Release\net7.0\System.Runtime.dll
  System.Collections -> D:\work\Core\CurrentWork2\runtime\artifacts\bin\System.Collections\ref\Release\net7.0\System.Collections.dll
  System.Runtime.Numerics -> D:\work\Core\CurrentWork2\runtime\artifacts\bin\System.Runtime.Numerics\ref\Release\net7.0\System.Runtime.Numerics.dll
  System.Formats.Asn1 -> D:\work\Core\CurrentWork2\runtime\artifacts\bin\System.Formats.Asn1\ref\Release\net7.0\System.Formats.Asn1.dll
  System.Formats.Asn1 -> D:\work\Core\CurrentWork2\runtime\artifacts\bin\System.Formats.Asn1\Release\net7.0\System.Formats.Asn1.dll
  System.Security.Cryptography.Pkcs -> D:\work\Core\CurrentWork2\runtime\artifacts\bin\System.Security.Cryptography.Pkcs\ref\Release\net7.0\System.Security.Cryptography.Pkcs.dll
  System.Security.Cryptography.Pkcs -> D:\work\Core\CurrentWork2\runtime\artifacts\bin\System.Security.Cryptography.Pkcs\Release\net7.0-windows\System.Security.Cryptography.Pkcs.dll
  System.Security.Cryptography.X509Certificates.Tests -> D:\work\Core\CurrentWork2\runtime\artifacts\bin\System.Security.Cryptography.X509Certificates.Tests\Release\net7.0-windows\System.Security.Cryptography.X509Certificates.Tests.dll
  Optimizing assemblies for size may change the behavior of the app. Be sure to test after publishing. See: https://aka.ms/dotnet-illink
  Generating compatible native code. To optimize for size or speed, visit https://aka.ms/OptimizeNativeAOT
     Creating library D:\work\Core\CurrentWork2\runtime\artifacts\bin\System.Security.Cryptography.X509Certificates.Tests\Release\net7.0-windows\native\System.Security.Cryptography.X509Certificates.Tests.lib and object D:\work\Core\CurrentWork2\runtime\artifacts\bin\System.Security.Cryptography.X509Certificates.Tests\Release\net7.0-windows\native\System.Security.Cryptography.X509Certificates.Tests.exp
  System.Security.Cryptography.X509Certificates.Tests -> D:\work\Core\CurrentWork2\runtime\artifacts\bin\System.Security.Cryptography.X509Certificates.Tests\Release\net7.0-windows\publish\
  ----- start Sun 05/29/2022 11:25:11.96 ===============  To repro directly: ===================================================== 
  pushd D:\work\Core\CurrentWork2\runtime\artifacts\bin\System.Security.Cryptography.X509Certificates.Tests\Release\net7.0-windows\publish\
  System.Security.Cryptography.X509Certificates.Tests.exe -notrait category=OuterLoop -notrait category=failing 
  popd
  ===========================================================================================================
  Running assembly:System.Security.Cryptography.X509Certificates.Tests, Version=7.0.0.0, Culture=neutral, PublicKeyToken=cc7b13ffcd2ddd51
  [FAIL] System.Security.Cryptography.X509Certificates.Tests.CollectionTests.X509ChainElementCollection_CopyTo_NonZeroLowerBound_ThrowsIndexOutOfRangeException
  System.PlatformNotSupportedException : Arrays with non-zero lower bounds are not supported.
     at System.Array.InternalCreate(RuntimeType, Int32, Int32*, Int32*) + 0x199
     at System.Array.CreateInstance(Type, Int32[], Int32[]) + 0xb1
     at System.Security.Cryptography.X509Certificates.Tests.CollectionTests.X509ChainElementCollection_CopyTo_NonZeroLowerBound_ThrowsIndexOutOfRangeException() + 0x380
     at System.Security.Cryptography.X509Certificates.Tests!<BaseAddress>+0xa7cdae
     at System.InvokeUtils.CallDynamicInvokeMethod(Object, IntPtr, IntPtr, IntPtr, Object, Object[], BinderBundle, Boolean, Boolean) + 0x158
  [FAIL] System.Security.Cryptography.X509Certificates.Tests.CollectionTests.X509ExtensionCollection_CopyTo_NonZeroLowerBound_ThrowsIndexOutOfRangeException
  System.PlatformNotSupportedException : Arrays with non-zero lower bounds are not supported.
     at System.Array.InternalCreate(RuntimeType, Int32, Int32*, Int32*) + 0x199
     at System.Array.CreateInstance(Type, Int32[], Int32[]) + 0xb1
     at System.Security.Cryptography.X509Certificates.Tests.CollectionTests.X509ExtensionCollection_CopyTo_NonZeroLowerBound_ThrowsIndexOutOfRangeException() + 0xb9
     at System.Security.Cryptography.X509Certificates.Tests!<BaseAddress>+0xa7cdae
     at System.InvokeUtils.CallDynamicInvokeMethod(Object, IntPtr, IntPtr, IntPtr, Object, Object[], BinderBundle, Boolean, Boolean) + 0x158
  Finished System.Security.Cryptography.X509Certificates.Tests, Version=7.0.0.0, Culture=neutral, PublicKeyToken=cc7b13ffcd2ddd51
  
  Tests run: 1645, Errors: 0, Failures: 2, Skipped: 0. Time: 154.2807979s
  ----- end Sun 05/29/2022 11:27:50.67 ----- exit code 1 ----------------------------------------------------------
D:\work\Core\CurrentWork2\runtime\eng\testing\tests.targets(169,5): error : One or more tests failed while running tests from 'System.Security.Cryptography.X509Certificates.Tests'. [D:\work\Core\CurrentWork2\runtime\src\libraries\System.Security.Cryptography.X509Certificates\tests\System.Security.Cryptography.X509Certificates.Tests.csproj]

Build FAILED.

D:\work\Core\CurrentWork2\runtime\eng\testing\tests.targets(169,5): error : One or more tests failed while running tests from 'System.Security.Cryptography.X509Certificates.Tests'. [D:\work\Core\CurrentWork2\runtime\src\libraries\System.Security.Cryptography.X509Certificates\tests\System.Security.Cryptography.X509Certificates.Tests.csproj]
    0 Warning(s)
    1 Error(s)

Time Elapsed 00:03:13.95
