D:\work\Core\CurrentWork2\runtime\.dotnet
Microsoft (R) Build Engine version 17.2.0-preview-22175-02+058a0262c for .NET
Copyright (C) Microsoft Corporation. All rights reserved.

  Determining projects to restore...
  Restored D:\work\Core\CurrentWork2\runtime\src\libraries\System.Threading.Overlapped\tests\System.Threading.Overlapped.Tests.csproj (in 378 ms).
  3 of 4 projects are up-to-date for restore.
  Microsoft.Interop.SourceGeneration -> D:\work\Core\CurrentWork2\runtime\artifacts\bin\Microsoft.Interop.SourceGeneration\Release\netstandard2.0\Microsoft.Interop.SourceGeneration.dll
  LibraryImportGenerator -> D:\work\Core\CurrentWork2\runtime\artifacts\bin\LibraryImportGenerator\Release\netstandard2.0\Microsoft.Interop.LibraryImportGenerator.dll
  TestUtilities -> D:\work\Core\CurrentWork2\runtime\artifacts\bin\TestUtilities\Release\net6.0\TestUtilities.dll
  System.Threading.Overlapped.Tests -> D:\work\Core\CurrentWork2\runtime\artifacts\bin\System.Threading.Overlapped.Tests\Release\net7.0\System.Threading.Overlapped.Tests.dll
  Optimizing assemblies for size may change the behavior of the app. Be sure to test after publishing. See: https://aka.ms/dotnet-illink
  Generating compatible native code. To optimize for size or speed, visit https://aka.ms/OptimizeNativeAOT
     Creating library D:\work\Core\CurrentWork2\runtime\artifacts\bin\System.Threading.Overlapped.Tests\Release\net7.0\native\System.Threading.Overlapped.Tests.lib and object D:\work\Core\CurrentWork2\runtime\artifacts\bin\System.Threading.Overlapped.Tests\Release\net7.0\native\System.Threading.Overlapped.Tests.exp
  System.Threading.Overlapped.Tests -> D:\work\Core\CurrentWork2\runtime\artifacts\bin\System.Threading.Overlapped.Tests\Release\net7.0\publish\
  ----- start Sun 05/29/2022 11:33:07.00 ===============  To repro directly: ===================================================== 
  pushd D:\work\Core\CurrentWork2\runtime\artifacts\bin\System.Threading.Overlapped.Tests\Release\net7.0\publish\
  System.Threading.Overlapped.Tests.exe -notrait category=OuterLoop -notrait category=failing 
  popd
  ===========================================================================================================
  Running assembly:System.Threading.Overlapped.Tests, Version=7.0.0.0, Culture=neutral, PublicKeyToken=cc7b13ffcd2ddd51
  [SKIP] OverlappedTests.PropertyTest2
  [FAIL] ThreadPoolBoundHandleTests.PreAllocatedOverlapped_NonBlittableTypeAsPinData_Throws
  Assert.Equal() Failure
  Expected: (null)
  Actual:   value
     at System.AssertExtensions.Throws[T](String, Func`1) + 0x3c
     at ThreadPoolBoundHandleTests.PreAllocatedOverlapped_NonBlittableTypeAsPinData_Throws() + 0x61
     at System.Threading.Overlapped.Tests!<BaseAddress>+0x569b68
     at System.InvokeUtils.CallDynamicInvokeMethod(Object, IntPtr, IntPtr, IntPtr, Object, Object[], BinderBundle, Boolean, Boolean) + 0x158
  [FAIL] ThreadPoolBoundHandleTests.PreAllocatedOverlapped_ObjectArrayWithNonBlittableTypeAsPinData_Throws
  Assert.Equal() Failure
  Expected: (null)
  Actual:   value
     at System.AssertExtensions.Throws[T](String, Func`1) + 0x3c
     at ThreadPoolBoundHandleTests.PreAllocatedOverlapped_ObjectArrayWithNonBlittableTypeAsPinData_Throws() + 0xbd
     at System.Threading.Overlapped.Tests!<BaseAddress>+0x569b68
     at System.InvokeUtils.CallDynamicInvokeMethod(Object, IntPtr, IntPtr, IntPtr, Object, Object[], BinderBundle, Boolean, Boolean) + 0x158
  [FAIL] ThreadPoolBoundHandleTests.AllocateNativeOverlapped_NonBlittableTypeAsPinData_Throws
  Assert.Equal() Failure
  Expected: (null)
  Actual:   value
     at System.AssertExtensions.Throws[T](String, Action) + 0x3c
     at ThreadPoolBoundHandleTests.AllocateNativeOverlapped_NonBlittableTypeAsPinData_Throws() + 0xd9
     at System.Threading.Overlapped.Tests!<BaseAddress>+0x569b68
     at System.InvokeUtils.CallDynamicInvokeMethod(Object, IntPtr, IntPtr, IntPtr, Object, Object[], BinderBundle, Boolean, Boolean) + 0x158
  [FAIL] ThreadPoolBoundHandleTests.AllocateNativeOverlapped_ObjectArrayWithNonBlittableTypeAsPinData_Throws
  Assert.Equal() Failure
  Expected: (null)
  Actual:   value
     at System.AssertExtensions.Throws[T](String, Action) + 0x3c
     at ThreadPoolBoundHandleTests.AllocateNativeOverlapped_ObjectArrayWithNonBlittableTypeAsPinData_Throws() + 0x14b
     at System.Threading.Overlapped.Tests!<BaseAddress>+0x569b68
     at System.InvokeUtils.CallDynamicInvokeMethod(Object, IntPtr, IntPtr, IntPtr, Object, Object[], BinderBundle, Boolean, Boolean) + 0x158
  Finished System.Threading.Overlapped.Tests, Version=7.0.0.0, Culture=neutral, PublicKeyToken=cc7b13ffcd2ddd51
  
  Tests run: 71, Errors: 0, Failures: 4, Skipped: 1. Time: 0.1112703s
  ----- end Sun 05/29/2022 11:33:11.16 ----- exit code 1 ----------------------------------------------------------
D:\work\Core\CurrentWork2\runtime\eng\testing\tests.targets(169,5): error : One or more tests failed while running tests from 'System.Threading.Overlapped.Tests'. [D:\work\Core\CurrentWork2\runtime\src\libraries\System.Threading.Overlapped\tests\System.Threading.Overlapped.Tests.csproj]

Build FAILED.

D:\work\Core\CurrentWork2\runtime\eng\testing\tests.targets(169,5): error : One or more tests failed while running tests from 'System.Threading.Overlapped.Tests'. [D:\work\Core\CurrentWork2\runtime\src\libraries\System.Threading.Overlapped\tests\System.Threading.Overlapped.Tests.csproj]
    0 Warning(s)
    1 Error(s)

Time Elapsed 00:00:23.80
