D:\work\Core\CurrentWork2\runtime\.dotnet
Microsoft (R) Build Engine version 17.2.0-preview-22175-02+058a0262c for .NET
Copyright (C) Microsoft Corporation. All rights reserved.

  Determining projects to restore...
  Restored D:\work\Core\CurrentWork2\runtime\src\libraries\System.Runtime.Loader\tests\ApplyUpdate\System.Reflection.Metadata.ApplyUpdate.Test.CustomAttributeUpdate\System.Reflection.Metadata.ApplyUpdate.Test.CustomAttributeUpdate.csproj (in 219 ms).
  Restored D:\work\Core\CurrentWork2\runtime\src\libraries\System.Runtime.Loader\tests\ApplyUpdate\System.Reflection.Metadata.ApplyUpdate.Test.AddLambdaCapturingThis\System.Reflection.Metadata.ApplyUpdate.Test.AddLambdaCapturingThis.csproj (in 219 ms).
  Restored D:\work\Core\CurrentWork2\runtime\src\libraries\System.Runtime.Loader\tests\ApplyUpdate\System.Reflection.Metadata.ApplyUpdate.Test.CustomAttributeDelete\System.Reflection.Metadata.ApplyUpdate.Test.CustomAttributeDelete.csproj (in 219 ms).
  Restored D:\work\Core\CurrentWork2\runtime\src\libraries\System.Runtime.Loader\tests\ApplyUpdate\System.Reflection.Metadata.ApplyUpdate.Test.AddStaticField\System.Reflection.Metadata.ApplyUpdate.Test.AddStaticField.csproj (in 219 ms).
  Restored D:\work\Core\CurrentWork2\runtime\src\libraries\System.Runtime.Loader\tests\ApplyUpdate\System.Reflection.Metadata.ApplyUpdate.Test.AddNestedClass\System.Reflection.Metadata.ApplyUpdate.Test.AddNestedClass.csproj (in 219 ms).
  Restored D:\work\Core\CurrentWork2\runtime\src\libraries\System.Runtime.Loader\tests\ApplyUpdate\System.Reflection.Metadata.ApplyUpdate.Test.AsyncMethodChange\System.Reflection.Metadata.ApplyUpdate.Test.AsyncMethodChange.csproj (in 4 ms).
  Restored D:\work\Core\CurrentWork2\runtime\src\libraries\System.Runtime.Loader\tests\ApplyUpdate\System.Reflection.Metadata.ApplyUpdate.Test.FirstCallAfterUpdate\System.Reflection.Metadata.ApplyUpdate.Test.FirstCallAfterUpdate.csproj (in 219 ms).
  Restored D:\work\Core\CurrentWork2\runtime\src\libraries\System.Runtime.Loader\tests\ApplyUpdate\System.Reflection.Metadata.ApplyUpdate.Test.ClassWithCustomAttributes\System.Reflection.Metadata.ApplyUpdate.Test.ClassWithCustomAttributes.csproj (in 28 ms).
  Restored D:\work\Core\CurrentWork2\runtime\src\libraries\System.Runtime.Loader\tests\System.Runtime.Loader.Test.Assembly\System.Runtime.Loader.Test.Assembly.csproj (in 219 ms).
  Restored D:\work\Core\CurrentWork2\runtime\src\libraries\System.Runtime.Loader\tests\ApplyUpdate\System.Reflection.Metadata.ApplyUpdate.Test.AddStaticLambda\System.Reflection.Metadata.ApplyUpdate.Test.AddStaticLambda.csproj (in 4 ms).
  Restored D:\work\Core\CurrentWork2\runtime\src\libraries\System.Runtime.Loader\tests\ReferencedClassLib\ReferencedClassLib.csproj (in 2 ms).
  Restored D:\work\Core\CurrentWork2\runtime\src\libraries\System.Runtime.Loader\tests\ApplyUpdate\System.Reflection.Metadata.ApplyUpdate.Test.MethodBody1\System.Reflection.Metadata.ApplyUpdate.Test.MethodBody1.csproj (in 3 ms).
  Restored D:\work\Core\CurrentWork2\runtime\src\libraries\System.Runtime.Loader\tests\System.Runtime.Loader.Test.AssemblyNotSupported\System.Runtime.Loader.Test.AssemblyNotSupported.csproj (in 18 ms).
  Restored D:\work\Core\CurrentWork2\runtime\src\libraries\System.Runtime.Loader\tests\ApplyUpdate\System.Reflection.Metadata.ApplyUpdate.Test.LambdaBodyChange\System.Reflection.Metadata.ApplyUpdate.Test.LambdaBodyChange.csproj (in 2 ms).
  Restored D:\work\Core\CurrentWork2\runtime\src\libraries\System.Runtime.Loader\tests\System.Runtime.Loader.Test.Assembly2\System.Runtime.Loader.Test.Assembly2.csproj (in 3 ms).
  Restored D:\work\Core\CurrentWork2\runtime\src\libraries\System.Runtime.Loader\tests\ApplyUpdate\System.Reflection.Metadata.ApplyUpdate.Test.LambdaCapturesThis\System.Reflection.Metadata.ApplyUpdate.Test.LambdaCapturesThis.csproj (in 3 ms).
  Restored D:\work\Core\CurrentWork2\runtime\src\libraries\System.Runtime.Loader\tests\ContextualReflectionDependency\System.Runtime.Loader.Test.ContextualReflectionDependency.csproj (in 2 ms).
  Restored D:\work\Core\CurrentWork2\runtime\src\libraries\System.Runtime.Loader\tests\ReferencedClassLibNeutralIsSatellite\ReferencedClassLibNeutralIsSatellite.csproj (in 1 ms).
  Restored D:\work\Core\CurrentWork2\runtime\src\libraries\System.Runtime.Loader\tests\LoaderLinkTest.Dynamic\LoaderLinkTest.Dynamic.csproj (in 3 ms).
  Restored D:\work\Core\CurrentWork2\runtime\src\libraries\System.Runtime.Loader\tests\LoaderLinkTest.Shared\LoaderLinkTest.Shared.csproj (in 1 ms).
  Restored D:\work\Core\CurrentWork2\runtime\src\libraries\System.Runtime.Loader\tests\ApplyUpdate\System.Reflection.Metadata.ApplyUpdate.Test.StaticLambdaRegression\System.Reflection.Metadata.ApplyUpdate.Test.StaticLambdaRegression.csproj (in 2 ms).
  Restored D:\work\Core\CurrentWork2\runtime\src\libraries\System.Runtime.Loader\tests\ApplyUpdate\System.Reflection.Metadata.ApplyUpdate.Test.ReflectionAddNewType\System.Reflection.Metadata.ApplyUpdate.Test.ReflectionAddNewType.csproj (in 4 ms).
  Restored D:\work\Core\CurrentWork2\runtime\src\libraries\System.Runtime.Loader\tests\System.Runtime.Loader.Tests.csproj (in 614 ms).
  3 of 26 projects are up-to-date for restore.
  Microsoft.Interop.SourceGeneration -> D:\work\Core\CurrentWork2\runtime\artifacts\bin\Microsoft.Interop.SourceGeneration\Release\netstandard2.0\Microsoft.Interop.SourceGeneration.dll
  LibraryImportGenerator -> D:\work\Core\CurrentWork2\runtime\artifacts\bin\LibraryImportGenerator\Release\netstandard2.0\Microsoft.Interop.LibraryImportGenerator.dll
  TestUtilities -> D:\work\Core\CurrentWork2\runtime\artifacts\bin\TestUtilities\Release\net6.0\TestUtilities.dll
  System.Runtime.Loader.Test.Assembly -> D:\work\Core\CurrentWork2\runtime\artifacts\bin\System.Runtime.Loader.Test.Assembly\Release\net7.0\System.Runtime.Loader.Test.Assembly.dll
  System.Runtime.Loader.Test.Assembly2 -> D:\work\Core\CurrentWork2\runtime\artifacts\bin\System.Runtime.Loader.Test.Assembly2\Release\net7.0\System.Runtime.Loader.Test.Assembly2.dll
  System.Runtime.Loader.Test.AssemblyNotSupported -> D:\work\Core\CurrentWork2\runtime\artifacts\bin\System.Runtime.Loader.Test.AssemblyNotSupported\Release\net7.0\System.Runtime.Loader.Test.AssemblyNotSupported.dll
  System.Reflection.Metadata.ApplyUpdate.Test.MethodBody1 -> D:\work\Core\CurrentWork2\runtime\artifacts\bin\System.Reflection.Metadata.ApplyUpdate.Test.MethodBody1\Release\net7.0\System.Reflection.Metadata.ApplyUpdate.Test.MethodBody1.dll
  System.Reflection.Metadata.ApplyUpdate.Test.AsyncMethodChange -> D:\work\Core\CurrentWork2\runtime\artifacts\bin\System.Reflection.Metadata.ApplyUpdate.Test.AsyncMethodChange\Release\net7.0\System.Reflection.Metadata.ApplyUpdate.Test.AsyncMethodChange.dll
  System.Runtime.Loader.Test.ContextualReflectionDependency -> D:\work\Core\CurrentWork2\runtime\artifacts\bin\System.Runtime.Loader.Test.ContextualReflectionDependency\Release\net7.0\System.Runtime.Loader.Test.ContextualReflectionDependency.dll
  System.Reflection.Metadata.ApplyUpdate.Test.CustomAttributeDelete -> D:\work\Core\CurrentWork2\runtime\artifacts\bin\System.Reflection.Metadata.ApplyUpdate.Test.CustomAttributeDelete\Release\net7.0\System.Reflection.Metadata.ApplyUpdate.Test.CustomAttributeDelete.dll
  ReferencedClassLib -> D:\work\Core\CurrentWork2\runtime\artifacts\bin\ReferencedClassLib\Release\net7.0\ReferencedClassLib.dll
  LoaderLinkTest.Shared -> D:\work\Core\CurrentWork2\runtime\artifacts\bin\LoaderLinkTest.Shared\Release\net7.0\LoaderLinkTest.Shared.dll
  ReferencedClassLibNeutralIsSatellite -> D:\work\Core\CurrentWork2\runtime\artifacts\bin\ReferencedClassLibNeutralIsSatellite\Release\net7.0\ReferencedClassLibNeutralIsSatellite.dll
  System.Reflection.Metadata.ApplyUpdate.Test.ReflectionAddNewType -> D:\work\Core\CurrentWork2\runtime\artifacts\bin\System.Reflection.Metadata.ApplyUpdate.Test.ReflectionAddNewType\Release\net7.0\System.Reflection.Metadata.ApplyUpdate.Test.ReflectionAddNewType.dll
  System.Reflection.Metadata.ApplyUpdate.Test.ClassWithCustomAttributes -> D:\work\Core\CurrentWork2\runtime\artifacts\bin\System.Reflection.Metadata.ApplyUpdate.Test.ClassWithCustomAttributes\Release\net7.0\System.Reflection.Metadata.ApplyUpdate.Test.ClassWithCustomAttributes.dll
  initializing ChangeMakerService with capabilities: Baseline, AddMethodToExistingType, AddStaticFieldToExistingType, AddInstanceFieldToExistingType, NewTypeDefinition, ChangeCustomAttributes
  initializing ChangeMakerService with capabilities: Baseline, AddMethodToExistingType, AddStaticFieldToExistingType, AddInstanceFieldToExistingType, NewTypeDefinition, ChangeCustomAttributes
  initializing ChangeMakerService with capabilities: Baseline, AddMethodToExistingType, AddStaticFieldToExistingType, AddInstanceFieldToExistingType, NewTypeDefinition, ChangeCustomAttributes
  initializing ChangeMakerService with capabilities: Baseline, AddMethodToExistingType, AddStaticFieldToExistingType, AddInstanceFieldToExistingType, NewTypeDefinition, ChangeCustomAttributes
  initializing ChangeMakerService with capabilities: Baseline, AddMethodToExistingType, AddStaticFieldToExistingType, AddInstanceFieldToExistingType, NewTypeDefinition, ChangeCustomAttributes
  baseline ready
  baseline ready
  baseline ready
  got a change
  baseline ready
  got a change
  got a change
  got a change
  baseline ready
  got a change
  parsing patch #1 from D:\work\Core\CurrentWork2\runtime\src\libraries\System.Runtime.Loader\tests\ApplyUpdate\System.Reflection.Metadata.ApplyUpdate.Test.CustomAttributeDelete\CustomAttributeDelete_v1.cs and creating delta
  parsing patch #1 from D:\work\Core\CurrentWork2\runtime\src\libraries\System.Runtime.Loader\tests\ApplyUpdate\System.Reflection.Metadata.ApplyUpdate.Test.MethodBody1\MethodBody1_v1.cs and creating delta
  parsing patch #1 from D:\work\Core\CurrentWork2\runtime\src\libraries\System.Runtime.Loader\tests\ApplyUpdate\System.Reflection.Metadata.ApplyUpdate.Test.ReflectionAddNewType\ReflectionAddNewType_v1.cs and creating delta
  parsing patch #1 from D:\work\Core\CurrentWork2\runtime\src\libraries\System.Runtime.Loader\tests\ApplyUpdate\System.Reflection.Metadata.ApplyUpdate.Test.ClassWithCustomAttributes\ClassWithCustomAttributes_v1.cs and creating delta
  parsing patch #1 from D:\work\Core\CurrentWork2\runtime\src\libraries\System.Runtime.Loader\tests\ApplyUpdate\System.Reflection.Metadata.ApplyUpdate.Test.AsyncMethodChange\AsyncMethodChange_v1.cs and creating delta
  Found changes in MethodBody1.cs
  Found changes in ClassWithCustomAttributes.cs
  Found changes in AsyncMethodChange.cs
  Found changes in CustomAttributeDelete.cs
  Found changes in ReflectionAddNewType.cs
  change service made 968279e8-d211-43ec-af29-7b22531e7873
  wrote D:\work\Core\CurrentWork2\runtime\artifacts\bin\System.Reflection.Metadata.ApplyUpdate.Test.MethodBody1\Release\net7.0\System.Reflection.Metadata.ApplyUpdate.Test.MethodBody1.dll.1.dmeta
  got a change
  parsing patch #2 from D:\work\Core\CurrentWork2\runtime\src\libraries\System.Runtime.Loader\tests\ApplyUpdate\System.Reflection.Metadata.ApplyUpdate.Test.MethodBody1\MethodBody1_v2.cs and creating delta
  Found changes in MethodBody1.cs
  change service made c17006d6-eb02-49f8-b219-a531a629c578
  wrote D:\work\Core\CurrentWork2\runtime\artifacts\bin\System.Reflection.Metadata.ApplyUpdate.Test.ClassWithCustomAttributes\Release\net7.0\System.Reflection.Metadata.ApplyUpdate.Test.ClassWithCustomAttributes.dll.1.dmeta
  change service made 968279e8-d211-43ec-af29-7b22531e7873
  done
  wrote D:\work\Core\CurrentWork2\runtime\artifacts\bin\System.Reflection.Metadata.ApplyUpdate.Test.MethodBody1\Release\net7.0\System.Reflection.Metadata.ApplyUpdate.Test.MethodBody1.dll.2.dmeta
  done
  change service made 67e8ece5-5d2f-4ca4-99e1-104ac2aa1d86
  wrote D:\work\Core\CurrentWork2\runtime\artifacts\bin\System.Reflection.Metadata.ApplyUpdate.Test.CustomAttributeDelete\Release\net7.0\System.Reflection.Metadata.ApplyUpdate.Test.CustomAttributeDelete.dll.1.dmeta
  done
  change service made 420ac851-90dd-4400-a938-b39deaa6d2a1
  change service made 1ad3cd5a-dff7-4d16-a612-92378671f62a
  wrote D:\work\Core\CurrentWork2\runtime\artifacts\bin\System.Reflection.Metadata.ApplyUpdate.Test.ReflectionAddNewType\Release\net7.0\System.Reflection.Metadata.ApplyUpdate.Test.ReflectionAddNewType.dll.1.dmeta
  System.Reflection.Metadata.ApplyUpdate.Test.LambdaCapturesThis -> D:\work\Core\CurrentWork2\runtime\artifacts\bin\System.Reflection.Metadata.ApplyUpdate.Test.LambdaCapturesThis\Release\net7.0\System.Reflection.Metadata.ApplyUpdate.Test.LambdaCapturesThis.dll
  done
  wrote D:\work\Core\CurrentWork2\runtime\artifacts\bin\System.Reflection.Metadata.ApplyUpdate.Test.AsyncMethodChange\Release\net7.0\System.Reflection.Metadata.ApplyUpdate.Test.AsyncMethodChange.dll.1.dmeta
  done
  System.Reflection.Metadata.ApplyUpdate.Test.FirstCallAfterUpdate -> D:\work\Core\CurrentWork2\runtime\artifacts\bin\System.Reflection.Metadata.ApplyUpdate.Test.FirstCallAfterUpdate\Release\net7.0\System.Reflection.Metadata.ApplyUpdate.Test.FirstCallAfterUpdate.dll
  System.Reflection.Metadata.ApplyUpdate.Test.LambdaBodyChange -> D:\work\Core\CurrentWork2\runtime\artifacts\bin\System.Reflection.Metadata.ApplyUpdate.Test.LambdaBodyChange\Release\net7.0\System.Reflection.Metadata.ApplyUpdate.Test.LambdaBodyChange.dll
  System.Reflection.Metadata.ApplyUpdate.Test.CustomAttributeUpdate -> D:\work\Core\CurrentWork2\runtime\artifacts\bin\System.Reflection.Metadata.ApplyUpdate.Test.CustomAttributeUpdate\Release\net7.0\System.Reflection.Metadata.ApplyUpdate.Test.CustomAttributeUpdate.dll
  initializing ChangeMakerService with capabilities: Baseline, AddMethodToExistingType, AddStaticFieldToExistingType, AddInstanceFieldToExistingType, NewTypeDefinition, ChangeCustomAttributes
  initializing ChangeMakerService with capabilities: Baseline, AddMethodToExistingType, AddStaticFieldToExistingType, AddInstanceFieldToExistingType, NewTypeDefinition, ChangeCustomAttributes
  baseline ready
  baseline ready
  got a change
  got a change
  parsing patch #1 from D:\work\Core\CurrentWork2\runtime\src\libraries\System.Runtime.Loader\tests\ApplyUpdate\System.Reflection.Metadata.ApplyUpdate.Test.LambdaCapturesThis\LambdaCapturesThis_v1.cs and creating delta
  parsing patch #1 from D:\work\Core\CurrentWork2\runtime\src\libraries\System.Runtime.Loader\tests\ApplyUpdate\System.Reflection.Metadata.ApplyUpdate.Test.FirstCallAfterUpdate\FirstCallAfterUpdate_v1.cs and creating delta
  initializing ChangeMakerService with capabilities: Baseline, AddMethodToExistingType, AddStaticFieldToExistingType, AddInstanceFieldToExistingType, NewTypeDefinition, ChangeCustomAttributes
  baseline ready
  got a change
  parsing patch #1 from D:\work\Core\CurrentWork2\runtime\src\libraries\System.Runtime.Loader\tests\ApplyUpdate\System.Reflection.Metadata.ApplyUpdate.Test.LambdaBodyChange\LambdaBodyChange_v1.cs and creating delta
  initializing ChangeMakerService with capabilities: Baseline, AddMethodToExistingType, AddStaticFieldToExistingType, AddInstanceFieldToExistingType, NewTypeDefinition, ChangeCustomAttributes
  Found changes in FirstCallAfterUpdate.cs
  baseline ready
  got a change
  Found changes in LambdaCapturesThis.cs
  parsing patch #1 from D:\work\Core\CurrentWork2\runtime\src\libraries\System.Runtime.Loader\tests\ApplyUpdate\System.Reflection.Metadata.ApplyUpdate.Test.CustomAttributeUpdate\CustomAttributeUpdate_v1.cs and creating delta
  Found changes in LambdaBodyChange.cs
  Found changes in CustomAttributeUpdate.cs
  change service made f564d7bd-8752-478f-adb5-1fed96de320d
  wrote D:\work\Core\CurrentWork2\runtime\artifacts\bin\System.Reflection.Metadata.ApplyUpdate.Test.FirstCallAfterUpdate\Release\net7.0\System.Reflection.Metadata.ApplyUpdate.Test.FirstCallAfterUpdate.dll.1.dmeta
  got a change
  parsing patch #2 from D:\work\Core\CurrentWork2\runtime\src\libraries\System.Runtime.Loader\tests\ApplyUpdate\System.Reflection.Metadata.ApplyUpdate.Test.FirstCallAfterUpdate\FirstCallAfterUpdate_v2.cs and creating delta
  Found changes in FirstCallAfterUpdate.cs
  change service made f564d7bd-8752-478f-adb5-1fed96de320d
  wrote D:\work\Core\CurrentWork2\runtime\artifacts\bin\System.Reflection.Metadata.ApplyUpdate.Test.FirstCallAfterUpdate\Release\net7.0\System.Reflection.Metadata.ApplyUpdate.Test.FirstCallAfterUpdate.dll.2.dmeta
  done
  System.Reflection.Metadata.ApplyUpdate.Test.AddStaticField -> D:\work\Core\CurrentWork2\runtime\artifacts\bin\System.Reflection.Metadata.ApplyUpdate.Test.AddStaticField\Release\net7.0\System.Reflection.Metadata.ApplyUpdate.Test.AddStaticField.dll
  change service made 5047bb0d-74b6-4a1e-8eea-e1dde050442a
  wrote D:\work\Core\CurrentWork2\runtime\artifacts\bin\System.Reflection.Metadata.ApplyUpdate.Test.CustomAttributeUpdate\Release\net7.0\System.Reflection.Metadata.ApplyUpdate.Test.CustomAttributeUpdate.dll.1.dmeta
  done
  change service made dfdcfe5a-14a0-4fb7-a9f5-9f24aacf9408
  wrote D:\work\Core\CurrentWork2\runtime\artifacts\bin\System.Reflection.Metadata.ApplyUpdate.Test.LambdaCapturesThis\Release\net7.0\System.Reflection.Metadata.ApplyUpdate.Test.LambdaCapturesThis.dll.1.dmeta
  got a change
  parsing patch #2 from D:\work\Core\CurrentWork2\runtime\src\libraries\System.Runtime.Loader\tests\ApplyUpdate\System.Reflection.Metadata.ApplyUpdate.Test.LambdaCapturesThis\LambdaCapturesThis_v2.cs and creating delta
  Found changes in LambdaCapturesThis.cs
  change service made dfdcfe5a-14a0-4fb7-a9f5-9f24aacf9408
  wrote D:\work\Core\CurrentWork2\runtime\artifacts\bin\System.Reflection.Metadata.ApplyUpdate.Test.LambdaCapturesThis\Release\net7.0\System.Reflection.Metadata.ApplyUpdate.Test.LambdaCapturesThis.dll.2.dmeta
  done
  change service made 2b220f29-2a96-4e58-b3d1-b3131907e9ac
  wrote D:\work\Core\CurrentWork2\runtime\artifacts\bin\System.Reflection.Metadata.ApplyUpdate.Test.LambdaBodyChange\Release\net7.0\System.Reflection.Metadata.ApplyUpdate.Test.LambdaBodyChange.dll.1.dmeta
  got a change
  parsing patch #2 from D:\work\Core\CurrentWork2\runtime\src\libraries\System.Runtime.Loader\tests\ApplyUpdate\System.Reflection.Metadata.ApplyUpdate.Test.LambdaBodyChange\LambdaBodyChange_v2.cs and creating delta
  Found changes in LambdaBodyChange.cs
  System.Reflection.Metadata.ApplyUpdate.Test.AddNestedClass -> D:\work\Core\CurrentWork2\runtime\artifacts\bin\System.Reflection.Metadata.ApplyUpdate.Test.AddNestedClass\Release\net7.0\System.Reflection.Metadata.ApplyUpdate.Test.AddNestedClass.dll
  change service made 2b220f29-2a96-4e58-b3d1-b3131907e9ac
  wrote D:\work\Core\CurrentWork2\runtime\artifacts\bin\System.Reflection.Metadata.ApplyUpdate.Test.LambdaBodyChange\Release\net7.0\System.Reflection.Metadata.ApplyUpdate.Test.LambdaBodyChange.dll.2.dmeta
  done
  System.Reflection.Metadata.ApplyUpdate.Test.StaticLambdaRegression -> D:\work\Core\CurrentWork2\runtime\artifacts\bin\System.Reflection.Metadata.ApplyUpdate.Test.StaticLambdaRegression\Release\net7.0\System.Reflection.Metadata.ApplyUpdate.Test.StaticLambdaRegression.dll
  System.Reflection.Metadata.ApplyUpdate.Test.AddLambdaCapturingThis -> D:\work\Core\CurrentWork2\runtime\artifacts\bin\System.Reflection.Metadata.ApplyUpdate.Test.AddLambdaCapturingThis\Release\net7.0\System.Reflection.Metadata.ApplyUpdate.Test.AddLambdaCapturingThis.dll
  initializing ChangeMakerService with capabilities: Baseline, AddMethodToExistingType, AddStaticFieldToExistingType, AddInstanceFieldToExistingType, NewTypeDefinition, ChangeCustomAttributes
  baseline ready
  got a change
  parsing patch #1 from D:\work\Core\CurrentWork2\runtime\src\libraries\System.Runtime.Loader\tests\ApplyUpdate\System.Reflection.Metadata.ApplyUpdate.Test.AddStaticField\AddStaticField_v1.cs and creating delta
  initializing ChangeMakerService with capabilities: Baseline, AddMethodToExistingType, AddStaticFieldToExistingType, AddInstanceFieldToExistingType, NewTypeDefinition, ChangeCustomAttributes
  Found changes in AddStaticField.cs
  baseline ready
  got a change
  parsing patch #1 from D:\work\Core\CurrentWork2\runtime\src\libraries\System.Runtime.Loader\tests\ApplyUpdate\System.Reflection.Metadata.ApplyUpdate.Test.AddNestedClass\AddNestedClass_v1.cs and creating delta
  initializing ChangeMakerService with capabilities: Baseline, AddMethodToExistingType, AddStaticFieldToExistingType, AddInstanceFieldToExistingType, NewTypeDefinition, ChangeCustomAttributes
  baseline ready
  got a change
  parsing patch #1 from D:\work\Core\CurrentWork2\runtime\src\libraries\System.Runtime.Loader\tests\ApplyUpdate\System.Reflection.Metadata.ApplyUpdate.Test.StaticLambdaRegression\StaticLambdaRegression_v1.cs and creating delta
  Found changes in AddNestedClass.cs
  initializing ChangeMakerService with capabilities: Baseline, AddMethodToExistingType, AddStaticFieldToExistingType, AddInstanceFieldToExistingType, NewTypeDefinition, ChangeCustomAttributes
  baseline ready
  Found changes in StaticLambdaRegression.cs
  got a change
  parsing patch #1 from D:\work\Core\CurrentWork2\runtime\src\libraries\System.Runtime.Loader\tests\ApplyUpdate\System.Reflection.Metadata.ApplyUpdate.Test.AddLambdaCapturingThis\AddLambdaCapturingThis_v1.cs and creating delta
  Found changes in AddLambdaCapturingThis.cs
  change service made 0ab34537-4f89-4000-8ca8-941d8e160a0c
  wrote D:\work\Core\CurrentWork2\runtime\artifacts\bin\System.Reflection.Metadata.ApplyUpdate.Test.AddStaticField\Release\net7.0\System.Reflection.Metadata.ApplyUpdate.Test.AddStaticField.dll.1.dmeta
  done
  change service made 8d44b5e9-1475-41c8-bb89-9d5546c3ebef
  wrote D:\work\Core\CurrentWork2\runtime\artifacts\bin\System.Reflection.Metadata.ApplyUpdate.Test.AddNestedClass\Release\net7.0\System.Reflection.Metadata.ApplyUpdate.Test.AddNestedClass.dll.1.dmeta
  done
  change service made 69467488-5282-4057-b365-92603bb10438
  wrote D:\work\Core\CurrentWork2\runtime\artifacts\bin\System.Reflection.Metadata.ApplyUpdate.Test.StaticLambdaRegression\Release\net7.0\System.Reflection.Metadata.ApplyUpdate.Test.StaticLambdaRegression.dll.1.dmeta
  got a change
  parsing patch #2 from D:\work\Core\CurrentWork2\runtime\src\libraries\System.Runtime.Loader\tests\ApplyUpdate\System.Reflection.Metadata.ApplyUpdate.Test.StaticLambdaRegression\StaticLambdaRegression_v2.cs and creating delta
  Found changes in StaticLambdaRegression.cs
  change service made 69467488-5282-4057-b365-92603bb10438
  wrote D:\work\Core\CurrentWork2\runtime\artifacts\bin\System.Reflection.Metadata.ApplyUpdate.Test.StaticLambdaRegression\Release\net7.0\System.Reflection.Metadata.ApplyUpdate.Test.StaticLambdaRegression.dll.2.dmeta
  done
  change service made 1974202c-edb7-4d1d-ae10-4557ccbc764e
  wrote D:\work\Core\CurrentWork2\runtime\artifacts\bin\System.Reflection.Metadata.ApplyUpdate.Test.AddLambdaCapturingThis\Release\net7.0\System.Reflection.Metadata.ApplyUpdate.Test.AddLambdaCapturingThis.dll.1.dmeta
  done
  LoaderLinkTest.Dynamic -> D:\work\Core\CurrentWork2\runtime\artifacts\bin\LoaderLinkTest.Dynamic\Release\net7.0\LoaderLinkTest.Dynamic.dll
  System.Reflection.Metadata.ApplyUpdate.Test.AddStaticLambda -> D:\work\Core\CurrentWork2\runtime\artifacts\bin\System.Reflection.Metadata.ApplyUpdate.Test.AddStaticLambda\Release\net7.0\System.Reflection.Metadata.ApplyUpdate.Test.AddStaticLambda.dll
  initializing ChangeMakerService with capabilities: Baseline, AddMethodToExistingType, AddStaticFieldToExistingType, AddInstanceFieldToExistingType, NewTypeDefinition, ChangeCustomAttributes
  baseline ready
  got a change
  parsing patch #1 from D:\work\Core\CurrentWork2\runtime\src\libraries\System.Runtime.Loader\tests\ApplyUpdate\System.Reflection.Metadata.ApplyUpdate.Test.AddStaticLambda\AddStaticLambda_v1.cs and creating delta
  Found changes in AddStaticLambda.cs
  change service made 05e677bf-b7fb-4fe4-a8c6-6fe43310ad40
  wrote D:\work\Core\CurrentWork2\runtime\artifacts\bin\System.Reflection.Metadata.ApplyUpdate.Test.AddStaticLambda\Release\net7.0\System.Reflection.Metadata.ApplyUpdate.Test.AddStaticLambda.dll.1.dmeta
  done
  System.Runtime.Loader.Tests -> D:\work\Core\CurrentWork2\runtime\artifacts\bin\System.Runtime.Loader.Tests\Release\net7.0\System.Runtime.Loader.Tests.dll
  Optimizing assemblies for size may change the behavior of the app. Be sure to test after publishing. See: https://aka.ms/dotnet-illink
  Generating compatible native code. To optimize for size or speed, visit https://aka.ms/OptimizeNativeAOT
  ILC: Method '[S.P.CompilerGenerated]Internal.CompilerGenerated.<Module>.ReverseDelegateStub__RequestDelegate(native int,uint32,uint32,uint8*,uint32,uint8*)' will always throw because: Marshaling directives are invalid
  ILC: Method '[S.P.CompilerGenerated]Internal.CompilerGenerated.<Module>.ReverseOpenStaticDelegateStub__RequestDelegate(native int,uint32,uint32,uint8*,uint32,uint8*)' will always throw because: Marshaling directives are invalid
  ILC: Method '[S.P.CompilerGenerated]Internal.CompilerGenerated.<Module>.ReverseDelegateStub__RequestDelegate(native int,uint32,uint32,uint8*,uint32,uint8*)' will always throw because: Marshaling directives are invalid
  ILC: Method '[S.P.CompilerGenerated]Internal.CompilerGenerated.<Module>.ReverseOpenStaticDelegateStub__RequestDelegate(native int,uint32,uint32,uint8*,uint32,uint8*)' will always throw because: Marshaling directives are invalid
  ILC: Method '[Microsoft.Diagnostics.Runtime]Microsoft.Diagnostics.Runtime.ICorDebug.CorDebugClass.CanLaunchOrAttach(uint32,int32)' will always throw because: Invalid IL or CLR metadata in 'Void Microsoft.Diagnostics.Runtime.ICorDebug.CorDebugClass.CanLaunchOrAttach(UInt32, Int32)'
  ILC: Method '[Microsoft.Diagnostics.Runtime]Microsoft.Diagnostics.Runtime.ICorDebug.CorDebugClass.CreateProcess(string,string,SECURITY_ATTRIBUTES,SECURITY_ATTRIBUTES,int32,uint32,native int,string,STARTUPINFO,PROCESS_INFORMATION,CorDebugCreateProcessFlags,ICorDebugProcess&)' will always throw because: Invalid IL or CLR metadata in 'Void Microsoft.Diagnostics.Runtime.ICorDebug.CorDebugClass.CreateProcess(System.String, System.String, Microsoft.Diagnostics.Runtime.ICorDebug.SECURITY_ATTRIBUTES, Microsoft.Diagnostics.Runtime.ICorDebug.SECURITY_ATTRIBUTES, Int32, UInt32, IntPtr, System.String, Microsoft.Diagnostics.Runtime.ICorDebug.STARTUPINFO, Microsoft.Diagnostics.Runtime.ICorDebug.PROCESS_INFORMATION, Microsoft.Diagnostics.Runtime.ICorDebug.CorDebugCreateProcessFlags, Microsoft.Diagnostics.Runtime.ICorDebug.ICorDebugProcess ByRef)'
  ILC: Method '[Microsoft.Diagnostics.Runtime]Microsoft.Diagnostics.Runtime.ICorDebug.CorDebugClass.DebugActiveProcess(uint32,int32,ICorDebugProcess&)' will always throw because: Invalid IL or CLR metadata in 'Void Microsoft.Diagnostics.Runtime.ICorDebug.CorDebugClass.DebugActiveProcess(UInt32, Int32, Microsoft.Diagnostics.Runtime.ICorDebug.ICorDebugProcess ByRef)'
  ILC: Method '[Microsoft.Diagnostics.Runtime]Microsoft.Diagnostics.Runtime.ICorDebug.CorDebugClass.EnumerateProcesses(ICorDebugProcessEnum&)' will always throw because: Invalid IL or CLR metadata in 'Void Microsoft.Diagnostics.Runtime.ICorDebug.CorDebugClass.EnumerateProcesses(Microsoft.Diagnostics.Runtime.ICorDebug.ICorDebugProcessEnum ByRef)'
  ILC: Method '[Microsoft.Diagnostics.Runtime]Microsoft.Diagnostics.Runtime.ICorDebug.CorDebugClass.GetProcess(uint32,ICorDebugProcess&)' will always throw because: Invalid IL or CLR metadata in 'Void Microsoft.Diagnostics.Runtime.ICorDebug.CorDebugClass.GetProcess(UInt32, Microsoft.Diagnostics.Runtime.ICorDebug.ICorDebugProcess ByRef)'
  ILC: Method '[Microsoft.Diagnostics.Runtime]Microsoft.Diagnostics.Runtime.ICorDebug.CorDebugClass.Initialize()' will always throw because: Invalid IL or CLR metadata in 'Void Microsoft.Diagnostics.Runtime.ICorDebug.CorDebugClass.Initialize()'
  ILC: Method '[Microsoft.Diagnostics.Runtime]Microsoft.Diagnostics.Runtime.ICorDebug.CorDebugClass.SetManagedHandler(ICorDebugManagedCallback)' will always throw because: Invalid IL or CLR metadata in 'Void Microsoft.Diagnostics.Runtime.ICorDebug.CorDebugClass.SetManagedHandler(Microsoft.Diagnostics.Runtime.ICorDebug.ICorDebugManagedCallback)'
  ILC: Method '[Microsoft.Diagnostics.Runtime]Microsoft.Diagnostics.Runtime.ICorDebug.CorDebugClass.SetUnmanagedHandler(ICorDebugUnmanagedCallback)' will always throw because: Invalid IL or CLR metadata in 'Void Microsoft.Diagnostics.Runtime.ICorDebug.CorDebugClass.SetUnmanagedHandler(Microsoft.Diagnostics.Runtime.ICorDebug.ICorDebugUnmanagedCallback)'
  ILC: Method '[Microsoft.Diagnostics.Runtime]Microsoft.Diagnostics.Runtime.ICorDebug.CorDebugClass.Terminate()' will always throw because: Invalid IL or CLR metadata in 'Void Microsoft.Diagnostics.Runtime.ICorDebug.CorDebugClass.Terminate()'
  ILC: Method '[Microsoft.Diagnostics.Runtime]Microsoft.Diagnostics.Runtime.ICorDebug.CorDebugClass..ctor()' will always throw because: Invalid IL or CLR metadata in 'Void Microsoft.Diagnostics.Runtime.ICorDebug.CorDebugClass..ctor()'
  ILC: Method '[Microsoft.Diagnostics.Runtime]Microsoft.Diagnostics.Runtime.ICorDebug.CorDebugManagerClass.CanLaunchOrAttach(uint32,int32)' will always throw because: Invalid IL or CLR metadata in 'Void Microsoft.Diagnostics.Runtime.ICorDebug.CorDebugManagerClass.CanLaunchOrAttach(UInt32, Int32)'
  ILC: Method '[Microsoft.Diagnostics.Runtime]Microsoft.Diagnostics.Runtime.ICorDebug.CorDebugManagerClass.CreateProcess(string,string,SECURITY_ATTRIBUTES,SECURITY_ATTRIBUTES,int32,uint32,native int,string,STARTUPINFO,PROCESS_INFORMATION,CorDebugCreateProcessFlags,ICorDebugProcess&)' will always throw because: Invalid IL or CLR metadata in 'Void Microsoft.Diagnostics.Runtime.ICorDebug.CorDebugManagerClass.CreateProcess(System.String, System.String, Microsoft.Diagnostics.Runtime.ICorDebug.SECURITY_ATTRIBUTES, Microsoft.Diagnostics.Runtime.ICorDebug.SECURITY_ATTRIBUTES, Int32, UInt32, IntPtr, System.String, Microsoft.Diagnostics.Runtime.ICorDebug.STARTUPINFO, Microsoft.Diagnostics.Runtime.ICorDebug.PROCESS_INFORMATION, Microsoft.Diagnostics.Runtime.ICorDebug.CorDebugCreateProcessFlags, Microsoft.Diagnostics.Runtime.ICorDebug.ICorDebugProcess ByRef)'
  ILC: Method '[Microsoft.Diagnostics.Runtime]Microsoft.Diagnostics.Runtime.ICorDebug.CorDebugManagerClass.DebugActiveProcess(uint32,int32,ICorDebugProcess&)' will always throw because: Invalid IL or CLR metadata in 'Void Microsoft.Diagnostics.Runtime.ICorDebug.CorDebugManagerClass.DebugActiveProcess(UInt32, Int32, Microsoft.Diagnostics.Runtime.ICorDebug.ICorDebugProcess ByRef)'
  ILC: Method '[Microsoft.Diagnostics.Runtime]Microsoft.Diagnostics.Runtime.ICorDebug.CorDebugManagerClass.EnumerateProcesses(ICorDebugProcessEnum&)' will always throw because: Invalid IL or CLR metadata in 'Void Microsoft.Diagnostics.Runtime.ICorDebug.CorDebugManagerClass.EnumerateProcesses(Microsoft.Diagnostics.Runtime.ICorDebug.ICorDebugProcessEnum ByRef)'
  ILC: Method '[Microsoft.Diagnostics.Runtime]Microsoft.Diagnostics.Runtime.ICorDebug.CorDebugManagerClass.GetProcess(uint32,ICorDebugProcess&)' will always throw because: Invalid IL or CLR metadata in 'Void Microsoft.Diagnostics.Runtime.ICorDebug.CorDebugManagerClass.GetProcess(UInt32, Microsoft.Diagnostics.Runtime.ICorDebug.ICorDebugProcess ByRef)'
  ILC: Method '[Microsoft.Diagnostics.Runtime]Microsoft.Diagnostics.Runtime.ICorDebug.CorDebugManagerClass.Initialize()' will always throw because: Invalid IL or CLR metadata in 'Void Microsoft.Diagnostics.Runtime.ICorDebug.CorDebugManagerClass.Initialize()'
  ILC: Method '[Microsoft.Diagnostics.Runtime]Microsoft.Diagnostics.Runtime.ICorDebug.CorDebugManagerClass.SetManagedHandler(ICorDebugManagedCallback)' will always throw because: Invalid IL or CLR metadata in 'Void Microsoft.Diagnostics.Runtime.ICorDebug.CorDebugManagerClass.SetManagedHandler(Microsoft.Diagnostics.Runtime.ICorDebug.ICorDebugManagedCallback)'
  ILC: Method '[Microsoft.Diagnostics.Runtime]Microsoft.Diagnostics.Runtime.ICorDebug.CorDebugManagerClass.SetUnmanagedHandler(ICorDebugUnmanagedCallback)' will always throw because: Invalid IL or CLR metadata in 'Void Microsoft.Diagnostics.Runtime.ICorDebug.CorDebugManagerClass.SetUnmanagedHandler(Microsoft.Diagnostics.Runtime.ICorDebug.ICorDebugUnmanagedCallback)'
  ILC: Method '[Microsoft.Diagnostics.Runtime]Microsoft.Diagnostics.Runtime.ICorDebug.CorDebugManagerClass.Terminate()' will always throw because: Invalid IL or CLR metadata in 'Void Microsoft.Diagnostics.Runtime.ICorDebug.CorDebugManagerClass.Terminate()'
  ILC: Method '[Microsoft.Diagnostics.Runtime]Microsoft.Diagnostics.Runtime.ICorDebug.CorDebugManagerClass..ctor()' will always throw because: Invalid IL or CLR metadata in 'Void Microsoft.Diagnostics.Runtime.ICorDebug.CorDebugManagerClass..ctor()'
  ILC: Method '[Microsoft.Diagnostics.Runtime]Microsoft.Diagnostics.Runtime.ICorDebug.EmbeddedCLRCorDebugClass.CanLaunchOrAttach(uint32,int32)' will always throw because: Invalid IL or CLR metadata in 'Void Microsoft.Diagnostics.Runtime.ICorDebug.EmbeddedCLRCorDebugClass.CanLaunchOrAttach(UInt32, Int32)'
  ILC: Method '[Microsoft.Diagnostics.Runtime]Microsoft.Diagnostics.Runtime.ICorDebug.EmbeddedCLRCorDebugClass.CreateProcess(string,string,SECURITY_ATTRIBUTES,SECURITY_ATTRIBUTES,int32,uint32,native int,string,STARTUPINFO,PROCESS_INFORMATION,CorDebugCreateProcessFlags,ICorDebugProcess&)' will always throw because: Invalid IL or CLR metadata in 'Void Microsoft.Diagnostics.Runtime.ICorDebug.EmbeddedCLRCorDebugClass.CreateProcess(System.String, System.String, Microsoft.Diagnostics.Runtime.ICorDebug.SECURITY_ATTRIBUTES, Microsoft.Diagnostics.Runtime.ICorDebug.SECURITY_ATTRIBUTES, Int32, UInt32, IntPtr, System.String, Microsoft.Diagnostics.Runtime.ICorDebug.STARTUPINFO, Microsoft.Diagnostics.Runtime.ICorDebug.PROCESS_INFORMATION, Microsoft.Diagnostics.Runtime.ICorDebug.CorDebugCreateProcessFlags, Microsoft.Diagnostics.Runtime.ICorDebug.ICorDebugProcess ByRef)'
  ILC: Method '[Microsoft.Diagnostics.Runtime]Microsoft.Diagnostics.Runtime.ICorDebug.EmbeddedCLRCorDebugClass.DebugActiveProcess(uint32,int32,ICorDebugProcess&)' will always throw because: Invalid IL or CLR metadata in 'Void Microsoft.Diagnostics.Runtime.ICorDebug.EmbeddedCLRCorDebugClass.DebugActiveProcess(UInt32, Int32, Microsoft.Diagnostics.Runtime.ICorDebug.ICorDebugProcess ByRef)'
  ILC: Method '[Microsoft.Diagnostics.Runtime]Microsoft.Diagnostics.Runtime.ICorDebug.EmbeddedCLRCorDebugClass.EnumerateProcesses(ICorDebugProcessEnum&)' will always throw because: Invalid IL or CLR metadata in 'Void Microsoft.Diagnostics.Runtime.ICorDebug.EmbeddedCLRCorDebugClass.EnumerateProcesses(Microsoft.Diagnostics.Runtime.ICorDebug.ICorDebugProcessEnum ByRef)'
  ILC: Method '[Microsoft.Diagnostics.Runtime]Microsoft.Diagnostics.Runtime.ICorDebug.EmbeddedCLRCorDebugClass.GetProcess(uint32,ICorDebugProcess&)' will always throw because: Invalid IL or CLR metadata in 'Void Microsoft.Diagnostics.Runtime.ICorDebug.EmbeddedCLRCorDebugClass.GetProcess(UInt32, Microsoft.Diagnostics.Runtime.ICorDebug.ICorDebugProcess ByRef)'
  ILC: Method '[Microsoft.Diagnostics.Runtime]Microsoft.Diagnostics.Runtime.ICorDebug.EmbeddedCLRCorDebugClass.Initialize()' will always throw because: Invalid IL or CLR metadata in 'Void Microsoft.Diagnostics.Runtime.ICorDebug.EmbeddedCLRCorDebugClass.Initialize()'
  ILC: Method '[Microsoft.Diagnostics.Runtime]Microsoft.Diagnostics.Runtime.ICorDebug.EmbeddedCLRCorDebugClass.SetManagedHandler(ICorDebugManagedCallback)' will always throw because: Invalid IL or CLR metadata in 'Void Microsoft.Diagnostics.Runtime.ICorDebug.EmbeddedCLRCorDebugClass.SetManagedHandler(Microsoft.Diagnostics.Runtime.ICorDebug.ICorDebugManagedCallback)'
  ILC: Method '[Microsoft.Diagnostics.Runtime]Microsoft.Diagnostics.Runtime.ICorDebug.EmbeddedCLRCorDebugClass.SetUnmanagedHandler(ICorDebugUnmanagedCallback)' will always throw because: Invalid IL or CLR metadata in 'Void Microsoft.Diagnostics.Runtime.ICorDebug.EmbeddedCLRCorDebugClass.SetUnmanagedHandler(Microsoft.Diagnostics.Runtime.ICorDebug.ICorDebugUnmanagedCallback)'
  ILC: Method '[Microsoft.Diagnostics.Runtime]Microsoft.Diagnostics.Runtime.ICorDebug.EmbeddedCLRCorDebugClass.Terminate()' will always throw because: Invalid IL or CLR metadata in 'Void Microsoft.Diagnostics.Runtime.ICorDebug.EmbeddedCLRCorDebugClass.Terminate()'
  ILC: Method '[Microsoft.Diagnostics.Runtime]Microsoft.Diagnostics.Runtime.ICorDebug.EmbeddedCLRCorDebugClass..ctor()' will always throw because: Invalid IL or CLR metadata in 'Void Microsoft.Diagnostics.Runtime.ICorDebug.EmbeddedCLRCorDebugClass..ctor()'
     Creating library D:\work\Core\CurrentWork2\runtime\artifacts\bin\System.Runtime.Loader.Tests\Release\net7.0\native\System.Runtime.Loader.Tests.lib and object D:\work\Core\CurrentWork2\runtime\artifacts\bin\System.Runtime.Loader.Tests\Release\net7.0\native\System.Runtime.Loader.Tests.exp
  System.Runtime.Loader.Tests -> D:\work\Core\CurrentWork2\runtime\artifacts\bin\System.Runtime.Loader.Tests\Release\net7.0\publish\
  ----- start Sun 05/29/2022 11:15:17.70 ===============  To repro directly: ===================================================== 
  pushd D:\work\Core\CurrentWork2\runtime\artifacts\bin\System.Runtime.Loader.Tests\Release\net7.0\publish\
  System.Runtime.Loader.Tests.exe -notrait category=OuterLoop -notrait category=failing 
  popd
  ===========================================================================================================
  Running assembly:System.Runtime.Loader.Tests, Version=7.0.0.0, Culture=neutral, PublicKeyToken=cc7b13ffcd2ddd51
  [FAIL] System.Runtime.Loader.Tests.AssemblyLoadContextTest.Unload_CollectibleWithOneAssemblyLoadedWithStrongReferenceToType
  System.IO.FileNotFoundException : Cannot load assembly 'System.Runtime.Loader.Test.Assembly'. No metadata found for this assembly.
     at System.Reflection.Runtime.General.ReflectionCoreCallbacksImplementation.Load(AssemblyName, Boolean) + 0x7d
     at System.Runtime.Loader.Tests.AssemblyLoadContextTest.TestBase.CreateContextAndLoadAssembly(Int32) + 0xad
     at System.Runtime.Loader.Tests.AssemblyLoadContextTest.Unload_CollectibleWithOneAssemblyLoadedWithStrongReferenceToType() + 0x2b
     at System.Runtime.Loader.Tests!<BaseAddress>+0xaa3dde
     at System.InvokeUtils.CallDynamicInvokeMethod(Object, IntPtr, IntPtr, IntPtr, Object, Object[], BinderBundle, Boolean, Boolean) + 0x158
  [FAIL] System.Runtime.Loader.Tests.ContextualReflectionTest.AssemblyGetTypeStringSharedAssemblyDefault
  System.AggregateException : One or more errors occurred. (Path "" is not an absolute path. (Parameter 'assemblyPath')) (The following constructor parameters did not have matching fixture data: ContextualReflectionTestFixture fixture)
  ---- System.ArgumentException : Path "" is not an absolute path. (Parameter 'assemblyPath')
  ---- The following constructor parameters did not have matching fixture data: ContextualReflectionTestFixture fixture
  
  ----- Inner Stack Trace #1 (System.ArgumentException) -----
     at System.Runtime.Loader.AssemblyLoadContext.LoadFromAssemblyPath(String) + 0xdc
     at System.Runtime.Loader.Tests.ContextualReflectionTestFixture..ctor() + 0x120
     at System.Runtime.Loader.Tests!<BaseAddress>+0xaa3dc8
     at System.InvokeUtils.CallDynamicInvokeMethod(Object, IntPtr, IntPtr, IntPtr, Object, Object[], BinderBundle, Boolean, Boolean) + 0x158
  ----- Inner Stack Trace #2 (Xunit.Sdk.TestClassException) -----
  
  [FAIL] LoaderLinkTest.LoaderLinkTest.EnsureTypesLinked
  System.IO.FileNotFoundException : Could not find file 'D:\LoaderLinkTest.Dynamic.dll'.
     at Microsoft.Win32.SafeHandles.SafeFileHandle.CreateFile(String, FileMode, FileAccess, FileShare, FileOptions) + 0x147
     at Microsoft.Win32.SafeHandles.SafeFileHandle.Open(String, FileMode, FileAccess, FileShare, FileOptions, Int64) + 0x44
     at System.IO.File.ReadAllBytes(String) + 0x38
     at LoaderLinkTest.LoaderLinkTest.EnsureTypesLinked() + 0x69
     at System.Runtime.Loader.Tests!<BaseAddress>+0xaa3dde
     at System.InvokeUtils.CallDynamicInvokeMethod(Object, IntPtr, IntPtr, IntPtr, Object, Object[], BinderBundle, Boolean, Boolean) + 0x158
  [FAIL] System.Runtime.Loader.Tests.SatelliteAssembliesTests.SatelliteLoadsCorrectly_FromName(alc: "LoadFile", assemblyName: "ReferencedClassLibNeutralIsSatellite", culture: "en")
  System.AggregateException : One or more errors occurred. (Path "" is not an absolute path. (Parameter 'assemblyPath')) (The following constructor parameters did not have matching fixture data: SatelliteAssembliesTestsFixture fixture)
  ---- System.ArgumentException : Path "" is not an absolute path. (Parameter 'assemblyPath')
  ---- The following constructor parameters did not have matching fixture data: SatelliteAssembliesTestsFixture fixture
  
  ----- Inner Stack Trace #1 (System.ArgumentException) -----
     at System.Runtime.Loader.AssemblyLoadContext.LoadFromAssemblyPath(String) + 0xdc
     at System.Runtime.Loader.Tests.SatelliteAssembliesTestsFixture..ctor() + 0x8d
     at System.Runtime.Loader.Tests!<BaseAddress>+0xaa3dc8
     at System.InvokeUtils.CallDynamicInvokeMethod(Object, IntPtr, IntPtr, IntPtr, Object, Object[], BinderBundle, Boolean, Boolean) + 0x158
  ----- Inner Stack Trace #2 (Xunit.Sdk.TestClassException) -----
  
  [FAIL] System.Runtime.Loader.Tests.ContextualReflectionTest.InstanceEnterContextualReflectionRaw
  System.AggregateException : One or more errors occurred. (Path "" is not an absolute path. (Parameter 'assemblyPath')) (The following constructor parameters did not have matching fixture data: ContextualReflectionTestFixture fixture)
  ---- System.ArgumentException : Path "" is not an absolute path. (Parameter 'assemblyPath')
  ---- The following constructor parameters did not have matching fixture data: ContextualReflectionTestFixture fixture
  
  ----- Inner Stack Trace #1 (System.ArgumentException) -----
     at System.Runtime.Loader.AssemblyLoadContext.LoadFromAssemblyPath(String) + 0xdc
     at System.Runtime.Loader.Tests.ContextualReflectionTestFixture..ctor() + 0x120
     at System.Runtime.Loader.Tests!<BaseAddress>+0xaa3dc8
     at System.InvokeUtils.CallDynamicInvokeMethod(Object, IntPtr, IntPtr, IntPtr, Object, Object[], BinderBundle, Boolean, Boolean) + 0x158
  ----- Inner Stack Trace #2 (Xunit.Sdk.TestClassException) -----
  
  [FAIL] System.Runtime.Loader.Tests.SatelliteAssembliesTests.SatelliteLoadsCorrectly_FromName(alc: "ReferencedClassLibNeutralIsSatellite", assemblyName: "System.Runtime.Loader.Tests", culture: "es-MX")
  System.AggregateException : One or more errors occurred. (Path "" is not an absolute path. (Parameter 'assemblyPath')) (The following constructor parameters did not have matching fixture data: SatelliteAssembliesTestsFixture fixture)
  ---- System.ArgumentException : Path "" is not an absolute path. (Parameter 'assemblyPath')
  ---- The following constructor parameters did not have matching fixture data: SatelliteAssembliesTestsFixture fixture
  
  ----- Inner Stack Trace #1 (System.ArgumentException) -----
     at System.Runtime.Loader.AssemblyLoadContext.LoadFromAssemblyPath(String) + 0xdc
     at System.Runtime.Loader.Tests.SatelliteAssembliesTestsFixture..ctor() + 0x8d
     at System.Runtime.Loader.Tests!<BaseAddress>+0xaa3dc8
     at System.InvokeUtils.CallDynamicInvokeMethod(Object, IntPtr, IntPtr, IntPtr, Object, Object[], BinderBundle, Boolean, Boolean) + 0x158
  ----- Inner Stack Trace #2 (Xunit.Sdk.TestClassException) -----
  
  [FAIL] System.Runtime.Loader.Tests.ContextualReflectionTest.StaticEnterContextualReflectionRaw
  System.AggregateException : One or more errors occurred. (Path "" is not an absolute path. (Parameter 'assemblyPath')) (The following constructor parameters did not have matching fixture data: ContextualReflectionTestFixture fixture)
  ---- System.ArgumentException : Path "" is not an absolute path. (Parameter 'assemblyPath')
  ---- The following constructor parameters did not have matching fixture data: ContextualReflectionTestFixture fixture
  
  ----- Inner Stack Trace #1 (System.ArgumentException) -----
     at System.Runtime.Loader.AssemblyLoadContext.LoadFromAssemblyPath(String) + 0xdc
     at System.Runtime.Loader.Tests.ContextualReflectionTestFixture..ctor() + 0x120
     at System.Runtime.Loader.Tests!<BaseAddress>+0xaa3dc8
     at System.InvokeUtils.CallDynamicInvokeMethod(Object, IntPtr, IntPtr, IntPtr, Object, Object[], BinderBundle, Boolean, Boolean) + 0x158
  ----- Inner Stack Trace #2 (Xunit.Sdk.TestClassException) -----
  
  [SKIP] System.Runtime.Loader.Tests.ContextualReflectionTest.CurrentContextualReflectionContextInitialValueNull
  [FAIL] System.Runtime.Loader.Tests.SatelliteAssembliesTests.SatelliteLoadsCorrectly_FromName(alc: "SatelliteAssembliesTests", assemblyName: "System.Runtime.Loader.Tests", culture: "en")
  System.AggregateException : One or more errors occurred. (Path "" is not an absolute path. (Parameter 'assemblyPath')) (The following constructor parameters did not have matching fixture data: SatelliteAssembliesTestsFixture fixture)
  ---- System.ArgumentException : Path "" is not an absolute path. (Parameter 'assemblyPath')
  ---- The following constructor parameters did not have matching fixture data: SatelliteAssembliesTestsFixture fixture
  
  ----- Inner Stack Trace #1 (System.ArgumentException) -----
     at System.Runtime.Loader.AssemblyLoadContext.LoadFromAssemblyPath(String) + 0xdc
     at System.Runtime.Loader.Tests.SatelliteAssembliesTestsFixture..ctor() + 0x8d
     at System.Runtime.Loader.Tests!<BaseAddress>+0xaa3dc8
     at System.InvokeUtils.CallDynamicInvokeMethod(Object, IntPtr, IntPtr, IntPtr, Object, Object[], BinderBundle, Boolean, Boolean) + 0x158
  ----- Inner Stack Trace #2 (Xunit.Sdk.TestClassException) -----
  
  [FAIL] System.Runtime.Loader.Tests.SatelliteAssembliesTests.SatelliteLoadsCorrectly_FromName(alc: "Default", assemblyName: "ReferencedClassLibNeutralIsSatellite", culture: "en")
  System.AggregateException : One or more errors occurred. (Path "" is not an absolute path. (Parameter 'assemblyPath')) (The following constructor parameters did not have matching fixture data: SatelliteAssembliesTestsFixture fixture)
  ---- System.ArgumentException : Path "" is not an absolute path. (Parameter 'assemblyPath')
  ---- The following constructor parameters did not have matching fixture data: SatelliteAssembliesTestsFixture fixture
  
  ----- Inner Stack Trace #1 (System.ArgumentException) -----
     at System.Runtime.Loader.AssemblyLoadContext.LoadFromAssemblyPath(String) + 0xdc
     at System.Runtime.Loader.Tests.SatelliteAssembliesTestsFixture..ctor() + 0x8d
     at System.Runtime.Loader.Tests!<BaseAddress>+0xaa3dc8
     at System.InvokeUtils.CallDynamicInvokeMethod(Object, IntPtr, IntPtr, IntPtr, Object, Object[], BinderBundle, Boolean, Boolean) + 0x158
  ----- Inner Stack Trace #2 (Xunit.Sdk.TestClassException) -----
  
  [FAIL] System.Runtime.Loader.Tests.ContextualReflectionTest.AssemblyLoadStringMultiLoadedAssemblyDefault
  System.AggregateException : One or more errors occurred. (Path "" is not an absolute path. (Parameter 'assemblyPath')) (The following constructor parameters did not have matching fixture data: ContextualReflectionTestFixture fixture)
  ---- System.ArgumentException : Path "" is not an absolute path. (Parameter 'assemblyPath')
  ---- The following constructor parameters did not have matching fixture data: ContextualReflectionTestFixture fixture
  
  ----- Inner Stack Trace #1 (System.ArgumentException) -----
     at System.Runtime.Loader.AssemblyLoadContext.LoadFromAssemblyPath(String) + 0xdc
     at System.Runtime.Loader.Tests.ContextualReflectionTestFixture..ctor() + 0x120
     at System.Runtime.Loader.Tests!<BaseAddress>+0xaa3dc8
     at System.InvokeUtils.CallDynamicInvokeMethod(Object, IntPtr, IntPtr, IntPtr, Object, Object[], BinderBundle, Boolean, Boolean) + 0x158
  ----- Inner Stack Trace #2 (Xunit.Sdk.TestClassException) -----
  
  [FAIL] System.Runtime.Loader.Tests.SatelliteAssembliesTests.SatelliteLoadsCorrectly_FromName(alc: "LoadFile", assemblyName: "System.Runtime.Loader.Tests", culture: "es-MX")
  System.AggregateException : One or more errors occurred. (Path "" is not an absolute path. (Parameter 'assemblyPath')) (The following constructor parameters did not have matching fixture data: SatelliteAssembliesTestsFixture fixture)
  ---- System.ArgumentException : Path "" is not an absolute path. (Parameter 'assemblyPath')
  ---- The following constructor parameters did not have matching fixture data: SatelliteAssembliesTestsFixture fixture
  
  ----- Inner Stack Trace #1 (System.ArgumentException) -----
     at System.Runtime.Loader.AssemblyLoadContext.LoadFromAssemblyPath(String) + 0xdc
     at System.Runtime.Loader.Tests.SatelliteAssembliesTestsFixture..ctor() + 0x8d
     at System.Runtime.Loader.Tests!<BaseAddress>+0xaa3dc8
     at System.InvokeUtils.CallDynamicInvokeMethod(Object, IntPtr, IntPtr, IntPtr, Object, Object[], BinderBundle, Boolean, Boolean) + 0x158
  ----- Inner Stack Trace #2 (Xunit.Sdk.TestClassException) -----
  
  [FAIL] System.Runtime.Loader.Tests.ContextualReflectionTest.AssemblyLoadStringMultiLoadedAssemblyIsolated
  System.AggregateException : One or more errors occurred. (Path "" is not an absolute path. (Parameter 'assemblyPath')) (The following constructor parameters did not have matching fixture data: ContextualReflectionTestFixture fixture)
  ---- System.ArgumentException : Path "" is not an absolute path. (Parameter 'assemblyPath')
  ---- The following constructor parameters did not have matching fixture data: ContextualReflectionTestFixture fixture
  
  ----- Inner Stack Trace #1 (System.ArgumentException) -----
     at System.Runtime.Loader.AssemblyLoadContext.LoadFromAssemblyPath(String) + 0xdc
     at System.Runtime.Loader.Tests.ContextualReflectionTestFixture..ctor() + 0x120
     at System.Runtime.Loader.Tests!<BaseAddress>+0xaa3dc8
     at System.InvokeUtils.CallDynamicInvokeMethod(Object, IntPtr, IntPtr, IntPtr, Object, Object[], BinderBundle, Boolean, Boolean) + 0x158
  ----- Inner Stack Trace #2 (Xunit.Sdk.TestClassException) -----
  
  [FAIL] System.Runtime.Loader.Tests.SatelliteAssembliesTests.SatelliteLoadsCorrectly_FromName(alc: "Empty", assemblyName: "ReferencedClassLib", culture: "en")
  System.AggregateException : One or more errors occurred. (Path "" is not an absolute path. (Parameter 'assemblyPath')) (The following constructor parameters did not have matching fixture data: SatelliteAssembliesTestsFixture fixture)
  ---- System.ArgumentException : Path "" is not an absolute path. (Parameter 'assemblyPath')
  ---- The following constructor parameters did not have matching fixture data: SatelliteAssembliesTestsFixture fixture
  
  ----- Inner Stack Trace #1 (System.ArgumentException) -----
     at System.Runtime.Loader.AssemblyLoadContext.LoadFromAssemblyPath(String) + 0xdc
     at System.Runtime.Loader.Tests.SatelliteAssembliesTestsFixture..ctor() + 0x8d
     at System.Runtime.Loader.Tests!<BaseAddress>+0xaa3dc8
     at System.InvokeUtils.CallDynamicInvokeMethod(Object, IntPtr, IntPtr, IntPtr, Object, Object[], BinderBundle, Boolean, Boolean) + 0x158
  ----- Inner Stack Trace #2 (Xunit.Sdk.TestClassException) -----
  
  [FAIL] System.Runtime.Loader.Tests.ContextualReflectionTest.AssemblyLoadStringSharedAssemblyDefault
  System.AggregateException : One or more errors occurred. (Path "" is not an absolute path. (Parameter 'assemblyPath')) (The following constructor parameters did not have matching fixture data: ContextualReflectionTestFixture fixture)
  ---- System.ArgumentException : Path "" is not an absolute path. (Parameter 'assemblyPath')
  ---- The following constructor parameters did not have matching fixture data: ContextualReflectionTestFixture fixture
  
  ----- Inner Stack Trace #1 (System.ArgumentException) -----
     at System.Runtime.Loader.AssemblyLoadContext.LoadFromAssemblyPath(String) + 0xdc
     at System.Runtime.Loader.Tests.ContextualReflectionTestFixture..ctor() + 0x120
     at System.Runtime.Loader.Tests!<BaseAddress>+0xaa3dc8
     at System.InvokeUtils.CallDynamicInvokeMethod(Object, IntPtr, IntPtr, IntPtr, Object, Object[], BinderBundle, Boolean, Boolean) + 0x158
  ----- Inner Stack Trace #2 (Xunit.Sdk.TestClassException) -----
  
  [FAIL] System.Runtime.Loader.Tests.SatelliteAssembliesTests.SatelliteLoadsCorrectly_FromName(alc: "SatelliteAssembliesTests", assemblyName: "System.Runtime.Loader.Tests", culture: "es-MX")
  System.AggregateException : One or more errors occurred. (Path "" is not an absolute path. (Parameter 'assemblyPath')) (The following constructor parameters did not have matching fixture data: SatelliteAssembliesTestsFixture fixture)
  ---- System.ArgumentException : Path "" is not an absolute path. (Parameter 'assemblyPath')
  ---- The following constructor parameters did not have matching fixture data: SatelliteAssembliesTestsFixture fixture
  
  ----- Inner Stack Trace #1 (System.ArgumentException) -----
     at System.Runtime.Loader.AssemblyLoadContext.LoadFromAssemblyPath(String) + 0xdc
     at System.Runtime.Loader.Tests.SatelliteAssembliesTestsFixture..ctor() + 0x8d
     at System.Runtime.Loader.Tests!<BaseAddress>+0xaa3dc8
     at System.InvokeUtils.CallDynamicInvokeMethod(Object, IntPtr, IntPtr, IntPtr, Object, Object[], BinderBundle, Boolean, Boolean) + 0x158
  ----- Inner Stack Trace #2 (Xunit.Sdk.TestClassException) -----
  
  [FAIL] System.Runtime.Loader.Tests.ContextualReflectionTest.InstanceEnterContextualReflectionUsingEarlyDispose
  System.AggregateException : One or more errors occurred. (Path "" is not an absolute path. (Parameter 'assemblyPath')) (The following constructor parameters did not have matching fixture data: ContextualReflectionTestFixture fixture)
  ---- System.ArgumentException : Path "" is not an absolute path. (Parameter 'assemblyPath')
  ---- The following constructor parameters did not have matching fixture data: ContextualReflectionTestFixture fixture
  
  ----- Inner Stack Trace #1 (System.ArgumentException) -----
     at System.Runtime.Loader.AssemblyLoadContext.LoadFromAssemblyPath(String) + 0xdc
     at System.Runtime.Loader.Tests.ContextualReflectionTestFixture..ctor() + 0x120
     at System.Runtime.Loader.Tests!<BaseAddress>+0xaa3dc8
     at System.InvokeUtils.CallDynamicInvokeMethod(Object, IntPtr, IntPtr, IntPtr, Object, Object[], BinderBundle, Boolean, Boolean) + 0x158
  ----- Inner Stack Trace #2 (Xunit.Sdk.TestClassException) -----
  
  [FAIL] System.Runtime.Loader.Tests.SatelliteAssembliesTests.SatelliteLoadsCorrectly_FromName(alc: "Empty", assemblyName: "ReferencedClassLibNeutralIsSatellite", culture: "en")
  System.AggregateException : One or more errors occurred. (Path "" is not an absolute path. (Parameter 'assemblyPath')) (The following constructor parameters did not have matching fixture data: SatelliteAssembliesTestsFixture fixture)
  ---- System.ArgumentException : Path "" is not an absolute path. (Parameter 'assemblyPath')
  ---- The following constructor parameters did not have matching fixture data: SatelliteAssembliesTestsFixture fixture
  
  ----- Inner Stack Trace #1 (System.ArgumentException) -----
     at System.Runtime.Loader.AssemblyLoadContext.LoadFromAssemblyPath(String) + 0xdc
     at System.Runtime.Loader.Tests.SatelliteAssembliesTestsFixture..ctor() + 0x8d
     at System.Runtime.Loader.Tests!<BaseAddress>+0xaa3dc8
     at System.InvokeUtils.CallDynamicInvokeMethod(Object, IntPtr, IntPtr, IntPtr, Object, Object[], BinderBundle, Boolean, Boolean) + 0x158
  ----- Inner Stack Trace #2 (Xunit.Sdk.TestClassException) -----
  
  [FAIL] System.Runtime.Loader.Tests.ContextualReflectionTest.ActivatorCreateInstanceNameMultiLoadedAssemblyIsolated
  System.AggregateException : One or more errors occurred. (Path "" is not an absolute path. (Parameter 'assemblyPath')) (The following constructor parameters did not have matching fixture data: ContextualReflectionTestFixture fixture)
  ---- System.ArgumentException : Path "" is not an absolute path. (Parameter 'assemblyPath')
  ---- The following constructor parameters did not have matching fixture data: ContextualReflectionTestFixture fixture
  
  ----- Inner Stack Trace #1 (System.ArgumentException) -----
     at System.Runtime.Loader.AssemblyLoadContext.LoadFromAssemblyPath(String) + 0xdc
     at System.Runtime.Loader.Tests.ContextualReflectionTestFixture..ctor() + 0x120
     at System.Runtime.Loader.Tests!<BaseAddress>+0xaa3dc8
     at System.InvokeUtils.CallDynamicInvokeMethod(Object, IntPtr, IntPtr, IntPtr, Object, Object[], BinderBundle, Boolean, Boolean) + 0x158
  ----- Inner Stack Trace #2 (Xunit.Sdk.TestClassException) -----
  
  [FAIL] System.Runtime.Loader.Tests.SatelliteAssembliesTests.SatelliteLoadsCorrectly_FromName(alc: "ReferencedClassLib", assemblyName: "System.Runtime.Loader.Tests", culture: "en")
  System.AggregateException : One or more errors occurred. (Path "" is not an absolute path. (Parameter 'assemblyPath')) (The following constructor parameters did not have matching fixture data: SatelliteAssembliesTestsFixture fixture)
  ---- System.ArgumentException : Path "" is not an absolute path. (Parameter 'assemblyPath')
  ---- The following constructor parameters did not have matching fixture data: SatelliteAssembliesTestsFixture fixture
  
  ----- Inner Stack Trace #1 (System.ArgumentException) -----
     at System.Runtime.Loader.AssemblyLoadContext.LoadFromAssemblyPath(String) + 0xdc
     at System.Runtime.Loader.Tests.SatelliteAssembliesTestsFixture..ctor() + 0x8d
     at System.Runtime.Loader.Tests!<BaseAddress>+0xaa3dc8
     at System.InvokeUtils.CallDynamicInvokeMethod(Object, IntPtr, IntPtr, IntPtr, Object, Object[], BinderBundle, Boolean, Boolean) + 0x158
  ----- Inner Stack Trace #2 (Xunit.Sdk.TestClassException) -----
  
  [FAIL] System.Runtime.Loader.Tests.ContextualReflectionTest.EnterContextualReflectionUsingNestedImmutableDispose
  System.AggregateException : One or more errors occurred. (Path "" is not an absolute path. (Parameter 'assemblyPath')) (The following constructor parameters did not have matching fixture data: ContextualReflectionTestFixture fixture)
  ---- System.ArgumentException : Path "" is not an absolute path. (Parameter 'assemblyPath')
  ---- The following constructor parameters did not have matching fixture data: ContextualReflectionTestFixture fixture
  
  ----- Inner Stack Trace #1 (System.ArgumentException) -----
     at System.Runtime.Loader.AssemblyLoadContext.LoadFromAssemblyPath(String) + 0xdc
     at System.Runtime.Loader.Tests.ContextualReflectionTestFixture..ctor() + 0x120
     at System.Runtime.Loader.Tests!<BaseAddress>+0xaa3dc8
     at System.InvokeUtils.CallDynamicInvokeMethod(Object, IntPtr, IntPtr, IntPtr, Object, Object[], BinderBundle, Boolean, Boolean) + 0x158
  ----- Inner Stack Trace #2 (Xunit.Sdk.TestClassException) -----
  
  [FAIL] System.Runtime.Loader.Tests.SatelliteAssembliesTests.SatelliteLoadsCorrectly_FromName(alc: "Default", assemblyName: "System.Runtime.Loader.Tests", culture: "es-MX")
  System.AggregateException : One or more errors occurred. (Path "" is not an absolute path. (Parameter 'assemblyPath')) (The following constructor parameters did not have matching fixture data: SatelliteAssembliesTestsFixture fixture)
  ---- System.ArgumentException : Path "" is not an absolute path. (Parameter 'assemblyPath')
  ---- The following constructor parameters did not have matching fixture data: SatelliteAssembliesTestsFixture fixture
  
  ----- Inner Stack Trace #1 (System.ArgumentException) -----
     at System.Runtime.Loader.AssemblyLoadContext.LoadFromAssemblyPath(String) + 0xdc
     at System.Runtime.Loader.Tests.SatelliteAssembliesTestsFixture..ctor() + 0x8d
     at System.Runtime.Loader.Tests!<BaseAddress>+0xaa3dc8
     at System.InvokeUtils.CallDynamicInvokeMethod(Object, IntPtr, IntPtr, IntPtr, Object, Object[], BinderBundle, Boolean, Boolean) + 0x158
  ----- Inner Stack Trace #2 (Xunit.Sdk.TestClassException) -----
  
  [FAIL] System.Runtime.Loader.Tests.ContextualReflectionTest.TypeGetTypeStringMultiLoadedAssemblyIsolated
  System.AggregateException : One or more errors occurred. (Path "" is not an absolute path. (Parameter 'assemblyPath')) (The following constructor parameters did not have matching fixture data: ContextualReflectionTestFixture fixture)
  ---- System.ArgumentException : Path "" is not an absolute path. (Parameter 'assemblyPath')
  ---- The following constructor parameters did not have matching fixture data: ContextualReflectionTestFixture fixture
  
  ----- Inner Stack Trace #1 (System.ArgumentException) -----
     at System.Runtime.Loader.AssemblyLoadContext.LoadFromAssemblyPath(String) + 0xdc
     at System.Runtime.Loader.Tests.ContextualReflectionTestFixture..ctor() + 0x120
     at System.Runtime.Loader.Tests!<BaseAddress>+0xaa3dc8
     at System.InvokeUtils.CallDynamicInvokeMethod(Object, IntPtr, IntPtr, IntPtr, Object, Object[], BinderBundle, Boolean, Boolean) + 0x158
  ----- Inner Stack Trace #2 (Xunit.Sdk.TestClassException) -----
  
  [FAIL] System.Runtime.Loader.Tests.SatelliteAssembliesTests.SatelliteLoadsCorrectly_FromName(alc: "ReferencedClassLibNeutralIsSatellite", assemblyName: "ReferencedClassLibNeutralIsSatellite", culture: "es")
  System.AggregateException : One or more errors occurred. (Path "" is not an absolute path. (Parameter 'assemblyPath')) (The following constructor parameters did not have matching fixture data: SatelliteAssembliesTestsFixture fixture)
  ---- System.ArgumentException : Path "" is not an absolute path. (Parameter 'assemblyPath')
  ---- The following constructor parameters did not have matching fixture data: SatelliteAssembliesTestsFixture fixture
  
  ----- Inner Stack Trace #1 (System.ArgumentException) -----
     at System.Runtime.Loader.AssemblyLoadContext.LoadFromAssemblyPath(String) + 0xdc
     at System.Runtime.Loader.Tests.SatelliteAssembliesTestsFixture..ctor() + 0x8d
     at System.Runtime.Loader.Tests!<BaseAddress>+0xaa3dc8
     at System.InvokeUtils.CallDynamicInvokeMethod(Object, IntPtr, IntPtr, IntPtr, Object, Object[], BinderBundle, Boolean, Boolean) + 0x158
  ----- Inner Stack Trace #2 (Xunit.Sdk.TestClassException) -----
  
  [FAIL] System.Runtime.Loader.Tests.ContextualReflectionTest.InstanceEnterContextualReflectionRawDispose
  System.AggregateException : One or more errors occurred. (Path "" is not an absolute path. (Parameter 'assemblyPath')) (The following constructor parameters did not have matching fixture data: ContextualReflectionTestFixture fixture)
  ---- System.ArgumentException : Path "" is not an absolute path. (Parameter 'assemblyPath')
  ---- The following constructor parameters did not have matching fixture data: ContextualReflectionTestFixture fixture
  
  ----- Inner Stack Trace #1 (System.ArgumentException) -----
     at System.Runtime.Loader.AssemblyLoadContext.LoadFromAssemblyPath(String) + 0xdc
     at System.Runtime.Loader.Tests.ContextualReflectionTestFixture..ctor() + 0x120
     at System.Runtime.Loader.Tests!<BaseAddress>+0xaa3dc8
     at System.InvokeUtils.CallDynamicInvokeMethod(Object, IntPtr, IntPtr, IntPtr, Object, Object[], BinderBundle, Boolean, Boolean) + 0x158
  ----- Inner Stack Trace #2 (Xunit.Sdk.TestClassException) -----
  
  [FAIL] System.Runtime.Loader.Tests.SatelliteAssembliesTests.SatelliteLoadsCorrectly_FromName(alc: "Default", assemblyName: "ReferencedClassLibNeutralIsSatellite", culture: "es")
  System.AggregateException : One or more errors occurred. (Path "" is not an absolute path. (Parameter 'assemblyPath')) (The following constructor parameters did not have matching fixture data: SatelliteAssembliesTestsFixture fixture)
  ---- System.ArgumentException : Path "" is not an absolute path. (Parameter 'assemblyPath')
  ---- The following constructor parameters did not have matching fixture data: SatelliteAssembliesTestsFixture fixture
  
  ----- Inner Stack Trace #1 (System.ArgumentException) -----
     at System.Runtime.Loader.AssemblyLoadContext.LoadFromAssemblyPath(String) + 0xdc
     at System.Runtime.Loader.Tests.SatelliteAssembliesTestsFixture..ctor() + 0x8d
     at System.Runtime.Loader.Tests!<BaseAddress>+0xaa3dc8
     at System.InvokeUtils.CallDynamicInvokeMethod(Object, IntPtr, IntPtr, IntPtr, Object, Object[], BinderBundle, Boolean, Boolean) + 0x158
  ----- Inner Stack Trace #2 (Xunit.Sdk.TestClassException) -----
  
  [FAIL] System.Runtime.Loader.Tests.ContextualReflectionTest.AssemblyGetTypeStringSharedAssemblyIsolated
  System.AggregateException : One or more errors occurred. (Path "" is not an absolute path. (Parameter 'assemblyPath')) (The following constructor parameters did not have matching fixture data: ContextualReflectionTestFixture fixture)
  ---- System.ArgumentException : Path "" is not an absolute path. (Parameter 'assemblyPath')
  ---- The following constructor parameters did not have matching fixture data: ContextualReflectionTestFixture fixture
  
  ----- Inner Stack Trace #1 (System.ArgumentException) -----
     at System.Runtime.Loader.AssemblyLoadContext.LoadFromAssemblyPath(String) + 0xdc
     at System.Runtime.Loader.Tests.ContextualReflectionTestFixture..ctor() + 0x120
     at System.Runtime.Loader.Tests!<BaseAddress>+0xaa3dc8
     at System.InvokeUtils.CallDynamicInvokeMethod(Object, IntPtr, IntPtr, IntPtr, Object, Object[], BinderBundle, Boolean, Boolean) + 0x158
  ----- Inner Stack Trace #2 (Xunit.Sdk.TestClassException) -----
  
  [FAIL] System.Runtime.Loader.Tests.SatelliteAssembliesTests.SatelliteLoadsCorrectly_FromName(alc: "ReferencedClassLibNeutralIsSatellite", assemblyName: "System.Runtime.Loader.Tests", culture: "en")
  System.AggregateException : One or more errors occurred. (Path "" is not an absolute path. (Parameter 'assemblyPath')) (The following constructor parameters did not have matching fixture data: SatelliteAssembliesTestsFixture fixture)
  ---- System.ArgumentException : Path "" is not an absolute path. (Parameter 'assemblyPath')
  ---- The following constructor parameters did not have matching fixture data: SatelliteAssembliesTestsFixture fixture
  
  ----- Inner Stack Trace #1 (System.ArgumentException) -----
     at System.Runtime.Loader.AssemblyLoadContext.LoadFromAssemblyPath(String) + 0xdc
     at System.Runtime.Loader.Tests.SatelliteAssembliesTestsFixture..ctor() + 0x8d
     at System.Runtime.Loader.Tests!<BaseAddress>+0xaa3dc8
     at System.InvokeUtils.CallDynamicInvokeMethod(Object, IntPtr, IntPtr, IntPtr, Object, Object[], BinderBundle, Boolean, Boolean) + 0x158
  ----- Inner Stack Trace #2 (Xunit.Sdk.TestClassException) -----
  
  [FAIL] System.Runtime.Loader.Tests.AssemblyLoadContextTest.GetLoadContextTest_ValidUserAssembly
  System.IO.FileNotFoundException : Cannot load assembly 'System.Runtime.Loader.Test.Assembly'. No metadata found for this assembly.
     at System.Reflection.Runtime.General.ReflectionCoreCallbacksImplementation.Load(AssemblyName, Boolean) + 0x7d
     at System.Runtime.Loader.Tests.AssemblyLoadContextTest.GetLoadContextTest_ValidUserAssembly() + 0x68
     at System.Runtime.Loader.Tests!<BaseAddress>+0xaa3dde
     at System.InvokeUtils.CallDynamicInvokeMethod(Object, IntPtr, IntPtr, IntPtr, Object, Object[], BinderBundle, Boolean, Boolean) + 0x158
  [FAIL] System.Runtime.Loader.Tests.ContextualReflectionTest.ActivatorCreateInstanceNullMultiLoadedAssemblyDefault
  System.AggregateException : One or more errors occurred. (Path "" is not an absolute path. (Parameter 'assemblyPath')) (The following constructor parameters did not have matching fixture data: ContextualReflectionTestFixture fixture)
  ---- System.ArgumentException : Path "" is not an absolute path. (Parameter 'assemblyPath')
  ---- The following constructor parameters did not have matching fixture data: ContextualReflectionTestFixture fixture
  
  ----- Inner Stack Trace #1 (System.ArgumentException) -----
     at System.Runtime.Loader.AssemblyLoadContext.LoadFromAssemblyPath(String) + 0xdc
     at System.Runtime.Loader.Tests.ContextualReflectionTestFixture..ctor() + 0x120
     at System.Runtime.Loader.Tests!<BaseAddress>+0xaa3dc8
     at System.InvokeUtils.CallDynamicInvokeMethod(Object, IntPtr, IntPtr, IntPtr, Object, Object[], BinderBundle, Boolean, Boolean) + 0x158
  ----- Inner Stack Trace #2 (Xunit.Sdk.TestClassException) -----
  
  [FAIL] System.Runtime.Loader.Tests.SatelliteAssembliesTests.SatelliteLoadsCorrectly_FromName(alc: "LoadFile", assemblyName: "ReferencedClassLib", culture: "en")
  System.AggregateException : One or more errors occurred. (Path "" is not an absolute path. (Parameter 'assemblyPath')) (The following constructor parameters did not have matching fixture data: SatelliteAssembliesTestsFixture fixture)
  ---- System.ArgumentException : Path "" is not an absolute path. (Parameter 'assemblyPath')
  ---- The following constructor parameters did not have matching fixture data: SatelliteAssembliesTestsFixture fixture
  
  ----- Inner Stack Trace #1 (System.ArgumentException) -----
     at System.Runtime.Loader.AssemblyLoadContext.LoadFromAssemblyPath(String) + 0xdc
     at System.Runtime.Loader.Tests.SatelliteAssembliesTestsFixture..ctor() + 0x8d
     at System.Runtime.Loader.Tests!<BaseAddress>+0xaa3dc8
     at System.InvokeUtils.CallDynamicInvokeMethod(Object, IntPtr, IntPtr, IntPtr, Object, Object[], BinderBundle, Boolean, Boolean) + 0x158
  ----- Inner Stack Trace #2 (Xunit.Sdk.TestClassException) -----
  
  [FAIL] System.Runtime.Loader.Tests.ContextualReflectionTest.AssemblyLoadAssemblyNameSharedAssemblyDefault
  System.AggregateException : One or more errors occurred. (Path "" is not an absolute path. (Parameter 'assemblyPath')) (The following constructor parameters did not have matching fixture data: ContextualReflectionTestFixture fixture)
  ---- System.ArgumentException : Path "" is not an absolute path. (Parameter 'assemblyPath')
  ---- The following constructor parameters did not have matching fixture data: ContextualReflectionTestFixture fixture
  
  ----- Inner Stack Trace #1 (System.ArgumentException) -----
     at System.Runtime.Loader.AssemblyLoadContext.LoadFromAssemblyPath(String) + 0xdc
     at System.Runtime.Loader.Tests.ContextualReflectionTestFixture..ctor() + 0x120
     at System.Runtime.Loader.Tests!<BaseAddress>+0xaa3dc8
     at System.InvokeUtils.CallDynamicInvokeMethod(Object, IntPtr, IntPtr, IntPtr, Object, Object[], BinderBundle, Boolean, Boolean) + 0x158
  ----- Inner Stack Trace #2 (Xunit.Sdk.TestClassException) -----
  
  [FAIL] System.Runtime.Loader.Tests.SatelliteAssembliesTests.SatelliteLoadsCorrectly_FromName(alc: "Empty", assemblyName: "System.Runtime.Loader.Tests", culture: "en")
  System.AggregateException : One or more errors occurred. (Path "" is not an absolute path. (Parameter 'assemblyPath')) (The following constructor parameters did not have matching fixture data: SatelliteAssembliesTestsFixture fixture)
  ---- System.ArgumentException : Path "" is not an absolute path. (Parameter 'assemblyPath')
  ---- The following constructor parameters did not have matching fixture data: SatelliteAssembliesTestsFixture fixture
  
  ----- Inner Stack Trace #1 (System.ArgumentException) -----
     at System.Runtime.Loader.AssemblyLoadContext.LoadFromAssemblyPath(String) + 0xdc
     at System.Runtime.Loader.Tests.SatelliteAssembliesTestsFixture..ctor() + 0x8d
     at System.Runtime.Loader.Tests!<BaseAddress>+0xaa3dc8
     at System.InvokeUtils.CallDynamicInvokeMethod(Object, IntPtr, IntPtr, IntPtr, Object, Object[], BinderBundle, Boolean, Boolean) + 0x158
  ----- Inner Stack Trace #2 (Xunit.Sdk.TestClassException) -----
  
  [FAIL] System.Runtime.Loader.Tests.ContextualReflectionTest.ActivatorCreateInstanceNameGenericMultiLoadedAssemblyDefault
  System.AggregateException : One or more errors occurred. (Path "" is not an absolute path. (Parameter 'assemblyPath')) (The following constructor parameters did not have matching fixture data: ContextualReflectionTestFixture fixture)
  ---- System.ArgumentException : Path "" is not an absolute path. (Parameter 'assemblyPath')
  ---- The following constructor parameters did not have matching fixture data: ContextualReflectionTestFixture fixture
  
  ----- Inner Stack Trace #1 (System.ArgumentException) -----
     at System.Runtime.Loader.AssemblyLoadContext.LoadFromAssemblyPath(String) + 0xdc
     at System.Runtime.Loader.Tests.ContextualReflectionTestFixture..ctor() + 0x120
     at System.Runtime.Loader.Tests!<BaseAddress>+0xaa3dc8
     at System.InvokeUtils.CallDynamicInvokeMethod(Object, IntPtr, IntPtr, IntPtr, Object, Object[], BinderBundle, Boolean, Boolean) + 0x158
  ----- Inner Stack Trace #2 (Xunit.Sdk.TestClassException) -----
  
  [FAIL] System.Runtime.Loader.Tests.ContextualReflectionTest.ActivatorCreateInstanceNameMultiLoadedAssemblyDefault
  System.AggregateException : One or more errors occurred. (Path "" is not an absolute path. (Parameter 'assemblyPath')) (The following constructor parameters did not have matching fixture data: ContextualReflectionTestFixture fixture)
  ---- System.ArgumentException : Path "" is not an absolute path. (Parameter 'assemblyPath')
  ---- The following constructor parameters did not have matching fixture data: ContextualReflectionTestFixture fixture
  
  ----- Inner Stack Trace #1 (System.ArgumentException) -----
     at System.Runtime.Loader.AssemblyLoadContext.LoadFromAssemblyPath(String) + 0xdc
     at System.Runtime.Loader.Tests.ContextualReflectionTestFixture..ctor() + 0x120
     at System.Runtime.Loader.Tests!<BaseAddress>+0xaa3dc8
     at System.InvokeUtils.CallDynamicInvokeMethod(Object, IntPtr, IntPtr, IntPtr, Object, Object[], BinderBundle, Boolean, Boolean) + 0x158
  ----- Inner Stack Trace #2 (Xunit.Sdk.TestClassException) -----
  
  [FAIL] System.Runtime.Loader.Tests.ContextualReflectionTest.StaticEnterContextualReflectionUsingEarlyDispose
  System.AggregateException : One or more errors occurred. (Path "" is not an absolute path. (Parameter 'assemblyPath')) (The following constructor parameters did not have matching fixture data: ContextualReflectionTestFixture fixture)
  ---- System.ArgumentException : Path "" is not an absolute path. (Parameter 'assemblyPath')
  ---- The following constructor parameters did not have matching fixture data: ContextualReflectionTestFixture fixture
  
  ----- Inner Stack Trace #1 (System.ArgumentException) -----
     at System.Runtime.Loader.AssemblyLoadContext.LoadFromAssemblyPath(String) + 0xdc
     at System.Runtime.Loader.Tests.ContextualReflectionTestFixture..ctor() + 0x120
     at System.Runtime.Loader.Tests!<BaseAddress>+0xaa3dc8
     at System.InvokeUtils.CallDynamicInvokeMethod(Object, IntPtr, IntPtr, IntPtr, Object, Object[], BinderBundle, Boolean, Boolean) + 0x158
  ----- Inner Stack Trace #2 (Xunit.Sdk.TestClassException) -----
  
  [FAIL] System.Runtime.Loader.Tests.SatelliteAssembliesTests.SatelliteLoadsCorrectly_FromName(alc: "ReferencedClassLib", assemblyName: "System.Runtime.Loader.Tests", culture: "es-MX")
  System.AggregateException : One or more errors occurred. (Path "" is not an absolute path. (Parameter 'assemblyPath')) (The following constructor parameters did not have matching fixture data: SatelliteAssembliesTestsFixture fixture)
  ---- System.ArgumentException : Path "" is not an absolute path. (Parameter 'assemblyPath')
  ---- The following constructor parameters did not have matching fixture data: SatelliteAssembliesTestsFixture fixture
  
  ----- Inner Stack Trace #1 (System.ArgumentException) -----
     at System.Runtime.Loader.AssemblyLoadContext.LoadFromAssemblyPath(String) + 0xdc
     at System.Runtime.Loader.Tests.SatelliteAssembliesTestsFixture..ctor() + 0x8d
     at System.Runtime.Loader.Tests!<BaseAddress>+0xaa3dc8
     at System.InvokeUtils.CallDynamicInvokeMethod(Object, IntPtr, IntPtr, IntPtr, Object, Object[], BinderBundle, Boolean, Boolean) + 0x158
  ----- Inner Stack Trace #2 (Xunit.Sdk.TestClassException) -----
  
  [FAIL] System.Runtime.Loader.Tests.ContextualReflectionTest.InstanceEnterContextualReflectionUsingBasic
  System.AggregateException : One or more errors occurred. (Path "" is not an absolute path. (Parameter 'assemblyPath')) (The following constructor parameters did not have matching fixture data: ContextualReflectionTestFixture fixture)
  ---- System.ArgumentException : Path "" is not an absolute path. (Parameter 'assemblyPath')
  ---- The following constructor parameters did not have matching fixture data: ContextualReflectionTestFixture fixture
  
  ----- Inner Stack Trace #1 (System.ArgumentException) -----
     at System.Runtime.Loader.AssemblyLoadContext.LoadFromAssemblyPath(String) + 0xdc
     at System.Runtime.Loader.Tests.ContextualReflectionTestFixture..ctor() + 0x120
     at System.Runtime.Loader.Tests!<BaseAddress>+0xaa3dc8
     at System.InvokeUtils.CallDynamicInvokeMethod(Object, IntPtr, IntPtr, IntPtr, Object, Object[], BinderBundle, Boolean, Boolean) + 0x158
  ----- Inner Stack Trace #2 (Xunit.Sdk.TestClassException) -----
  
  [FAIL] System.Runtime.Loader.Tests.SatelliteAssembliesTests.SatelliteLoadsCorrectly_FromName(alc: "Empty", assemblyName: "System.Runtime.Loader.Tests", culture: "es-MX")
  System.AggregateException : One or more errors occurred. (Path "" is not an absolute path. (Parameter 'assemblyPath')) (The following constructor parameters did not have matching fixture data: SatelliteAssembliesTestsFixture fixture)
  ---- System.ArgumentException : Path "" is not an absolute path. (Parameter 'assemblyPath')
  ---- The following constructor parameters did not have matching fixture data: SatelliteAssembliesTestsFixture fixture
  
  ----- Inner Stack Trace #1 (System.ArgumentException) -----
     at System.Runtime.Loader.AssemblyLoadContext.LoadFromAssemblyPath(String) + 0xdc
     at System.Runtime.Loader.Tests.SatelliteAssembliesTestsFixture..ctor() + 0x8d
     at System.Runtime.Loader.Tests!<BaseAddress>+0xaa3dc8
     at System.InvokeUtils.CallDynamicInvokeMethod(Object, IntPtr, IntPtr, IntPtr, Object, Object[], BinderBundle, Boolean, Boolean) + 0x158
  ----- Inner Stack Trace #2 (Xunit.Sdk.TestClassException) -----
  
  [FAIL] System.Runtime.Loader.Tests.ContextualReflectionTest.StaticEnterContextualReflectionUsingBasic
  System.AggregateException : One or more errors occurred. (Path "" is not an absolute path. (Parameter 'assemblyPath')) (The following constructor parameters did not have matching fixture data: ContextualReflectionTestFixture fixture)
  ---- System.ArgumentException : Path "" is not an absolute path. (Parameter 'assemblyPath')
  ---- The following constructor parameters did not have matching fixture data: ContextualReflectionTestFixture fixture
  
  ----- Inner Stack Trace #1 (System.ArgumentException) -----
     at System.Runtime.Loader.AssemblyLoadContext.LoadFromAssemblyPath(String) + 0xdc
     at System.Runtime.Loader.Tests.ContextualReflectionTestFixture..ctor() + 0x120
     at System.Runtime.Loader.Tests!<BaseAddress>+0xaa3dc8
     at System.InvokeUtils.CallDynamicInvokeMethod(Object, IntPtr, IntPtr, IntPtr, Object, Object[], BinderBundle, Boolean, Boolean) + 0x158
  ----- Inner Stack Trace #2 (Xunit.Sdk.TestClassException) -----
  
  [FAIL] System.Runtime.Loader.Tests.AssemblyLoadContextTest.Unload_CollectibleWithTwoAssemblies
  System.IO.FileNotFoundException : Cannot load assembly 'System.Runtime.Loader.Test.Assembly'. No metadata found for this assembly.
     at System.Reflection.Runtime.General.ReflectionCoreCallbacksImplementation.Load(AssemblyName, Boolean) + 0x7d
     at System.Runtime.Loader.Tests.AssemblyLoadContextTest.TestBase.CreateContextAndLoadAssembly(Int32) + 0xad
     at System.Runtime.Loader.Tests.AssemblyLoadContextTest.Unload_CollectibleWithTwoAssemblies() + 0x2b
     at System.Runtime.Loader.Tests!<BaseAddress>+0xaa3dde
     at System.InvokeUtils.CallDynamicInvokeMethod(Object, IntPtr, IntPtr, IntPtr, Object, Object[], BinderBundle, Boolean, Boolean) + 0x158
  [FAIL] System.Runtime.Loader.Tests.SatelliteAssembliesTests.SatelliteLoadsCorrectly_FromName(alc: "Default", assemblyName: "System.Runtime.Loader.Tests", culture: "en")
  System.AggregateException : One or more errors occurred. (Path "" is not an absolute path. (Parameter 'assemblyPath')) (The following constructor parameters did not have matching fixture data: SatelliteAssembliesTestsFixture fixture)
  ---- System.ArgumentException : Path "" is not an absolute path. (Parameter 'assemblyPath')
  ---- The following constructor parameters did not have matching fixture data: SatelliteAssembliesTestsFixture fixture
  
  ----- Inner Stack Trace #1 (System.ArgumentException) -----
     at System.Runtime.Loader.AssemblyLoadContext.LoadFromAssemblyPath(String) + 0xdc
     at System.Runtime.Loader.Tests.SatelliteAssembliesTestsFixture..ctor() + 0x8d
     at System.Runtime.Loader.Tests!<BaseAddress>+0xaa3dc8
     at System.InvokeUtils.CallDynamicInvokeMethod(Object, IntPtr, IntPtr, IntPtr, Object, Object[], BinderBundle, Boolean, Boolean) + 0x158
  ----- Inner Stack Trace #2 (Xunit.Sdk.TestClassException) -----
  
  [FAIL] System.Runtime.Loader.Tests.ContextualReflectionTest.AssemblyLoadAssemblyNameSharedAssemblyIsolated
  System.AggregateException : One or more errors occurred. (Path "" is not an absolute path. (Parameter 'assemblyPath')) (The following constructor parameters did not have matching fixture data: ContextualReflectionTestFixture fixture)
  ---- System.ArgumentException : Path "" is not an absolute path. (Parameter 'assemblyPath')
  ---- The following constructor parameters did not have matching fixture data: ContextualReflectionTestFixture fixture
  
  ----- Inner Stack Trace #1 (System.ArgumentException) -----
     at System.Runtime.Loader.AssemblyLoadContext.LoadFromAssemblyPath(String) + 0xdc
     at System.Runtime.Loader.Tests.ContextualReflectionTestFixture..ctor() + 0x120
     at System.Runtime.Loader.Tests!<BaseAddress>+0xaa3dc8
     at System.InvokeUtils.CallDynamicInvokeMethod(Object, IntPtr, IntPtr, IntPtr, Object, Object[], BinderBundle, Boolean, Boolean) + 0x158
  ----- Inner Stack Trace #2 (Xunit.Sdk.TestClassException) -----
  
  [FAIL] System.Runtime.Loader.Tests.SatelliteAssembliesTests.SatelliteLoadsCorrectly_FromName(alc: "ReferencedClassLibNeutralIsSatellite", assemblyName: "ReferencedClassLib", culture: "en")
  System.AggregateException : One or more errors occurred. (Path "" is not an absolute path. (Parameter 'assemblyPath')) (The following constructor parameters did not have matching fixture data: SatelliteAssembliesTestsFixture fixture)
  ---- System.ArgumentException : Path "" is not an absolute path. (Parameter 'assemblyPath')
  ---- The following constructor parameters did not have matching fixture data: SatelliteAssembliesTestsFixture fixture
  
  ----- Inner Stack Trace #1 (System.ArgumentException) -----
     at System.Runtime.Loader.AssemblyLoadContext.LoadFromAssemblyPath(String) + 0xdc
     at System.Runtime.Loader.Tests.SatelliteAssembliesTestsFixture..ctor() + 0x8d
     at System.Runtime.Loader.Tests!<BaseAddress>+0xaa3dc8
     at System.InvokeUtils.CallDynamicInvokeMethod(Object, IntPtr, IntPtr, IntPtr, Object, Object[], BinderBundle, Boolean, Boolean) + 0x158
  ----- Inner Stack Trace #2 (Xunit.Sdk.TestClassException) -----
  
  [FAIL] System.Runtime.Loader.Tests.ContextualReflectionTest.StaticEnterContextualReflectionRawDispose
  System.AggregateException : One or more errors occurred. (Path "" is not an absolute path. (Parameter 'assemblyPath')) (The following constructor parameters did not have matching fixture data: ContextualReflectionTestFixture fixture)
  ---- System.ArgumentException : Path "" is not an absolute path. (Parameter 'assemblyPath')
  ---- The following constructor parameters did not have matching fixture data: ContextualReflectionTestFixture fixture
  
  ----- Inner Stack Trace #1 (System.ArgumentException) -----
     at System.Runtime.Loader.AssemblyLoadContext.LoadFromAssemblyPath(String) + 0xdc
     at System.Runtime.Loader.Tests.ContextualReflectionTestFixture..ctor() + 0x120
     at System.Runtime.Loader.Tests!<BaseAddress>+0xaa3dc8
     at System.InvokeUtils.CallDynamicInvokeMethod(Object, IntPtr, IntPtr, IntPtr, Object, Object[], BinderBundle, Boolean, Boolean) + 0x158
  ----- Inner Stack Trace #2 (Xunit.Sdk.TestClassException) -----
  
  [FAIL] System.Runtime.Loader.Tests.SatelliteAssembliesTests.SatelliteLoadsCorrectly_FromName(alc: "LoadFile", assemblyName: "ReferencedClassLibNeutralIsSatellite", culture: "es")
  System.AggregateException : One or more errors occurred. (Path "" is not an absolute path. (Parameter 'assemblyPath')) (The following constructor parameters did not have matching fixture data: SatelliteAssembliesTestsFixture fixture)
  ---- System.ArgumentException : Path "" is not an absolute path. (Parameter 'assemblyPath')
  ---- The following constructor parameters did not have matching fixture data: SatelliteAssembliesTestsFixture fixture
  
  ----- Inner Stack Trace #1 (System.ArgumentException) -----
     at System.Runtime.Loader.AssemblyLoadContext.LoadFromAssemblyPath(String) + 0xdc
     at System.Runtime.Loader.Tests.SatelliteAssembliesTestsFixture..ctor() + 0x8d
     at System.Runtime.Loader.Tests!<BaseAddress>+0xaa3dc8
     at System.InvokeUtils.CallDynamicInvokeMethod(Object, IntPtr, IntPtr, IntPtr, Object, Object[], BinderBundle, Boolean, Boolean) + 0x158
  ----- Inner Stack Trace #2 (Xunit.Sdk.TestClassException) -----
  
  [FAIL] System.Runtime.Loader.Tests.ContextualReflectionTest.AssemblyGetTypeStringMultiLoadedAssemblyIsolated
  System.AggregateException : One or more errors occurred. (Path "" is not an absolute path. (Parameter 'assemblyPath')) (The following constructor parameters did not have matching fixture data: ContextualReflectionTestFixture fixture)
  ---- System.ArgumentException : Path "" is not an absolute path. (Parameter 'assemblyPath')
  ---- The following constructor parameters did not have matching fixture data: ContextualReflectionTestFixture fixture
  
  ----- Inner Stack Trace #1 (System.ArgumentException) -----
     at System.Runtime.Loader.AssemblyLoadContext.LoadFromAssemblyPath(String) + 0xdc
     at System.Runtime.Loader.Tests.ContextualReflectionTestFixture..ctor() + 0x120
     at System.Runtime.Loader.Tests!<BaseAddress>+0xaa3dc8
     at System.InvokeUtils.CallDynamicInvokeMethod(Object, IntPtr, IntPtr, IntPtr, Object, Object[], BinderBundle, Boolean, Boolean) + 0x158
  ----- Inner Stack Trace #2 (Xunit.Sdk.TestClassException) -----
  
  [FAIL] System.Runtime.Loader.Tests.SatelliteAssembliesTests.SatelliteLoadsCorrectly_FromName(alc: "LoadFile", assemblyName: "System.Runtime.Loader.Tests", culture: "en")
  System.AggregateException : One or more errors occurred. (Path "" is not an absolute path. (Parameter 'assemblyPath')) (The following constructor parameters did not have matching fixture data: SatelliteAssembliesTestsFixture fixture)
  ---- System.ArgumentException : Path "" is not an absolute path. (Parameter 'assemblyPath')
  ---- The following constructor parameters did not have matching fixture data: SatelliteAssembliesTestsFixture fixture
  
  ----- Inner Stack Trace #1 (System.ArgumentException) -----
     at System.Runtime.Loader.AssemblyLoadContext.LoadFromAssemblyPath(String) + 0xdc
     at System.Runtime.Loader.Tests.SatelliteAssembliesTestsFixture..ctor() + 0x8d
     at System.Runtime.Loader.Tests!<BaseAddress>+0xaa3dc8
     at System.InvokeUtils.CallDynamicInvokeMethod(Object, IntPtr, IntPtr, IntPtr, Object, Object[], BinderBundle, Boolean, Boolean) + 0x158
  ----- Inner Stack Trace #2 (Xunit.Sdk.TestClassException) -----
  
  [FAIL] System.Runtime.Loader.Tests.ContextualReflectionTest.AssemblyLoadAssemblyNameMultiLoadedAssemblyIsolated
  System.AggregateException : One or more errors occurred. (Path "" is not an absolute path. (Parameter 'assemblyPath')) (The following constructor parameters did not have matching fixture data: ContextualReflectionTestFixture fixture)
  ---- System.ArgumentException : Path "" is not an absolute path. (Parameter 'assemblyPath')
  ---- The following constructor parameters did not have matching fixture data: ContextualReflectionTestFixture fixture
  
  ----- Inner Stack Trace #1 (System.ArgumentException) -----
     at System.Runtime.Loader.AssemblyLoadContext.LoadFromAssemblyPath(String) + 0xdc
     at System.Runtime.Loader.Tests.ContextualReflectionTestFixture..ctor() + 0x120
     at System.Runtime.Loader.Tests!<BaseAddress>+0xaa3dc8
     at System.InvokeUtils.CallDynamicInvokeMethod(Object, IntPtr, IntPtr, IntPtr, Object, Object[], BinderBundle, Boolean, Boolean) + 0x158
  ----- Inner Stack Trace #2 (Xunit.Sdk.TestClassException) -----
  
  [FAIL] System.Runtime.Loader.Tests.SatelliteAssembliesTests.SatelliteLoadsCorrectly_FromName(alc: "Empty", assemblyName: "ReferencedClassLibNeutralIsSatellite", culture: "es")
  System.AggregateException : One or more errors occurred. (Path "" is not an absolute path. (Parameter 'assemblyPath')) (The following constructor parameters did not have matching fixture data: SatelliteAssembliesTestsFixture fixture)
  ---- System.ArgumentException : Path "" is not an absolute path. (Parameter 'assemblyPath')
  ---- The following constructor parameters did not have matching fixture data: SatelliteAssembliesTestsFixture fixture
  
  ----- Inner Stack Trace #1 (System.ArgumentException) -----
     at System.Runtime.Loader.AssemblyLoadContext.LoadFromAssemblyPath(String) + 0xdc
     at System.Runtime.Loader.Tests.SatelliteAssembliesTestsFixture..ctor() + 0x8d
     at System.Runtime.Loader.Tests!<BaseAddress>+0xaa3dc8
     at System.InvokeUtils.CallDynamicInvokeMethod(Object, IntPtr, IntPtr, IntPtr, Object, Object[], BinderBundle, Boolean, Boolean) + 0x158
  ----- Inner Stack Trace #2 (Xunit.Sdk.TestClassException) -----
  
  [FAIL] System.Runtime.Loader.Tests.ContextualReflectionTest.StaticEnterContextualReflectionUsingNested
  System.AggregateException : One or more errors occurred. (Path "" is not an absolute path. (Parameter 'assemblyPath')) (The following constructor parameters did not have matching fixture data: ContextualReflectionTestFixture fixture)
  ---- System.ArgumentException : Path "" is not an absolute path. (Parameter 'assemblyPath')
  ---- The following constructor parameters did not have matching fixture data: ContextualReflectionTestFixture fixture
  
  ----- Inner Stack Trace #1 (System.ArgumentException) -----
     at System.Runtime.Loader.AssemblyLoadContext.LoadFromAssemblyPath(String) + 0xdc
     at System.Runtime.Loader.Tests.ContextualReflectionTestFixture..ctor() + 0x120
     at System.Runtime.Loader.Tests!<BaseAddress>+0xaa3dc8
     at System.InvokeUtils.CallDynamicInvokeMethod(Object, IntPtr, IntPtr, IntPtr, Object, Object[], BinderBundle, Boolean, Boolean) + 0x158
  ----- Inner Stack Trace #2 (Xunit.Sdk.TestClassException) -----
  
  [FAIL] System.Runtime.Loader.Tests.SatelliteAssembliesTests.SatelliteLoadsCorrectly_FromName(alc: "ReferencedClassLib", assemblyName: "ReferencedClassLibNeutralIsSatellite", culture: "en")
  System.AggregateException : One or more errors occurred. (Path "" is not an absolute path. (Parameter 'assemblyPath')) (The following constructor parameters did not have matching fixture data: SatelliteAssembliesTestsFixture fixture)
  ---- System.ArgumentException : Path "" is not an absolute path. (Parameter 'assemblyPath')
  ---- The following constructor parameters did not have matching fixture data: SatelliteAssembliesTestsFixture fixture
  
  ----- Inner Stack Trace #1 (System.ArgumentException) -----
     at System.Runtime.Loader.AssemblyLoadContext.LoadFromAssemblyPath(String) + 0xdc
     at System.Runtime.Loader.Tests.SatelliteAssembliesTestsFixture..ctor() + 0x8d
     at System.Runtime.Loader.Tests!<BaseAddress>+0xaa3dc8
     at System.InvokeUtils.CallDynamicInvokeMethod(Object, IntPtr, IntPtr, IntPtr, Object, Object[], BinderBundle, Boolean, Boolean) + 0x158
  ----- Inner Stack Trace #2 (Xunit.Sdk.TestClassException) -----
  
  [FAIL] System.Runtime.Loader.Tests.ContextualReflectionTest.AssemblyGetTypeStringMultiLoadedAssemblyDefault
  System.AggregateException : One or more errors occurred. (Path "" is not an absolute path. (Parameter 'assemblyPath')) (The following constructor parameters did not have matching fixture data: ContextualReflectionTestFixture fixture)
  ---- System.ArgumentException : Path "" is not an absolute path. (Parameter 'assemblyPath')
  ---- The following constructor parameters did not have matching fixture data: ContextualReflectionTestFixture fixture
  
  ----- Inner Stack Trace #1 (System.ArgumentException) -----
     at System.Runtime.Loader.AssemblyLoadContext.LoadFromAssemblyPath(String) + 0xdc
     at System.Runtime.Loader.Tests.ContextualReflectionTestFixture..ctor() + 0x120
     at System.Runtime.Loader.Tests!<BaseAddress>+0xaa3dc8
     at System.InvokeUtils.CallDynamicInvokeMethod(Object, IntPtr, IntPtr, IntPtr, Object, Object[], BinderBundle, Boolean, Boolean) + 0x158
  ----- Inner Stack Trace #2 (Xunit.Sdk.TestClassException) -----
  
  [FAIL] System.Runtime.Loader.Tests.AssemblyLoadContextTest.Unload_CollectibleWithNoAssemblyLoaded
  Assert.Equal() Failure
  Expected: 1
  Actual:   0
     at System.Runtime.Loader.Tests.AssemblyLoadContextTest.CollectibleChecker.GcAndCheck(Int32) + 0xd7
     at System.Runtime.Loader.Tests!<BaseAddress>+0xaa3dde
     at System.InvokeUtils.CallDynamicInvokeMethod(Object, IntPtr, IntPtr, IntPtr, Object, Object[], BinderBundle, Boolean, Boolean) + 0x158
  [FAIL] System.Runtime.Loader.Tests.SatelliteAssembliesTests.SatelliteLoadsCorrectly_FromName(alc: "ReferencedClassLibNeutralIsSatellite", assemblyName: "ReferencedClassLibNeutralIsSatellite", culture: "en")
  System.AggregateException : One or more errors occurred. (Path "" is not an absolute path. (Parameter 'assemblyPath')) (The following constructor parameters did not have matching fixture data: SatelliteAssembliesTestsFixture fixture)
  ---- System.ArgumentException : Path "" is not an absolute path. (Parameter 'assemblyPath')
  ---- The following constructor parameters did not have matching fixture data: SatelliteAssembliesTestsFixture fixture
  
  ----- Inner Stack Trace #1 (System.ArgumentException) -----
     at System.Runtime.Loader.AssemblyLoadContext.LoadFromAssemblyPath(String) + 0xdc
     at System.Runtime.Loader.Tests.SatelliteAssembliesTestsFixture..ctor() + 0x8d
     at System.Runtime.Loader.Tests!<BaseAddress>+0xaa3dc8
     at System.InvokeUtils.CallDynamicInvokeMethod(Object, IntPtr, IntPtr, IntPtr, Object, Object[], BinderBundle, Boolean, Boolean) + 0x158
  ----- Inner Stack Trace #2 (Xunit.Sdk.TestClassException) -----
  
  [FAIL] System.Runtime.Loader.Tests.ContextualReflectionTest.ActivatorCreateInstanceNameGenericMultiLoadedAssemblyIsolated
  System.AggregateException : One or more errors occurred. (Path "" is not an absolute path. (Parameter 'assemblyPath')) (The following constructor parameters did not have matching fixture data: ContextualReflectionTestFixture fixture)
  ---- System.ArgumentException : Path "" is not an absolute path. (Parameter 'assemblyPath')
  ---- The following constructor parameters did not have matching fixture data: ContextualReflectionTestFixture fixture
  
  ----- Inner Stack Trace #1 (System.ArgumentException) -----
     at System.Runtime.Loader.AssemblyLoadContext.LoadFromAssemblyPath(String) + 0xdc
     at System.Runtime.Loader.Tests.ContextualReflectionTestFixture..ctor() + 0x120
     at System.Runtime.Loader.Tests!<BaseAddress>+0xaa3dc8
     at System.InvokeUtils.CallDynamicInvokeMethod(Object, IntPtr, IntPtr, IntPtr, Object, Object[], BinderBundle, Boolean, Boolean) + 0x158
  ----- Inner Stack Trace #2 (Xunit.Sdk.TestClassException) -----
  
  [FAIL] System.Runtime.Loader.Tests.SatelliteAssembliesTests.SatelliteLoadsCorrectly_FromName(alc: "ReferencedClassLib", assemblyName: "ReferencedClassLib", culture: "en")
  System.AggregateException : One or more errors occurred. (Path "" is not an absolute path. (Parameter 'assemblyPath')) (The following constructor parameters did not have matching fixture data: SatelliteAssembliesTestsFixture fixture)
  ---- System.ArgumentException : Path "" is not an absolute path. (Parameter 'assemblyPath')
  ---- The following constructor parameters did not have matching fixture data: SatelliteAssembliesTestsFixture fixture
  
  ----- Inner Stack Trace #1 (System.ArgumentException) -----
     at System.Runtime.Loader.AssemblyLoadContext.LoadFromAssemblyPath(String) + 0xdc
     at System.Runtime.Loader.Tests.SatelliteAssembliesTestsFixture..ctor() + 0x8d
     at System.Runtime.Loader.Tests!<BaseAddress>+0xaa3dc8
     at System.InvokeUtils.CallDynamicInvokeMethod(Object, IntPtr, IntPtr, IntPtr, Object, Object[], BinderBundle, Boolean, Boolean) + 0x158
  ----- Inner Stack Trace #2 (Xunit.Sdk.TestClassException) -----
  
  [FAIL] System.Runtime.Loader.Tests.ContextualReflectionTest.AssemblyLoadStringSharedAssemblyIsolated
  System.AggregateException : One or more errors occurred. (Path "" is not an absolute path. (Parameter 'assemblyPath')) (The following constructor parameters did not have matching fixture data: ContextualReflectionTestFixture fixture)
  ---- System.ArgumentException : Path "" is not an absolute path. (Parameter 'assemblyPath')
  ---- The following constructor parameters did not have matching fixture data: ContextualReflectionTestFixture fixture
  
  ----- Inner Stack Trace #1 (System.ArgumentException) -----
     at System.Runtime.Loader.AssemblyLoadContext.LoadFromAssemblyPath(String) + 0xdc
     at System.Runtime.Loader.Tests.ContextualReflectionTestFixture..ctor() + 0x120
     at System.Runtime.Loader.Tests!<BaseAddress>+0xaa3dc8
     at System.InvokeUtils.CallDynamicInvokeMethod(Object, IntPtr, IntPtr, IntPtr, Object, Object[], BinderBundle, Boolean, Boolean) + 0x158
  ----- Inner Stack Trace #2 (Xunit.Sdk.TestClassException) -----
  
  [FAIL] System.Runtime.Loader.Tests.AssemblyLoadContextTest.LoadAssemblyByPath_ValidUserAssembly
  System.IO.FileNotFoundException : Cannot load assembly 'System.Runtime.Loader.Test.Assembly'. No metadata found for this assembly.
     at System.Reflection.Runtime.General.ReflectionCoreCallbacksImplementation.Load(AssemblyName, Boolean) + 0x7d
     at System.Runtime.Loader.Tests.AssemblyLoadContextTest.LoadAssemblyByPath_ValidUserAssembly() + 0x64
     at System.Runtime.Loader.Tests!<BaseAddress>+0xaa3dde
     at System.InvokeUtils.CallDynamicInvokeMethod(Object, IntPtr, IntPtr, IntPtr, Object, Object[], BinderBundle, Boolean, Boolean) + 0x158
  [FAIL] System.Runtime.Loader.Tests.SatelliteAssembliesTests.SatelliteLoadsCorrectly_FromName(alc: "Default", assemblyName: "ReferencedClassLib", culture: "en")
  System.AggregateException : One or more errors occurred. (Path "" is not an absolute path. (Parameter 'assemblyPath')) (The following constructor parameters did not have matching fixture data: SatelliteAssembliesTestsFixture fixture)
  ---- System.ArgumentException : Path "" is not an absolute path. (Parameter 'assemblyPath')
  ---- The following constructor parameters did not have matching fixture data: SatelliteAssembliesTestsFixture fixture
  
  ----- Inner Stack Trace #1 (System.ArgumentException) -----
     at System.Runtime.Loader.AssemblyLoadContext.LoadFromAssemblyPath(String) + 0xdc
     at System.Runtime.Loader.Tests.SatelliteAssembliesTestsFixture..ctor() + 0x8d
     at System.Runtime.Loader.Tests!<BaseAddress>+0xaa3dc8
     at System.InvokeUtils.CallDynamicInvokeMethod(Object, IntPtr, IntPtr, IntPtr, Object, Object[], BinderBundle, Boolean, Boolean) + 0x158
  ----- Inner Stack Trace #2 (Xunit.Sdk.TestClassException) -----
  
  [FAIL] System.Runtime.Loader.Tests.ContextualReflectionTest.FixtureIsSetupCorrectly
  System.AggregateException : One or more errors occurred. (Path "" is not an absolute path. (Parameter 'assemblyPath')) (The following constructor parameters did not have matching fixture data: ContextualReflectionTestFixture fixture)
  ---- System.ArgumentException : Path "" is not an absolute path. (Parameter 'assemblyPath')
  ---- The following constructor parameters did not have matching fixture data: ContextualReflectionTestFixture fixture
  
  ----- Inner Stack Trace #1 (System.ArgumentException) -----
     at System.Runtime.Loader.AssemblyLoadContext.LoadFromAssemblyPath(String) + 0xdc
     at System.Runtime.Loader.Tests.ContextualReflectionTestFixture..ctor() + 0x120
     at System.Runtime.Loader.Tests!<BaseAddress>+0xaa3dc8
     at System.InvokeUtils.CallDynamicInvokeMethod(Object, IntPtr, IntPtr, IntPtr, Object, Object[], BinderBundle, Boolean, Boolean) + 0x158
  ----- Inner Stack Trace #2 (Xunit.Sdk.TestClassException) -----
  
  [FAIL] System.Runtime.Loader.Tests.SatelliteAssembliesTests.SatelliteLoadsCorrectly_FromName(alc: "ReferencedClassLib", assemblyName: "ReferencedClassLibNeutralIsSatellite", culture: "es")
  System.AggregateException : One or more errors occurred. (Path "" is not an absolute path. (Parameter 'assemblyPath')) (The following constructor parameters did not have matching fixture data: SatelliteAssembliesTestsFixture fixture)
  ---- System.ArgumentException : Path "" is not an absolute path. (Parameter 'assemblyPath')
  ---- The following constructor parameters did not have matching fixture data: SatelliteAssembliesTestsFixture fixture
  
  ----- Inner Stack Trace #1 (System.ArgumentException) -----
     at System.Runtime.Loader.AssemblyLoadContext.LoadFromAssemblyPath(String) + 0xdc
     at System.Runtime.Loader.Tests.SatelliteAssembliesTestsFixture..ctor() + 0x8d
     at System.Runtime.Loader.Tests!<BaseAddress>+0xaa3dc8
     at System.InvokeUtils.CallDynamicInvokeMethod(Object, IntPtr, IntPtr, IntPtr, Object, Object[], BinderBundle, Boolean, Boolean) + 0x158
  ----- Inner Stack Trace #2 (Xunit.Sdk.TestClassException) -----
  
  [FAIL] System.Runtime.Loader.Tests.ContextualReflectionTest.TypeGetTypeStringSharedAssemblyDefault
  System.AggregateException : One or more errors occurred. (Path "" is not an absolute path. (Parameter 'assemblyPath')) (The following constructor parameters did not have matching fixture data: ContextualReflectionTestFixture fixture)
  ---- System.ArgumentException : Path "" is not an absolute path. (Parameter 'assemblyPath')
  ---- The following constructor parameters did not have matching fixture data: ContextualReflectionTestFixture fixture
  
  ----- Inner Stack Trace #1 (System.ArgumentException) -----
     at System.Runtime.Loader.AssemblyLoadContext.LoadFromAssemblyPath(String) + 0xdc
     at System.Runtime.Loader.Tests.ContextualReflectionTestFixture..ctor() + 0x120
     at System.Runtime.Loader.Tests!<BaseAddress>+0xaa3dc8
     at System.InvokeUtils.CallDynamicInvokeMethod(Object, IntPtr, IntPtr, IntPtr, Object, Object[], BinderBundle, Boolean, Boolean) + 0x158
  ----- Inner Stack Trace #2 (Xunit.Sdk.TestClassException) -----
  
  [FAIL] System.Runtime.Loader.Tests.AssemblyLoadContextTest.Unsupported_FixedAddressValueType
  System.IO.FileNotFoundException : Cannot load assembly 'System.Runtime.Loader.Test.AssemblyNotSupported'. No metadata found for this assembly.
     at System.Reflection.Runtime.General.ReflectionCoreCallbacksImplementation.Load(AssemblyName, Boolean) + 0x7d
     at System.Runtime.Loader.Tests.AssemblyLoadContextTest.Unsupported_FixedAddressValueType() + 0x76
     at System.Runtime.Loader.Tests!<BaseAddress>+0xaa3dde
     at System.InvokeUtils.CallDynamicInvokeMethod(Object, IntPtr, IntPtr, IntPtr, Object, Object[], BinderBundle, Boolean, Boolean) + 0x158
  [FAIL] System.Runtime.Loader.Tests.SatelliteAssembliesTests.describeLib(alc: "SatelliteAssembliesTests", type: "System.Runtime.Loader.Tests.SatelliteAssembliesTes"..., culture: "fr", expected: "Neutral language Main description 1.0.0")
  System.AggregateException : One or more errors occurred. (Path "" is not an absolute path. (Parameter 'assemblyPath')) (The following constructor parameters did not have matching fixture data: SatelliteAssembliesTestsFixture fixture)
  ---- System.ArgumentException : Path "" is not an absolute path. (Parameter 'assemblyPath')
  ---- The following constructor parameters did not have matching fixture data: SatelliteAssembliesTestsFixture fixture
  
  ----- Inner Stack Trace #1 (System.ArgumentException) -----
     at System.Runtime.Loader.AssemblyLoadContext.LoadFromAssemblyPath(String) + 0xdc
     at System.Runtime.Loader.Tests.SatelliteAssembliesTestsFixture..ctor() + 0x8d
     at System.Runtime.Loader.Tests!<BaseAddress>+0xaa3dc8
     at System.InvokeUtils.CallDynamicInvokeMethod(Object, IntPtr, IntPtr, IntPtr, Object, Object[], BinderBundle, Boolean, Boolean) + 0x158
  ----- Inner Stack Trace #2 (Xunit.Sdk.TestClassException) -----
  
  [FAIL] System.Runtime.Loader.Tests.ContextualReflectionTest.InstanceEnterContextualReflectionUsingNested
  System.AggregateException : One or more errors occurred. (Path "" is not an absolute path. (Parameter 'assemblyPath')) (The following constructor parameters did not have matching fixture data: ContextualReflectionTestFixture fixture)
  ---- System.ArgumentException : Path "" is not an absolute path. (Parameter 'assemblyPath')
  ---- The following constructor parameters did not have matching fixture data: ContextualReflectionTestFixture fixture
  
  ----- Inner Stack Trace #1 (System.ArgumentException) -----
     at System.Runtime.Loader.AssemblyLoadContext.LoadFromAssemblyPath(String) + 0xdc
     at System.Runtime.Loader.Tests.ContextualReflectionTestFixture..ctor() + 0x120
     at System.Runtime.Loader.Tests!<BaseAddress>+0xaa3dc8
     at System.InvokeUtils.CallDynamicInvokeMethod(Object, IntPtr, IntPtr, IntPtr, Object, Object[], BinderBundle, Boolean, Boolean) + 0x158
  ----- Inner Stack Trace #2 (Xunit.Sdk.TestClassException) -----
  
  [FAIL] System.Runtime.Loader.Tests.SatelliteAssembliesTests.describeLib(alc: "LoadFile", type: "System.Runtime.Loader.Tests.SatelliteAssembliesTes"..., culture: "fr-FR", expected: "Neutral language Main description 1.0.0")
  System.AggregateException : One or more errors occurred. (Path "" is not an absolute path. (Parameter 'assemblyPath')) (The following constructor parameters did not have matching fixture data: SatelliteAssembliesTestsFixture fixture)
  ---- System.ArgumentException : Path "" is not an absolute path. (Parameter 'assemblyPath')
  ---- The following constructor parameters did not have matching fixture data: SatelliteAssembliesTestsFixture fixture
  
  ----- Inner Stack Trace #1 (System.ArgumentException) -----
     at System.Runtime.Loader.AssemblyLoadContext.LoadFromAssemblyPath(String) + 0xdc
     at System.Runtime.Loader.Tests.SatelliteAssembliesTestsFixture..ctor() + 0x8d
     at System.Runtime.Loader.Tests!<BaseAddress>+0xaa3dc8
     at System.InvokeUtils.CallDynamicInvokeMethod(Object, IntPtr, IntPtr, IntPtr, Object, Object[], BinderBundle, Boolean, Boolean) + 0x158
  ----- Inner Stack Trace #2 (Xunit.Sdk.TestClassException) -----
  
  [FAIL] System.Runtime.Loader.Tests.ContextualReflectionTest.ActivatorCreateInstanceNullGenericMultiLoadedAssemblyIsolated
  System.AggregateException : One or more errors occurred. (Path "" is not an absolute path. (Parameter 'assemblyPath')) (The following constructor parameters did not have matching fixture data: ContextualReflectionTestFixture fixture)
  ---- System.ArgumentException : Path "" is not an absolute path. (Parameter 'assemblyPath')
  ---- The following constructor parameters did not have matching fixture data: ContextualReflectionTestFixture fixture
  
  ----- Inner Stack Trace #1 (System.ArgumentException) -----
     at System.Runtime.Loader.AssemblyLoadContext.LoadFromAssemblyPath(String) + 0xdc
     at System.Runtime.Loader.Tests.ContextualReflectionTestFixture..ctor() + 0x120
     at System.Runtime.Loader.Tests!<BaseAddress>+0xaa3dc8
     at System.InvokeUtils.CallDynamicInvokeMethod(Object, IntPtr, IntPtr, IntPtr, Object, Object[], BinderBundle, Boolean, Boolean) + 0x158
  ----- Inner Stack Trace #2 (Xunit.Sdk.TestClassException) -----
  
  [FAIL] System.Runtime.Loader.Tests.SatelliteAssembliesTests.describeLib(alc: "Default", type: "System.Runtime.Loader.Tests.SatelliteAssembliesTes"..., culture: "es-MX", expected: "Spanish (Mexico) language Main description 1.0.0")
  System.AggregateException : One or more errors occurred. (Path "" is not an absolute path. (Parameter 'assemblyPath')) (The following constructor parameters did not have matching fixture data: SatelliteAssembliesTestsFixture fixture)
  ---- System.ArgumentException : Path "" is not an absolute path. (Parameter 'assemblyPath')
  ---- The following constructor parameters did not have matching fixture data: SatelliteAssembliesTestsFixture fixture
  
  ----- Inner Stack Trace #1 (System.ArgumentException) -----
     at System.Runtime.Loader.AssemblyLoadContext.LoadFromAssemblyPath(String) + 0xdc
     at System.Runtime.Loader.Tests.SatelliteAssembliesTestsFixture..ctor() + 0x8d
     at System.Runtime.Loader.Tests!<BaseAddress>+0xaa3dc8
     at System.InvokeUtils.CallDynamicInvokeMethod(Object, IntPtr, IntPtr, IntPtr, Object, Object[], BinderBundle, Boolean, Boolean) + 0x158
  ----- Inner Stack Trace #2 (Xunit.Sdk.TestClassException) -----
  
  [FAIL] System.Runtime.Loader.Tests.ContextualReflectionTest.ActivatorCreateInstanceNullMultiLoadedAssemblyIsolated
  System.AggregateException : One or more errors occurred. (Path "" is not an absolute path. (Parameter 'assemblyPath')) (The following constructor parameters did not have matching fixture data: ContextualReflectionTestFixture fixture)
  ---- System.ArgumentException : Path "" is not an absolute path. (Parameter 'assemblyPath')
  ---- The following constructor parameters did not have matching fixture data: ContextualReflectionTestFixture fixture
  
  ----- Inner Stack Trace #1 (System.ArgumentException) -----
     at System.Runtime.Loader.AssemblyLoadContext.LoadFromAssemblyPath(String) + 0xdc
     at System.Runtime.Loader.Tests.ContextualReflectionTestFixture..ctor() + 0x120
     at System.Runtime.Loader.Tests!<BaseAddress>+0xaa3dc8
     at System.InvokeUtils.CallDynamicInvokeMethod(Object, IntPtr, IntPtr, IntPtr, Object, Object[], BinderBundle, Boolean, Boolean) + 0x158
  ----- Inner Stack Trace #2 (Xunit.Sdk.TestClassException) -----
  
  [FAIL] System.Runtime.Loader.Tests.SatelliteAssembliesTests.describeLib(alc: "Default", type: "ReferencedClassLibNeutralIsSatellite.Program, Refe"..., culture: "en", expected: "English language ReferencedClassLibNeutralIsSatell"...)
  System.AggregateException : One or more errors occurred. (Path "" is not an absolute path. (Parameter 'assemblyPath')) (The following constructor parameters did not have matching fixture data: SatelliteAssembliesTestsFixture fixture)
  ---- System.ArgumentException : Path "" is not an absolute path. (Parameter 'assemblyPath')
  ---- The following constructor parameters did not have matching fixture data: SatelliteAssembliesTestsFixture fixture
  
  ----- Inner Stack Trace #1 (System.ArgumentException) -----
     at System.Runtime.Loader.AssemblyLoadContext.LoadFromAssemblyPath(String) + 0xdc
     at System.Runtime.Loader.Tests.SatelliteAssembliesTestsFixture..ctor() + 0x8d
     at System.Runtime.Loader.Tests!<BaseAddress>+0xaa3dc8
     at System.InvokeUtils.CallDynamicInvokeMethod(Object, IntPtr, IntPtr, IntPtr, Object, Object[], BinderBundle, Boolean, Boolean) + 0x158
  ----- Inner Stack Trace #2 (Xunit.Sdk.TestClassException) -----
  
  [FAIL] System.Runtime.Loader.Tests.ContextualReflectionTest.ActivatorCreateInstanceNullGenericMultiLoadedAssemblyDefault
  System.AggregateException : One or more errors occurred. (Path "" is not an absolute path. (Parameter 'assemblyPath')) (The following constructor parameters did not have matching fixture data: ContextualReflectionTestFixture fixture)
  ---- System.ArgumentException : Path "" is not an absolute path. (Parameter 'assemblyPath')
  ---- The following constructor parameters did not have matching fixture data: ContextualReflectionTestFixture fixture
  
  ----- Inner Stack Trace #1 (System.ArgumentException) -----
     at System.Runtime.Loader.AssemblyLoadContext.LoadFromAssemblyPath(String) + 0xdc
     at System.Runtime.Loader.Tests.ContextualReflectionTestFixture..ctor() + 0x120
     at System.Runtime.Loader.Tests!<BaseAddress>+0xaa3dc8
     at System.InvokeUtils.CallDynamicInvokeMethod(Object, IntPtr, IntPtr, IntPtr, Object, Object[], BinderBundle, Boolean, Boolean) + 0x158
  ----- Inner Stack Trace #2 (Xunit.Sdk.TestClassException) -----
  
  [FAIL] System.Runtime.Loader.Tests.SatelliteAssembliesTests.describeLib(alc: "Default", type: "System.Runtime.Loader.Tests.SatelliteAssembliesTes"..., culture: "fr", expected: "Neutral language Main description 1.0.0")
  System.AggregateException : One or more errors occurred. (Path "" is not an absolute path. (Parameter 'assemblyPath')) (The following constructor parameters did not have matching fixture data: SatelliteAssembliesTestsFixture fixture)
  ---- System.ArgumentException : Path "" is not an absolute path. (Parameter 'assemblyPath')
  ---- The following constructor parameters did not have matching fixture data: SatelliteAssembliesTestsFixture fixture
  
  ----- Inner Stack Trace #1 (System.ArgumentException) -----
     at System.Runtime.Loader.AssemblyLoadContext.LoadFromAssemblyPath(String) + 0xdc
     at System.Runtime.Loader.Tests.SatelliteAssembliesTestsFixture..ctor() + 0x8d
     at System.Runtime.Loader.Tests!<BaseAddress>+0xaa3dc8
     at System.InvokeUtils.CallDynamicInvokeMethod(Object, IntPtr, IntPtr, IntPtr, Object, Object[], BinderBundle, Boolean, Boolean) + 0x158
  ----- Inner Stack Trace #2 (Xunit.Sdk.TestClassException) -----
  
  [FAIL] System.Runtime.Loader.Tests.ContextualReflectionTest.EnterContextualReflectionWithMockAssemblyThrows
  System.AggregateException : One or more errors occurred. (Path "" is not an absolute path. (Parameter 'assemblyPath')) (The following constructor parameters did not have matching fixture data: ContextualReflectionTestFixture fixture)
  ---- System.ArgumentException : Path "" is not an absolute path. (Parameter 'assemblyPath')
  ---- The following constructor parameters did not have matching fixture data: ContextualReflectionTestFixture fixture
  
  ----- Inner Stack Trace #1 (System.ArgumentException) -----
     at System.Runtime.Loader.AssemblyLoadContext.LoadFromAssemblyPath(String) + 0xdc
     at System.Runtime.Loader.Tests.ContextualReflectionTestFixture..ctor() + 0x120
     at System.Runtime.Loader.Tests!<BaseAddress>+0xaa3dc8
     at System.InvokeUtils.CallDynamicInvokeMethod(Object, IntPtr, IntPtr, IntPtr, Object, Object[], BinderBundle, Boolean, Boolean) + 0x158
  ----- Inner Stack Trace #2 (Xunit.Sdk.TestClassException) -----
  
  [FAIL] System.Runtime.Loader.Tests.SatelliteAssembliesTests.describeLib(alc: "LoadFile", type: "System.Runtime.Loader.Tests.SatelliteAssembliesTes"..., culture: "es", expected: "Neutral language Main description 1.0.0")
  System.AggregateException : One or more errors occurred. (Path "" is not an absolute path. (Parameter 'assemblyPath')) (The following constructor parameters did not have matching fixture data: SatelliteAssembliesTestsFixture fixture)
  ---- System.ArgumentException : Path "" is not an absolute path. (Parameter 'assemblyPath')
  ---- The following constructor parameters did not have matching fixture data: SatelliteAssembliesTestsFixture fixture
  
  ----- Inner Stack Trace #1 (System.ArgumentException) -----
     at System.Runtime.Loader.AssemblyLoadContext.LoadFromAssemblyPath(String) + 0xdc
     at System.Runtime.Loader.Tests.SatelliteAssembliesTestsFixture..ctor() + 0x8d
     at System.Runtime.Loader.Tests!<BaseAddress>+0xaa3dc8
     at System.InvokeUtils.CallDynamicInvokeMethod(Object, IntPtr, IntPtr, IntPtr, Object, Object[], BinderBundle, Boolean, Boolean) + 0x158
  ----- Inner Stack Trace #2 (Xunit.Sdk.TestClassException) -----
  
  [FAIL] System.Runtime.Loader.Tests.SatelliteAssembliesTests.describeLib(alc: "Default", type: "ReferencedClassLib.Program, ReferencedClassLib", culture: "en", expected: "English language ReferencedClassLib description 1."...)
  System.AggregateException : One or more errors occurred. (Path "" is not an absolute path. (Parameter 'assemblyPath')) (The following constructor parameters did not have matching fixture data: SatelliteAssembliesTestsFixture fixture)
  ---- System.ArgumentException : Path "" is not an absolute path. (Parameter 'assemblyPath')
  ---- The following constructor parameters did not have matching fixture data: SatelliteAssembliesTestsFixture fixture
  
  ----- Inner Stack Trace #1 (System.ArgumentException) -----
     at System.Runtime.Loader.AssemblyLoadContext.LoadFromAssemblyPath(String) + 0xdc
     at System.Runtime.Loader.Tests.SatelliteAssembliesTestsFixture..ctor() + 0x8d
     at System.Runtime.Loader.Tests!<BaseAddress>+0xaa3dc8
     at System.InvokeUtils.CallDynamicInvokeMethod(Object, IntPtr, IntPtr, IntPtr, Object, Object[], BinderBundle, Boolean, Boolean) + 0x158
  ----- Inner Stack Trace #2 (Xunit.Sdk.TestClassException) -----
  
  [FAIL] System.Runtime.Loader.Tests.ContextualReflectionTest.TypeGetTypeStringSharedAssemblyIsolated
  System.AggregateException : One or more errors occurred. (Path "" is not an absolute path. (Parameter 'assemblyPath')) (The following constructor parameters did not have matching fixture data: ContextualReflectionTestFixture fixture)
  ---- System.ArgumentException : Path "" is not an absolute path. (Parameter 'assemblyPath')
  ---- The following constructor parameters did not have matching fixture data: ContextualReflectionTestFixture fixture
  
  ----- Inner Stack Trace #1 (System.ArgumentException) -----
     at System.Runtime.Loader.AssemblyLoadContext.LoadFromAssemblyPath(String) + 0xdc
     at System.Runtime.Loader.Tests.ContextualReflectionTestFixture..ctor() + 0x120
     at System.Runtime.Loader.Tests!<BaseAddress>+0xaa3dc8
     at System.InvokeUtils.CallDynamicInvokeMethod(Object, IntPtr, IntPtr, IntPtr, Object, Object[], BinderBundle, Boolean, Boolean) + 0x158
  ----- Inner Stack Trace #2 (Xunit.Sdk.TestClassException) -----
  
  [FAIL] System.Runtime.Loader.Tests.AssemblyLoadContextTest.Unload_CollectibleWithOneAssemblyLoadedWithStatic
  System.IO.FileNotFoundException : Cannot load assembly 'System.Runtime.Loader.Test.Assembly'. No metadata found for this assembly.
     at System.Reflection.Runtime.General.ReflectionCoreCallbacksImplementation.Load(AssemblyName, Boolean) + 0x7d
     at System.Runtime.Loader.Tests.AssemblyLoadContextTest.TestBase.CreateContextAndLoadAssembly(Int32) + 0xad
     at System.Runtime.Loader.Tests.AssemblyLoadContextTest.Unload_CollectibleWithOneAssemblyLoadedWithStatic() + 0x2b
     at System.Runtime.Loader.Tests!<BaseAddress>+0xaa3dde
     at System.InvokeUtils.CallDynamicInvokeMethod(Object, IntPtr, IntPtr, IntPtr, Object, Object[], BinderBundle, Boolean, Boolean) + 0x158
  [FAIL] System.Runtime.Loader.Tests.SatelliteAssembliesTests.describeLib(alc: "ReferencedClassLibNeutralIsSatellite", type: "ReferencedClassLibNeutralIsSatellite.Program, Refe"..., culture: "", expected: "Neutral (es) language ReferencedClassLibNeutralIsS"...)
  System.AggregateException : One or more errors occurred. (Path "" is not an absolute path. (Parameter 'assemblyPath')) (The following constructor parameters did not have matching fixture data: SatelliteAssembliesTestsFixture fixture)
  ---- System.ArgumentException : Path "" is not an absolute path. (Parameter 'assemblyPath')
  ---- The following constructor parameters did not have matching fixture data: SatelliteAssembliesTestsFixture fixture
  
  ----- Inner Stack Trace #1 (System.ArgumentException) -----
     at System.Runtime.Loader.AssemblyLoadContext.LoadFromAssemblyPath(String) + 0xdc
     at System.Runtime.Loader.Tests.SatelliteAssembliesTestsFixture..ctor() + 0x8d
     at System.Runtime.Loader.Tests!<BaseAddress>+0xaa3dc8
     at System.InvokeUtils.CallDynamicInvokeMethod(Object, IntPtr, IntPtr, IntPtr, Object, Object[], BinderBundle, Boolean, Boolean) + 0x158
  ----- Inner Stack Trace #2 (Xunit.Sdk.TestClassException) -----
  
  [FAIL] System.Runtime.Loader.Tests.ContextualReflectionTest.TypeGetTypeStringMultiLoadedAssemblyDefault
  System.AggregateException : One or more errors occurred. (Path "" is not an absolute path. (Parameter 'assemblyPath')) (The following constructor parameters did not have matching fixture data: ContextualReflectionTestFixture fixture)
  ---- System.ArgumentException : Path "" is not an absolute path. (Parameter 'assemblyPath')
  ---- The following constructor parameters did not have matching fixture data: ContextualReflectionTestFixture fixture
  
  ----- Inner Stack Trace #1 (System.ArgumentException) -----
     at System.Runtime.Loader.AssemblyLoadContext.LoadFromAssemblyPath(String) + 0xdc
     at System.Runtime.Loader.Tests.ContextualReflectionTestFixture..ctor() + 0x120
     at System.Runtime.Loader.Tests!<BaseAddress>+0xaa3dc8
     at System.InvokeUtils.CallDynamicInvokeMethod(Object, IntPtr, IntPtr, IntPtr, Object, Object[], BinderBundle, Boolean, Boolean) + 0x158
  ----- Inner Stack Trace #2 (Xunit.Sdk.TestClassException) -----
  
  [FAIL] System.Runtime.Loader.Tests.SatelliteAssembliesTests.describeLib(alc: "LoadFile", type: "System.Runtime.Loader.Tests.SatelliteAssembliesTes"..., culture: "", expected: "Neutral language Main description 1.0.0")
  System.AggregateException : One or more errors occurred. (Path "" is not an absolute path. (Parameter 'assemblyPath')) (The following constructor parameters did not have matching fixture data: SatelliteAssembliesTestsFixture fixture)
  ---- System.ArgumentException : Path "" is not an absolute path. (Parameter 'assemblyPath')
  ---- The following constructor parameters did not have matching fixture data: SatelliteAssembliesTestsFixture fixture
  
  ----- Inner Stack Trace #1 (System.ArgumentException) -----
     at System.Runtime.Loader.AssemblyLoadContext.LoadFromAssemblyPath(String) + 0xdc
     at System.Runtime.Loader.Tests.SatelliteAssembliesTestsFixture..ctor() + 0x8d
     at System.Runtime.Loader.Tests!<BaseAddress>+0xaa3dc8
     at System.InvokeUtils.CallDynamicInvokeMethod(Object, IntPtr, IntPtr, IntPtr, Object, Object[], BinderBundle, Boolean, Boolean) + 0x158
  ----- Inner Stack Trace #2 (Xunit.Sdk.TestClassException) -----
  
  [FAIL] System.Runtime.Loader.Tests.ContextualReflectionTest.AssemblyLoadAssemblyNameMultiLoadedAssemblyDefault
  System.AggregateException : One or more errors occurred. (Path "" is not an absolute path. (Parameter 'assemblyPath')) (The following constructor parameters did not have matching fixture data: ContextualReflectionTestFixture fixture)
  ---- System.ArgumentException : Path "" is not an absolute path. (Parameter 'assemblyPath')
  ---- The following constructor parameters did not have matching fixture data: ContextualReflectionTestFixture fixture
  
  ----- Inner Stack Trace #1 (System.ArgumentException) -----
     at System.Runtime.Loader.AssemblyLoadContext.LoadFromAssemblyPath(String) + 0xdc
     at System.Runtime.Loader.Tests.ContextualReflectionTestFixture..ctor() + 0x120
     at System.Runtime.Loader.Tests!<BaseAddress>+0xaa3dc8
     at System.InvokeUtils.CallDynamicInvokeMethod(Object, IntPtr, IntPtr, IntPtr, Object, Object[], BinderBundle, Boolean, Boolean) + 0x158
  ----- Inner Stack Trace #2 (Xunit.Sdk.TestClassException) -----
  
  [FAIL] System.Runtime.Loader.Tests.SatelliteAssembliesTests.describeLib(alc: "Default", type: "ReferencedClassLibNeutralIsSatellite.Program, Refe"..., culture: "es", expected: "Neutral (es) language ReferencedClassLibNeutralIsS"...)
  System.AggregateException : One or more errors occurred. (Path "" is not an absolute path. (Parameter 'assemblyPath')) (The following constructor parameters did not have matching fixture data: SatelliteAssembliesTestsFixture fixture)
  ---- System.ArgumentException : Path "" is not an absolute path. (Parameter 'assemblyPath')
  ---- The following constructor parameters did not have matching fixture data: SatelliteAssembliesTestsFixture fixture
  
  ----- Inner Stack Trace #1 (System.ArgumentException) -----
     at System.Runtime.Loader.AssemblyLoadContext.LoadFromAssemblyPath(String) + 0xdc
     at System.Runtime.Loader.Tests.SatelliteAssembliesTestsFixture..ctor() + 0x8d
     at System.Runtime.Loader.Tests!<BaseAddress>+0xaa3dc8
     at System.InvokeUtils.CallDynamicInvokeMethod(Object, IntPtr, IntPtr, IntPtr, Object, Object[], BinderBundle, Boolean, Boolean) + 0x158
  ----- Inner Stack Trace #2 (Xunit.Sdk.TestClassException) -----
  
  [FAIL] System.Runtime.Loader.Tests.AssemblyLoadContextTest.Unload_CollectibleWithOneAssemblyLoadedWithWeakReferenceToInstance
  System.IO.FileNotFoundException : Cannot load assembly 'System.Runtime.Loader.Test.Assembly'. No metadata found for this assembly.
     at System.Reflection.Runtime.General.ReflectionCoreCallbacksImplementation.Load(AssemblyName, Boolean) + 0x7d
     at System.Runtime.Loader.Tests.AssemblyLoadContextTest.TestBase.CreateContextAndLoadAssembly(Int32) + 0xad
     at System.Runtime.Loader.Tests.AssemblyLoadContextTest.Unload_CollectibleWithOneAssemblyLoadedWithWeakReferenceToInstance() + 0x2b
     at System.Runtime.Loader.Tests!<BaseAddress>+0xaa3dde
     at System.InvokeUtils.CallDynamicInvokeMethod(Object, IntPtr, IntPtr, IntPtr, Object, Object[], BinderBundle, Boolean, Boolean) + 0x158
  [FAIL] System.Runtime.Loader.Tests.SatelliteAssembliesTests.describeLib(alc: "ReferencedClassLib", type: "ReferencedClassLib.Program, ReferencedClassLib", culture: "es", expected: "Neutral language ReferencedClassLib description 1."...)
  System.AggregateException : One or more errors occurred. (Path "" is not an absolute path. (Parameter 'assemblyPath')) (The following constructor parameters did not have matching fixture data: SatelliteAssembliesTestsFixture fixture)
  ---- System.ArgumentException : Path "" is not an absolute path. (Parameter 'assemblyPath')
  ---- The following constructor parameters did not have matching fixture data: SatelliteAssembliesTestsFixture fixture
  
  ----- Inner Stack Trace #1 (System.ArgumentException) -----
     at System.Runtime.Loader.AssemblyLoadContext.LoadFromAssemblyPath(String) + 0xdc
     at System.Runtime.Loader.Tests.SatelliteAssembliesTestsFixture..ctor() + 0x8d
     at System.Runtime.Loader.Tests!<BaseAddress>+0xaa3dc8
     at System.InvokeUtils.CallDynamicInvokeMethod(Object, IntPtr, IntPtr, IntPtr, Object, Object[], BinderBundle, Boolean, Boolean) + 0x158
  ----- Inner Stack Trace #2 (Xunit.Sdk.TestClassException) -----
  
  [FAIL] System.Runtime.Loader.Tests.SatelliteAssembliesTests.describeLib(alc: "SatelliteAssembliesTests", type: "System.Runtime.Loader.Tests.SatelliteAssembliesTes"..., culture: "en-US", expected: "English language Main description 1.0.0")
  System.AggregateException : One or more errors occurred. (Path "" is not an absolute path. (Parameter 'assemblyPath')) (The following constructor parameters did not have matching fixture data: SatelliteAssembliesTestsFixture fixture)
  ---- System.ArgumentException : Path "" is not an absolute path. (Parameter 'assemblyPath')
  ---- The following constructor parameters did not have matching fixture data: SatelliteAssembliesTestsFixture fixture
  
  ----- Inner Stack Trace #1 (System.ArgumentException) -----
     at System.Runtime.Loader.AssemblyLoadContext.LoadFromAssemblyPath(String) + 0xdc
     at System.Runtime.Loader.Tests.SatelliteAssembliesTestsFixture..ctor() + 0x8d
     at System.Runtime.Loader.Tests!<BaseAddress>+0xaa3dc8
     at System.InvokeUtils.CallDynamicInvokeMethod(Object, IntPtr, IntPtr, IntPtr, Object, Object[], BinderBundle, Boolean, Boolean) + 0x158
  ----- Inner Stack Trace #2 (Xunit.Sdk.TestClassException) -----
  
  [FAIL] System.Runtime.Loader.Tests.SatelliteAssembliesTests.describeLib(alc: "SatelliteAssembliesTests", type: "System.Runtime.Loader.Tests.SatelliteAssembliesTes"..., culture: "es", expected: "Neutral language Main description 1.0.0")
  System.AggregateException : One or more errors occurred. (Path "" is not an absolute path. (Parameter 'assemblyPath')) (The following constructor parameters did not have matching fixture data: SatelliteAssembliesTestsFixture fixture)
  ---- System.ArgumentException : Path "" is not an absolute path. (Parameter 'assemblyPath')
  ---- The following constructor parameters did not have matching fixture data: SatelliteAssembliesTestsFixture fixture
  
  ----- Inner Stack Trace #1 (System.ArgumentException) -----
     at System.Runtime.Loader.AssemblyLoadContext.LoadFromAssemblyPath(String) + 0xdc
     at System.Runtime.Loader.Tests.SatelliteAssembliesTestsFixture..ctor() + 0x8d
     at System.Runtime.Loader.Tests!<BaseAddress>+0xaa3dc8
     at System.InvokeUtils.CallDynamicInvokeMethod(Object, IntPtr, IntPtr, IntPtr, Object, Object[], BinderBundle, Boolean, Boolean) + 0x158
  ----- Inner Stack Trace #2 (Xunit.Sdk.TestClassException) -----
  
  [FAIL] System.Runtime.Loader.Tests.SatelliteAssembliesTests.describeLib(alc: "Default", type: "ReferencedClassLib.Program, ReferencedClassLib", culture: "es", expected: "Neutral language ReferencedClassLib description 1."...)
  System.AggregateException : One or more errors occurred. (Path "" is not an absolute path. (Parameter 'assemblyPath')) (The following constructor parameters did not have matching fixture data: SatelliteAssembliesTestsFixture fixture)
  ---- System.ArgumentException : Path "" is not an absolute path. (Parameter 'assemblyPath')
  ---- The following constructor parameters did not have matching fixture data: SatelliteAssembliesTestsFixture fixture
  
  ----- Inner Stack Trace #1 (System.ArgumentException) -----
     at System.Runtime.Loader.AssemblyLoadContext.LoadFromAssemblyPath(String) + 0xdc
     at System.Runtime.Loader.Tests.SatelliteAssembliesTestsFixture..ctor() + 0x8d
     at System.Runtime.Loader.Tests!<BaseAddress>+0xaa3dc8
     at System.InvokeUtils.CallDynamicInvokeMethod(Object, IntPtr, IntPtr, IntPtr, Object, Object[], BinderBundle, Boolean, Boolean) + 0x158
  ----- Inner Stack Trace #2 (Xunit.Sdk.TestClassException) -----
  
  [FAIL] System.Runtime.Loader.Tests.SatelliteAssembliesTests.describeLib(alc: "Default", type: "System.Runtime.Loader.Tests.SatelliteAssembliesTes"..., culture: "", expected: "Neutral language Main description 1.0.0")
  System.AggregateException : One or more errors occurred. (Path "" is not an absolute path. (Parameter 'assemblyPath')) (The following constructor parameters did not have matching fixture data: SatelliteAssembliesTestsFixture fixture)
  ---- System.ArgumentException : Path "" is not an absolute path. (Parameter 'assemblyPath')
  ---- The following constructor parameters did not have matching fixture data: SatelliteAssembliesTestsFixture fixture
  
  ----- Inner Stack Trace #1 (System.ArgumentException) -----
     at System.Runtime.Loader.AssemblyLoadContext.LoadFromAssemblyPath(String) + 0xdc
     at System.Runtime.Loader.Tests.SatelliteAssembliesTestsFixture..ctor() + 0x8d
     at System.Runtime.Loader.Tests!<BaseAddress>+0xaa3dc8
     at System.InvokeUtils.CallDynamicInvokeMethod(Object, IntPtr, IntPtr, IntPtr, Object, Object[], BinderBundle, Boolean, Boolean) + 0x158
  ----- Inner Stack Trace #2 (Xunit.Sdk.TestClassException) -----
  
  [FAIL] System.Runtime.Loader.Tests.SatelliteAssembliesTests.describeLib(alc: "ReferencedClassLibNeutralIsSatellite", type: "ReferencedClassLibNeutralIsSatellite.Program, Refe"..., culture: "es", expected: "Neutral (es) language ReferencedClassLibNeutralIsS"...)
  System.AggregateException : One or more errors occurred. (Path "" is not an absolute path. (Parameter 'assemblyPath')) (The following constructor parameters did not have matching fixture data: SatelliteAssembliesTestsFixture fixture)
  ---- System.ArgumentException : Path "" is not an absolute path. (Parameter 'assemblyPath')
  ---- The following constructor parameters did not have matching fixture data: SatelliteAssembliesTestsFixture fixture
  
  ----- Inner Stack Trace #1 (System.ArgumentException) -----
     at System.Runtime.Loader.AssemblyLoadContext.LoadFromAssemblyPath(String) + 0xdc
     at System.Runtime.Loader.Tests.SatelliteAssembliesTestsFixture..ctor() + 0x8d
     at System.Runtime.Loader.Tests!<BaseAddress>+0xaa3dc8
     at System.InvokeUtils.CallDynamicInvokeMethod(Object, IntPtr, IntPtr, IntPtr, Object, Object[], BinderBundle, Boolean, Boolean) + 0x158
  ----- Inner Stack Trace #2 (Xunit.Sdk.TestClassException) -----
  
  [FAIL] System.Runtime.Loader.Tests.SatelliteAssembliesTests.describeLib(alc: "Default", type: "ReferencedClassLib.Program, ReferencedClassLib", culture: "", expected: "Neutral language ReferencedClassLib description 1."...)
  System.AggregateException : One or more errors occurred. (Path "" is not an absolute path. (Parameter 'assemblyPath')) (The following constructor parameters did not have matching fixture data: SatelliteAssembliesTestsFixture fixture)
  ---- System.ArgumentException : Path "" is not an absolute path. (Parameter 'assemblyPath')
  ---- The following constructor parameters did not have matching fixture data: SatelliteAssembliesTestsFixture fixture
  
  ----- Inner Stack Trace #1 (System.ArgumentException) -----
     at System.Runtime.Loader.AssemblyLoadContext.LoadFromAssemblyPath(String) + 0xdc
     at System.Runtime.Loader.Tests.SatelliteAssembliesTestsFixture..ctor() + 0x8d
     at System.Runtime.Loader.Tests!<BaseAddress>+0xaa3dc8
     at System.InvokeUtils.CallDynamicInvokeMethod(Object, IntPtr, IntPtr, IntPtr, Object, Object[], BinderBundle, Boolean, Boolean) + 0x158
  ----- Inner Stack Trace #2 (Xunit.Sdk.TestClassException) -----
  
  [FAIL] System.Runtime.Loader.Tests.AssemblyLoadContextTest.GetAssemblyNameTest_ValidAssembly
  System.IO.FileNotFoundException : Could not find file 'D:\work\Core\CurrentWork2\runtime\artifacts\bin\System.Runtime.Loader.Tests\Release\net7.0\publish\System.Runtime.Loader.Tests.dll'.
     at Microsoft.Win32.SafeHandles.SafeFileHandle.CreateFile(String, FileMode, FileAccess, FileShare, FileOptions) + 0x147
     at Microsoft.Win32.SafeHandles.SafeFileHandle.Open(String, FileMode, FileAccess, FileShare, FileOptions, Int64) + 0x44
     at System.IO.Strategies.OSFileStreamStrategy..ctor(String, FileMode, FileAccess, FileShare, FileOptions, Int64) + 0x47
     at System.IO.Strategies.FileStreamHelpers.ChooseStrategyCore(String, FileMode, FileAccess, FileShare, FileOptions, Int64) + 0x60
     at System.Reflection.Metadata.MetadataReader.GetAssemblyName(String) + 0x9b
     at System.Runtime.Loader.Tests.AssemblyLoadContextTest.GetAssemblyNameTest_ValidAssembly() + 0x3e
     at System.Runtime.Loader.Tests!<BaseAddress>+0xaa3dde
     at System.InvokeUtils.CallDynamicInvokeMethod(Object, IntPtr, IntPtr, IntPtr, Object, Object[], BinderBundle, Boolean, Boolean) + 0x158
  [FAIL] System.Runtime.Loader.Tests.SatelliteAssembliesTests.describeLib(alc: "SatelliteAssembliesTests", type: "System.Runtime.Loader.Tests.SatelliteAssembliesTes"..., culture: "fr-FR", expected: "Neutral language Main description 1.0.0")
  System.AggregateException : One or more errors occurred. (Path "" is not an absolute path. (Parameter 'assemblyPath')) (The following constructor parameters did not have matching fixture data: SatelliteAssembliesTestsFixture fixture)
  ---- System.ArgumentException : Path "" is not an absolute path. (Parameter 'assemblyPath')
  ---- The following constructor parameters did not have matching fixture data: SatelliteAssembliesTestsFixture fixture
  
  ----- Inner Stack Trace #1 (System.ArgumentException) -----
     at System.Runtime.Loader.AssemblyLoadContext.LoadFromAssemblyPath(String) + 0xdc
     at System.Runtime.Loader.Tests.SatelliteAssembliesTestsFixture..ctor() + 0x8d
     at System.Runtime.Loader.Tests!<BaseAddress>+0xaa3dc8
     at System.InvokeUtils.CallDynamicInvokeMethod(Object, IntPtr, IntPtr, IntPtr, Object, Object[], BinderBundle, Boolean, Boolean) + 0x158
  ----- Inner Stack Trace #2 (Xunit.Sdk.TestClassException) -----
  
  [FAIL] System.Runtime.Loader.Tests.SatelliteAssembliesTests.describeLib(alc: "SatelliteAssembliesTests", type: "System.Runtime.Loader.Tests.SatelliteAssembliesTes"..., culture: "en", expected: "English language Main description 1.0.0")
  System.AggregateException : One or more errors occurred. (Path "" is not an absolute path. (Parameter 'assemblyPath')) (The following constructor parameters did not have matching fixture data: SatelliteAssembliesTestsFixture fixture)
  ---- System.ArgumentException : Path "" is not an absolute path. (Parameter 'assemblyPath')
  ---- The following constructor parameters did not have matching fixture data: SatelliteAssembliesTestsFixture fixture
  
  ----- Inner Stack Trace #1 (System.ArgumentException) -----
     at System.Runtime.Loader.AssemblyLoadContext.LoadFromAssemblyPath(String) + 0xdc
     at System.Runtime.Loader.Tests.SatelliteAssembliesTestsFixture..ctor() + 0x8d
     at System.Runtime.Loader.Tests!<BaseAddress>+0xaa3dc8
     at System.InvokeUtils.CallDynamicInvokeMethod(Object, IntPtr, IntPtr, IntPtr, Object, Object[], BinderBundle, Boolean, Boolean) + 0x158
  ----- Inner Stack Trace #2 (Xunit.Sdk.TestClassException) -----
  
  [FAIL] System.Runtime.Loader.Tests.AssemblyLoadContextTest.LoadAssemblyByStream_ValidUserAssembly
  System.IO.FileNotFoundException : Cannot load assembly 'System.Runtime.Loader.Test.Assembly'. No metadata found for this assembly.
     at System.Reflection.Runtime.General.ReflectionCoreCallbacksImplementation.Load(AssemblyName, Boolean) + 0x7d
     at System.Runtime.Loader.Tests.AssemblyLoadContextTest.LoadAssemblyByStream_ValidUserAssembly() + 0x68
     at System.Runtime.Loader.Tests!<BaseAddress>+0xaa3dde
     at System.InvokeUtils.CallDynamicInvokeMethod(Object, IntPtr, IntPtr, IntPtr, Object, Object[], BinderBundle, Boolean, Boolean) + 0x158
  [FAIL] System.Runtime.Loader.Tests.SatelliteAssembliesTests.describeLib(alc: "ReferencedClassLib", type: "ReferencedClassLib.Program, ReferencedClassLib", culture: "", expected: "Neutral language ReferencedClassLib description 1."...)
  System.AggregateException : One or more errors occurred. (Path "" is not an absolute path. (Parameter 'assemblyPath')) (The following constructor parameters did not have matching fixture data: SatelliteAssembliesTestsFixture fixture)
  ---- System.ArgumentException : Path "" is not an absolute path. (Parameter 'assemblyPath')
  ---- The following constructor parameters did not have matching fixture data: SatelliteAssembliesTestsFixture fixture
  
  ----- Inner Stack Trace #1 (System.ArgumentException) -----
     at System.Runtime.Loader.AssemblyLoadContext.LoadFromAssemblyPath(String) + 0xdc
     at System.Runtime.Loader.Tests.SatelliteAssembliesTestsFixture..ctor() + 0x8d
     at System.Runtime.Loader.Tests!<BaseAddress>+0xaa3dc8
     at System.InvokeUtils.CallDynamicInvokeMethod(Object, IntPtr, IntPtr, IntPtr, Object, Object[], BinderBundle, Boolean, Boolean) + 0x158
  ----- Inner Stack Trace #2 (Xunit.Sdk.TestClassException) -----
  
  [FAIL] System.Runtime.Loader.Tests.SatelliteAssembliesTests.describeLib(alc: "Default", type: "ReferencedClassLibNeutralIsSatellite.Program, Refe"..., culture: "en-US", expected: "English language ReferencedClassLibNeutralIsSatell"...)
  System.AggregateException : One or more errors occurred. (Path "" is not an absolute path. (Parameter 'assemblyPath')) (The following constructor parameters did not have matching fixture data: SatelliteAssembliesTestsFixture fixture)
  ---- System.ArgumentException : Path "" is not an absolute path. (Parameter 'assemblyPath')
  ---- The following constructor parameters did not have matching fixture data: SatelliteAssembliesTestsFixture fixture
  
  ----- Inner Stack Trace #1 (System.ArgumentException) -----
     at System.Runtime.Loader.AssemblyLoadContext.LoadFromAssemblyPath(String) + 0xdc
     at System.Runtime.Loader.Tests.SatelliteAssembliesTestsFixture..ctor() + 0x8d
     at System.Runtime.Loader.Tests!<BaseAddress>+0xaa3dc8
     at System.InvokeUtils.CallDynamicInvokeMethod(Object, IntPtr, IntPtr, IntPtr, Object, Object[], BinderBundle, Boolean, Boolean) + 0x158
  ----- Inner Stack Trace #2 (Xunit.Sdk.TestClassException) -----
  
  [FAIL] System.Runtime.Loader.Tests.SatelliteAssembliesTests.describeLib(alc: "Default", type: "ReferencedClassLibNeutralIsSatellite.Program, Refe"..., culture: "", expected: "Neutral (es) language ReferencedClassLibNeutralIsS"...)
  System.AggregateException : One or more errors occurred. (Path "" is not an absolute path. (Parameter 'assemblyPath')) (The following constructor parameters did not have matching fixture data: SatelliteAssembliesTestsFixture fixture)
  ---- System.ArgumentException : Path "" is not an absolute path. (Parameter 'assemblyPath')
  ---- The following constructor parameters did not have matching fixture data: SatelliteAssembliesTestsFixture fixture
  
  ----- Inner Stack Trace #1 (System.ArgumentException) -----
     at System.Runtime.Loader.AssemblyLoadContext.LoadFromAssemblyPath(String) + 0xdc
     at System.Runtime.Loader.Tests.SatelliteAssembliesTestsFixture..ctor() + 0x8d
     at System.Runtime.Loader.Tests!<BaseAddress>+0xaa3dc8
     at System.InvokeUtils.CallDynamicInvokeMethod(Object, IntPtr, IntPtr, IntPtr, Object, Object[], BinderBundle, Boolean, Boolean) + 0x158
  ----- Inner Stack Trace #2 (Xunit.Sdk.TestClassException) -----
  
  [FAIL] System.Runtime.Loader.Tests.SatelliteAssembliesTests.describeLib(alc: "SatelliteAssembliesTests", type: "System.Runtime.Loader.Tests.SatelliteAssembliesTes"..., culture: "", expected: "Neutral language Main description 1.0.0")
  System.AggregateException : One or more errors occurred. (Path "" is not an absolute path. (Parameter 'assemblyPath')) (The following constructor parameters did not have matching fixture data: SatelliteAssembliesTestsFixture fixture)
  ---- System.ArgumentException : Path "" is not an absolute path. (Parameter 'assemblyPath')
  ---- The following constructor parameters did not have matching fixture data: SatelliteAssembliesTestsFixture fixture
  
  ----- Inner Stack Trace #1 (System.ArgumentException) -----
     at System.Runtime.Loader.AssemblyLoadContext.LoadFromAssemblyPath(String) + 0xdc
     at System.Runtime.Loader.Tests.SatelliteAssembliesTestsFixture..ctor() + 0x8d
     at System.Runtime.Loader.Tests!<BaseAddress>+0xaa3dc8
     at System.InvokeUtils.CallDynamicInvokeMethod(Object, IntPtr, IntPtr, IntPtr, Object, Object[], BinderBundle, Boolean, Boolean) + 0x158
  ----- Inner Stack Trace #2 (Xunit.Sdk.TestClassException) -----
  
  [FAIL] System.Runtime.Loader.Tests.SatelliteAssembliesTests.describeLib(alc: "LoadFile", type: "System.Runtime.Loader.Tests.SatelliteAssembliesTes"..., culture: "en", expected: "English language Main description 1.0.0")
  System.AggregateException : One or more errors occurred. (Path "" is not an absolute path. (Parameter 'assemblyPath')) (The following constructor parameters did not have matching fixture data: SatelliteAssembliesTestsFixture fixture)
  ---- System.ArgumentException : Path "" is not an absolute path. (Parameter 'assemblyPath')
  ---- The following constructor parameters did not have matching fixture data: SatelliteAssembliesTestsFixture fixture
  
  ----- Inner Stack Trace #1 (System.ArgumentException) -----
     at System.Runtime.Loader.AssemblyLoadContext.LoadFromAssemblyPath(String) + 0xdc
     at System.Runtime.Loader.Tests.SatelliteAssembliesTestsFixture..ctor() + 0x8d
     at System.Runtime.Loader.Tests!<BaseAddress>+0xaa3dc8
     at System.InvokeUtils.CallDynamicInvokeMethod(Object, IntPtr, IntPtr, IntPtr, Object, Object[], BinderBundle, Boolean, Boolean) + 0x158
  ----- Inner Stack Trace #2 (Xunit.Sdk.TestClassException) -----
  
  [FAIL] System.Runtime.Loader.Tests.AssemblyLoadContextTest.Unload_CollectibleWithOneAssemblyLoaded
  System.IO.FileNotFoundException : Cannot load assembly 'System.Runtime.Loader.Test.Assembly'. No metadata found for this assembly.
     at System.Reflection.Runtime.General.ReflectionCoreCallbacksImplementation.Load(AssemblyName, Boolean) + 0x7d
     at System.Runtime.Loader.Tests.AssemblyLoadContextTest.TestBase.CreateContextAndLoadAssembly(Int32) + 0xad
     at System.Runtime.Loader.Tests.AssemblyLoadContextTest.Unload_CollectibleWithOneAssemblyLoaded() + 0x2b
     at System.Runtime.Loader.Tests!<BaseAddress>+0xaa3dde
     at System.InvokeUtils.CallDynamicInvokeMethod(Object, IntPtr, IntPtr, IntPtr, Object, Object[], BinderBundle, Boolean, Boolean) + 0x158
  [FAIL] System.Runtime.Loader.Tests.SatelliteAssembliesTests.describeLib(alc: "Default", type: "System.Runtime.Loader.Tests.SatelliteAssembliesTes"..., culture: "es", expected: "Neutral language Main description 1.0.0")
  System.AggregateException : One or more errors occurred. (Path "" is not an absolute path. (Parameter 'assemblyPath')) (The following constructor parameters did not have matching fixture data: SatelliteAssembliesTestsFixture fixture)
  ---- System.ArgumentException : Path "" is not an absolute path. (Parameter 'assemblyPath')
  ---- The following constructor parameters did not have matching fixture data: SatelliteAssembliesTestsFixture fixture
  
  ----- Inner Stack Trace #1 (System.ArgumentException) -----
     at System.Runtime.Loader.AssemblyLoadContext.LoadFromAssemblyPath(String) + 0xdc
     at System.Runtime.Loader.Tests.SatelliteAssembliesTestsFixture..ctor() + 0x8d
     at System.Runtime.Loader.Tests!<BaseAddress>+0xaa3dc8
     at System.InvokeUtils.CallDynamicInvokeMethod(Object, IntPtr, IntPtr, IntPtr, Object, Object[], BinderBundle, Boolean, Boolean) + 0x158
  ----- Inner Stack Trace #2 (Xunit.Sdk.TestClassException) -----
  
  [FAIL] System.Runtime.Loader.Tests.SatelliteAssembliesTests.describeLib(alc: "LoadFile", type: "System.Runtime.Loader.Tests.SatelliteAssembliesTes"..., culture: "es-MX", expected: "Spanish (Mexico) language Main description 1.0.0")
  System.AggregateException : One or more errors occurred. (Path "" is not an absolute path. (Parameter 'assemblyPath')) (The following constructor parameters did not have matching fixture data: SatelliteAssembliesTestsFixture fixture)
  ---- System.ArgumentException : Path "" is not an absolute path. (Parameter 'assemblyPath')
  ---- The following constructor parameters did not have matching fixture data: SatelliteAssembliesTestsFixture fixture
  
  ----- Inner Stack Trace #1 (System.ArgumentException) -----
     at System.Runtime.Loader.AssemblyLoadContext.LoadFromAssemblyPath(String) + 0xdc
     at System.Runtime.Loader.Tests.SatelliteAssembliesTestsFixture..ctor() + 0x8d
     at System.Runtime.Loader.Tests!<BaseAddress>+0xaa3dc8
     at System.InvokeUtils.CallDynamicInvokeMethod(Object, IntPtr, IntPtr, IntPtr, Object, Object[], BinderBundle, Boolean, Boolean) + 0x158
  ----- Inner Stack Trace #2 (Xunit.Sdk.TestClassException) -----
  
  [FAIL] System.Runtime.Loader.Tests.AssemblyLoadContextTest.Unload_TwoCollectibleWithOneAssemblyAndOneInstanceReferencingAnother
  System.IO.FileNotFoundException : Cannot load assembly 'System.Runtime.Loader.Test.Assembly'. No metadata found for this assembly.
     at System.Reflection.Runtime.General.ReflectionCoreCallbacksImplementation.Load(AssemblyName, Boolean) + 0x7d
     at System.Runtime.Loader.Tests.AssemblyLoadContextTest.TestBase.CreateContextAndLoadAssembly(Int32) + 0xad
     at System.Runtime.Loader.Tests.AssemblyLoadContextTest.Unload_TwoCollectibleWithOneAssemblyAndOneInstanceReferencingAnother() + 0x2b
     at System.Runtime.Loader.Tests!<BaseAddress>+0xaa3dde
     at System.InvokeUtils.CallDynamicInvokeMethod(Object, IntPtr, IntPtr, IntPtr, Object, Object[], BinderBundle, Boolean, Boolean) + 0x158
  [FAIL] System.Runtime.Loader.Tests.SatelliteAssembliesTests.describeLib(alc: "ReferencedClassLibNeutralIsSatellite", type: "ReferencedClassLibNeutralIsSatellite.Program, Refe"..., culture: "en", expected: "English language ReferencedClassLibNeutralIsSatell"...)
  System.AggregateException : One or more errors occurred. (Path "" is not an absolute path. (Parameter 'assemblyPath')) (The following constructor parameters did not have matching fixture data: SatelliteAssembliesTestsFixture fixture)
  ---- System.ArgumentException : Path "" is not an absolute path. (Parameter 'assemblyPath')
  ---- The following constructor parameters did not have matching fixture data: SatelliteAssembliesTestsFixture fixture
  
  ----- Inner Stack Trace #1 (System.ArgumentException) -----
     at System.Runtime.Loader.AssemblyLoadContext.LoadFromAssemblyPath(String) + 0xdc
     at System.Runtime.Loader.Tests.SatelliteAssembliesTestsFixture..ctor() + 0x8d
     at System.Runtime.Loader.Tests!<BaseAddress>+0xaa3dc8
     at System.InvokeUtils.CallDynamicInvokeMethod(Object, IntPtr, IntPtr, IntPtr, Object, Object[], BinderBundle, Boolean, Boolean) + 0x158
  ----- Inner Stack Trace #2 (Xunit.Sdk.TestClassException) -----
  
  [FAIL] System.Runtime.Loader.Tests.SatelliteAssembliesTests.describeLib(alc: "Default", type: "System.Runtime.Loader.Tests.SatelliteAssembliesTes"..., culture: "fr-FR", expected: "Neutral language Main description 1.0.0")
  System.AggregateException : One or more errors occurred. (Path "" is not an absolute path. (Parameter 'assemblyPath')) (The following constructor parameters did not have matching fixture data: SatelliteAssembliesTestsFixture fixture)
  ---- System.ArgumentException : Path "" is not an absolute path. (Parameter 'assemblyPath')
  ---- The following constructor parameters did not have matching fixture data: SatelliteAssembliesTestsFixture fixture
  
  ----- Inner Stack Trace #1 (System.ArgumentException) -----
     at System.Runtime.Loader.AssemblyLoadContext.LoadFromAssemblyPath(String) + 0xdc
     at System.Runtime.Loader.Tests.SatelliteAssembliesTestsFixture..ctor() + 0x8d
     at System.Runtime.Loader.Tests!<BaseAddress>+0xaa3dc8
     at System.InvokeUtils.CallDynamicInvokeMethod(Object, IntPtr, IntPtr, IntPtr, Object, Object[], BinderBundle, Boolean, Boolean) + 0x158
  ----- Inner Stack Trace #2 (Xunit.Sdk.TestClassException) -----
  
  [FAIL] System.Runtime.Loader.Tests.SatelliteAssembliesTests.describeLib(alc: "ReferencedClassLib", type: "ReferencedClassLib.Program, ReferencedClassLib", culture: "en", expected: "English language ReferencedClassLib description 1."...)
  System.AggregateException : One or more errors occurred. (Path "" is not an absolute path. (Parameter 'assemblyPath')) (The following constructor parameters did not have matching fixture data: SatelliteAssembliesTestsFixture fixture)
  ---- System.ArgumentException : Path "" is not an absolute path. (Parameter 'assemblyPath')
  ---- The following constructor parameters did not have matching fixture data: SatelliteAssembliesTestsFixture fixture
  
  ----- Inner Stack Trace #1 (System.ArgumentException) -----
     at System.Runtime.Loader.AssemblyLoadContext.LoadFromAssemblyPath(String) + 0xdc
     at System.Runtime.Loader.Tests.SatelliteAssembliesTestsFixture..ctor() + 0x8d
     at System.Runtime.Loader.Tests!<BaseAddress>+0xaa3dc8
     at System.InvokeUtils.CallDynamicInvokeMethod(Object, IntPtr, IntPtr, IntPtr, Object, Object[], BinderBundle, Boolean, Boolean) + 0x158
  ----- Inner Stack Trace #2 (Xunit.Sdk.TestClassException) -----
  
  [FAIL] System.Runtime.Loader.Tests.SatelliteAssembliesTests.describeLib(alc: "ReferencedClassLibNeutralIsSatellite", type: "ReferencedClassLibNeutralIsSatellite.Program, Refe"..., culture: "en-US", expected: "English language ReferencedClassLibNeutralIsSatell"...)
  System.AggregateException : One or more errors occurred. (Path "" is not an absolute path. (Parameter 'assemblyPath')) (The following constructor parameters did not have matching fixture data: SatelliteAssembliesTestsFixture fixture)
  ---- System.ArgumentException : Path "" is not an absolute path. (Parameter 'assemblyPath')
  ---- The following constructor parameters did not have matching fixture data: SatelliteAssembliesTestsFixture fixture
  
  ----- Inner Stack Trace #1 (System.ArgumentException) -----
     at System.Runtime.Loader.AssemblyLoadContext.LoadFromAssemblyPath(String) + 0xdc
     at System.Runtime.Loader.Tests.SatelliteAssembliesTestsFixture..ctor() + 0x8d
     at System.Runtime.Loader.Tests!<BaseAddress>+0xaa3dc8
     at System.InvokeUtils.CallDynamicInvokeMethod(Object, IntPtr, IntPtr, IntPtr, Object, Object[], BinderBundle, Boolean, Boolean) + 0x158
  ----- Inner Stack Trace #2 (Xunit.Sdk.TestClassException) -----
  
  [FAIL] System.Runtime.Loader.Tests.SatelliteAssembliesTests.describeLib(alc: "LoadFile", type: "System.Runtime.Loader.Tests.SatelliteAssembliesTes"..., culture: "en-US", expected: "English language Main description 1.0.0")
  System.AggregateException : One or more errors occurred. (Path "" is not an absolute path. (Parameter 'assemblyPath')) (The following constructor parameters did not have matching fixture data: SatelliteAssembliesTestsFixture fixture)
  ---- System.ArgumentException : Path "" is not an absolute path. (Parameter 'assemblyPath')
  ---- The following constructor parameters did not have matching fixture data: SatelliteAssembliesTestsFixture fixture
  
  ----- Inner Stack Trace #1 (System.ArgumentException) -----
     at System.Runtime.Loader.AssemblyLoadContext.LoadFromAssemblyPath(String) + 0xdc
     at System.Runtime.Loader.Tests.SatelliteAssembliesTestsFixture..ctor() + 0x8d
     at System.Runtime.Loader.Tests!<BaseAddress>+0xaa3dc8
     at System.InvokeUtils.CallDynamicInvokeMethod(Object, IntPtr, IntPtr, IntPtr, Object, Object[], BinderBundle, Boolean, Boolean) + 0x158
  ----- Inner Stack Trace #2 (Xunit.Sdk.TestClassException) -----
  
  [FAIL] System.Runtime.Loader.Tests.AssemblyLoadContextTest.LoadFromAssemblyName_ValidTrustedPlatformAssembly
  Assert.Same() Failure
  Expected: "" System.Runtime.Loader.Tests.CustomTPALoadContext #24
  Actual:   "Default" System.Runtime.Loader.DefaultAssemblyLoadContext #1
     at System.Runtime.Loader.Tests.AssemblyLoadContextTest.LoadFromAssemblyName_ValidTrustedPlatformAssembly() + 0x13a
     at System.Runtime.Loader.Tests!<BaseAddress>+0xaa3dde
     at System.InvokeUtils.CallDynamicInvokeMethod(Object, IntPtr, IntPtr, IntPtr, Object, Object[], BinderBundle, Boolean, Boolean) + 0x158
  [FAIL] System.Runtime.Loader.Tests.SatelliteAssembliesTests.describeLib(alc: "Default", type: "System.Runtime.Loader.Tests.SatelliteAssembliesTes"..., culture: "en-US", expected: "English language Main description 1.0.0")
  System.AggregateException : One or more errors occurred. (Path "" is not an absolute path. (Parameter 'assemblyPath')) (The following constructor parameters did not have matching fixture data: SatelliteAssembliesTestsFixture fixture)
  ---- System.ArgumentException : Path "" is not an absolute path. (Parameter 'assemblyPath')
  ---- The following constructor parameters did not have matching fixture data: SatelliteAssembliesTestsFixture fixture
  
  ----- Inner Stack Trace #1 (System.ArgumentException) -----
     at System.Runtime.Loader.AssemblyLoadContext.LoadFromAssemblyPath(String) + 0xdc
     at System.Runtime.Loader.Tests.SatelliteAssembliesTestsFixture..ctor() + 0x8d
     at System.Runtime.Loader.Tests!<BaseAddress>+0xaa3dc8
     at System.InvokeUtils.CallDynamicInvokeMethod(Object, IntPtr, IntPtr, IntPtr, Object, Object[], BinderBundle, Boolean, Boolean) + 0x158
  ----- Inner Stack Trace #2 (Xunit.Sdk.TestClassException) -----
  
  [FAIL] System.Runtime.Loader.Tests.SatelliteAssembliesTests.describeLib(alc: "SatelliteAssembliesTests", type: "System.Runtime.Loader.Tests.SatelliteAssembliesTes"..., culture: "es-MX", expected: "Spanish (Mexico) language Main description 1.0.0")
  System.AggregateException : One or more errors occurred. (Path "" is not an absolute path. (Parameter 'assemblyPath')) (The following constructor parameters did not have matching fixture data: SatelliteAssembliesTestsFixture fixture)
  ---- System.ArgumentException : Path "" is not an absolute path. (Parameter 'assemblyPath')
  ---- The following constructor parameters did not have matching fixture data: SatelliteAssembliesTestsFixture fixture
  
  ----- Inner Stack Trace #1 (System.ArgumentException) -----
     at System.Runtime.Loader.AssemblyLoadContext.LoadFromAssemblyPath(String) + 0xdc
     at System.Runtime.Loader.Tests.SatelliteAssembliesTestsFixture..ctor() + 0x8d
     at System.Runtime.Loader.Tests!<BaseAddress>+0xaa3dc8
     at System.InvokeUtils.CallDynamicInvokeMethod(Object, IntPtr, IntPtr, IntPtr, Object, Object[], BinderBundle, Boolean, Boolean) + 0x158
  ----- Inner Stack Trace #2 (Xunit.Sdk.TestClassException) -----
  
  [FAIL] System.Runtime.Loader.Tests.AssemblyLoadContextTest.Unload_CollectibleWithOneAssemblyLoadedWithStrongReferenceToInstance
  System.IO.FileNotFoundException : Cannot load assembly 'System.Runtime.Loader.Test.Assembly'. No metadata found for this assembly.
     at System.Reflection.Runtime.General.ReflectionCoreCallbacksImplementation.Load(AssemblyName, Boolean) + 0x7d
     at System.Runtime.Loader.Tests.AssemblyLoadContextTest.TestBase.CreateContextAndLoadAssembly(Int32) + 0xad
     at System.Runtime.Loader.Tests.AssemblyLoadContextTest.Unload_CollectibleWithOneAssemblyLoadedWithStrongReferenceToInstance() + 0x2b
     at System.Runtime.Loader.Tests!<BaseAddress>+0xaa3dde
     at System.InvokeUtils.CallDynamicInvokeMethod(Object, IntPtr, IntPtr, IntPtr, Object, Object[], BinderBundle, Boolean, Boolean) + 0x158
  [FAIL] System.Runtime.Loader.Tests.SatelliteAssembliesTests.describeLib(alc: "Default", type: "System.Runtime.Loader.Tests.SatelliteAssembliesTes"..., culture: "en", expected: "English language Main description 1.0.0")
  System.AggregateException : One or more errors occurred. (Path "" is not an absolute path. (Parameter 'assemblyPath')) (The following constructor parameters did not have matching fixture data: SatelliteAssembliesTestsFixture fixture)
  ---- System.ArgumentException : Path "" is not an absolute path. (Parameter 'assemblyPath')
  ---- The following constructor parameters did not have matching fixture data: SatelliteAssembliesTestsFixture fixture
  
  ----- Inner Stack Trace #1 (System.ArgumentException) -----
     at System.Runtime.Loader.AssemblyLoadContext.LoadFromAssemblyPath(String) + 0xdc
     at System.Runtime.Loader.Tests.SatelliteAssembliesTestsFixture..ctor() + 0x8d
     at System.Runtime.Loader.Tests!<BaseAddress>+0xaa3dc8
     at System.InvokeUtils.CallDynamicInvokeMethod(Object, IntPtr, IntPtr, IntPtr, Object, Object[], BinderBundle, Boolean, Boolean) + 0x158
  ----- Inner Stack Trace #2 (Xunit.Sdk.TestClassException) -----
  
  [FAIL] System.Runtime.Loader.Tests.SatelliteAssembliesTests.describeLib(alc: "Default", type: "ReferencedClassLib.Program, ReferencedClassLib", culture: "en-US", expected: "English language ReferencedClassLib description 1."...)
  System.AggregateException : One or more errors occurred. (Path "" is not an absolute path. (Parameter 'assemblyPath')) (The following constructor parameters did not have matching fixture data: SatelliteAssembliesTestsFixture fixture)
  ---- System.ArgumentException : Path "" is not an absolute path. (Parameter 'assemblyPath')
  ---- The following constructor parameters did not have matching fixture data: SatelliteAssembliesTestsFixture fixture
  
  ----- Inner Stack Trace #1 (System.ArgumentException) -----
     at System.Runtime.Loader.AssemblyLoadContext.LoadFromAssemblyPath(String) + 0xdc
     at System.Runtime.Loader.Tests.SatelliteAssembliesTestsFixture..ctor() + 0x8d
     at System.Runtime.Loader.Tests!<BaseAddress>+0xaa3dc8
     at System.InvokeUtils.CallDynamicInvokeMethod(Object, IntPtr, IntPtr, IntPtr, Object, Object[], BinderBundle, Boolean, Boolean) + 0x158
  ----- Inner Stack Trace #2 (Xunit.Sdk.TestClassException) -----
  
  [FAIL] System.Runtime.Loader.Tests.SatelliteAssembliesTests.describeLib(alc: "LoadFile", type: "System.Runtime.Loader.Tests.SatelliteAssembliesTes"..., culture: "fr", expected: "Neutral language Main description 1.0.0")
  System.AggregateException : One or more errors occurred. (Path "" is not an absolute path. (Parameter 'assemblyPath')) (The following constructor parameters did not have matching fixture data: SatelliteAssembliesTestsFixture fixture)
  ---- System.ArgumentException : Path "" is not an absolute path. (Parameter 'assemblyPath')
  ---- The following constructor parameters did not have matching fixture data: SatelliteAssembliesTestsFixture fixture
  
  ----- Inner Stack Trace #1 (System.ArgumentException) -----
     at System.Runtime.Loader.AssemblyLoadContext.LoadFromAssemblyPath(String) + 0xdc
     at System.Runtime.Loader.Tests.SatelliteAssembliesTestsFixture..ctor() + 0x8d
     at System.Runtime.Loader.Tests!<BaseAddress>+0xaa3dc8
     at System.InvokeUtils.CallDynamicInvokeMethod(Object, IntPtr, IntPtr, IntPtr, Object, Object[], BinderBundle, Boolean, Boolean) + 0x158
  ----- Inner Stack Trace #2 (Xunit.Sdk.TestClassException) -----
  
  [FAIL] System.Runtime.Loader.Tests.AssemblyLoadContextTest.DefaultAssemblyLoadContext_Properties
  System.PlatformNotSupportedException : Operation is not supported on this platform.
     at System.Reflection.Assembly.GetCallingAssembly() + 0x5b
     at System.Runtime.Loader.Tests.AssemblyLoadContextTest.DefaultAssemblyLoadContext_Properties() + 0xae
     at System.Runtime.Loader.Tests!<BaseAddress>+0xaa3dde
     at System.InvokeUtils.CallDynamicInvokeMethod(Object, IntPtr, IntPtr, IntPtr, Object, Object[], BinderBundle, Boolean, Boolean) + 0x158
  [FAIL] System.Runtime.Loader.Tests.SatelliteAssembliesTests.describeLib(alc: "ReferencedClassLib", type: "ReferencedClassLib.Program, ReferencedClassLib", culture: "en-US", expected: "English language ReferencedClassLib description 1."...)
  System.AggregateException : One or more errors occurred. (Path "" is not an absolute path. (Parameter 'assemblyPath')) (The following constructor parameters did not have matching fixture data: SatelliteAssembliesTestsFixture fixture)
  ---- System.ArgumentException : Path "" is not an absolute path. (Parameter 'assemblyPath')
  ---- The following constructor parameters did not have matching fixture data: SatelliteAssembliesTestsFixture fixture
  
  ----- Inner Stack Trace #1 (System.ArgumentException) -----
     at System.Runtime.Loader.AssemblyLoadContext.LoadFromAssemblyPath(String) + 0xdc
     at System.Runtime.Loader.Tests.SatelliteAssembliesTestsFixture..ctor() + 0x8d
     at System.Runtime.Loader.Tests!<BaseAddress>+0xaa3dc8
     at System.InvokeUtils.CallDynamicInvokeMethod(Object, IntPtr, IntPtr, IntPtr, Object, Object[], BinderBundle, Boolean, Boolean) + 0x158
  ----- Inner Stack Trace #2 (Xunit.Sdk.TestClassException) -----
  
  [FAIL] System.Runtime.Loader.Tests.SatelliteAssembliesTests.SatelliteLoadsCorrectly_FromPath(alc: "SatelliteAssembliesTests", assemblyName: "System.Runtime.Loader.Tests", culture: "en")
  System.AggregateException : One or more errors occurred. (Path "" is not an absolute path. (Parameter 'assemblyPath')) (The following constructor parameters did not have matching fixture data: SatelliteAssembliesTestsFixture fixture)
  ---- System.ArgumentException : Path "" is not an absolute path. (Parameter 'assemblyPath')
  ---- The following constructor parameters did not have matching fixture data: SatelliteAssembliesTestsFixture fixture
  
  ----- Inner Stack Trace #1 (System.ArgumentException) -----
     at System.Runtime.Loader.AssemblyLoadContext.LoadFromAssemblyPath(String) + 0xdc
     at System.Runtime.Loader.Tests.SatelliteAssembliesTestsFixture..ctor() + 0x8d
     at System.Runtime.Loader.Tests!<BaseAddress>+0xaa3dc8
     at System.InvokeUtils.CallDynamicInvokeMethod(Object, IntPtr, IntPtr, IntPtr, Object, Object[], BinderBundle, Boolean, Boolean) + 0x158
  ----- Inner Stack Trace #2 (Xunit.Sdk.TestClassException) -----
  
  [FAIL] System.Runtime.Loader.Tests.SatelliteAssembliesTests.SatelliteLoadsCorrectly_FromPath(alc: "Default", assemblyName: "System.Runtime.Loader.Tests", culture: "es-MX")
  System.AggregateException : One or more errors occurred. (Path "" is not an absolute path. (Parameter 'assemblyPath')) (The following constructor parameters did not have matching fixture data: SatelliteAssembliesTestsFixture fixture)
  ---- System.ArgumentException : Path "" is not an absolute path. (Parameter 'assemblyPath')
  ---- The following constructor parameters did not have matching fixture data: SatelliteAssembliesTestsFixture fixture
  
  ----- Inner Stack Trace #1 (System.ArgumentException) -----
     at System.Runtime.Loader.AssemblyLoadContext.LoadFromAssemblyPath(String) + 0xdc
     at System.Runtime.Loader.Tests.SatelliteAssembliesTestsFixture..ctor() + 0x8d
     at System.Runtime.Loader.Tests!<BaseAddress>+0xaa3dc8
     at System.InvokeUtils.CallDynamicInvokeMethod(Object, IntPtr, IntPtr, IntPtr, Object, Object[], BinderBundle, Boolean, Boolean) + 0x158
  ----- Inner Stack Trace #2 (Xunit.Sdk.TestClassException) -----
  
  [FAIL] System.Runtime.Loader.Tests.SatelliteAssembliesTests.SatelliteLoadsCorrectly_FromPath(alc: "SatelliteAssembliesTests", assemblyName: "System.Runtime.Loader.Tests", culture: "es-MX")
  System.AggregateException : One or more errors occurred. (Path "" is not an absolute path. (Parameter 'assemblyPath')) (The following constructor parameters did not have matching fixture data: SatelliteAssembliesTestsFixture fixture)
  ---- System.ArgumentException : Path "" is not an absolute path. (Parameter 'assemblyPath')
  ---- The following constructor parameters did not have matching fixture data: SatelliteAssembliesTestsFixture fixture
  
  ----- Inner Stack Trace #1 (System.ArgumentException) -----
     at System.Runtime.Loader.AssemblyLoadContext.LoadFromAssemblyPath(String) + 0xdc
     at System.Runtime.Loader.Tests.SatelliteAssembliesTestsFixture..ctor() + 0x8d
     at System.Runtime.Loader.Tests!<BaseAddress>+0xaa3dc8
     at System.InvokeUtils.CallDynamicInvokeMethod(Object, IntPtr, IntPtr, IntPtr, Object, Object[], BinderBundle, Boolean, Boolean) + 0x158
  ----- Inner Stack Trace #2 (Xunit.Sdk.TestClassException) -----
  
  [FAIL] System.Runtime.Loader.Tests.SatelliteAssembliesTests.SatelliteLoadsCorrectly_FromPath(alc: "Empty", assemblyName: "ReferencedClassLibNeutralIsSatellite", culture: "es")
  System.AggregateException : One or more errors occurred. (Path "" is not an absolute path. (Parameter 'assemblyPath')) (The following constructor parameters did not have matching fixture data: SatelliteAssembliesTestsFixture fixture)
  ---- System.ArgumentException : Path "" is not an absolute path. (Parameter 'assemblyPath')
  ---- The following constructor parameters did not have matching fixture data: SatelliteAssembliesTestsFixture fixture
  
  ----- Inner Stack Trace #1 (System.ArgumentException) -----
     at System.Runtime.Loader.AssemblyLoadContext.LoadFromAssemblyPath(String) + 0xdc
     at System.Runtime.Loader.Tests.SatelliteAssembliesTestsFixture..ctor() + 0x8d
     at System.Runtime.Loader.Tests!<BaseAddress>+0xaa3dc8
     at System.InvokeUtils.CallDynamicInvokeMethod(Object, IntPtr, IntPtr, IntPtr, Object, Object[], BinderBundle, Boolean, Boolean) + 0x158
  ----- Inner Stack Trace #2 (Xunit.Sdk.TestClassException) -----
  
  [FAIL] System.Runtime.Loader.Tests.AssemblyLoadContextTest.Unload_CollectibleWithOneAssemblyLoadedWithWeakReferenceToType
  System.IO.FileNotFoundException : Cannot load assembly 'System.Runtime.Loader.Test.Assembly'. No metadata found for this assembly.
     at System.Reflection.Runtime.General.ReflectionCoreCallbacksImplementation.Load(AssemblyName, Boolean) + 0x7d
     at System.Runtime.Loader.Tests.AssemblyLoadContextTest.TestBase.CreateContextAndLoadAssembly(Int32) + 0xad
     at System.Runtime.Loader.Tests.AssemblyLoadContextTest.Unload_CollectibleWithOneAssemblyLoadedWithWeakReferenceToType() + 0x2b
     at System.Runtime.Loader.Tests!<BaseAddress>+0xaa3dde
     at System.InvokeUtils.CallDynamicInvokeMethod(Object, IntPtr, IntPtr, IntPtr, Object, Object[], BinderBundle, Boolean, Boolean) + 0x158
  [FAIL] System.Runtime.Loader.Tests.SatelliteAssembliesTests.SatelliteLoadsCorrectly_FromPath(alc: "ReferencedClassLibNeutralIsSatellite", assemblyName: "System.Runtime.Loader.Tests", culture: "es-MX")
  System.AggregateException : One or more errors occurred. (Path "" is not an absolute path. (Parameter 'assemblyPath')) (The following constructor parameters did not have matching fixture data: SatelliteAssembliesTestsFixture fixture)
  ---- System.ArgumentException : Path "" is not an absolute path. (Parameter 'assemblyPath')
  ---- The following constructor parameters did not have matching fixture data: SatelliteAssembliesTestsFixture fixture
  
  ----- Inner Stack Trace #1 (System.ArgumentException) -----
     at System.Runtime.Loader.AssemblyLoadContext.LoadFromAssemblyPath(String) + 0xdc
     at System.Runtime.Loader.Tests.SatelliteAssembliesTestsFixture..ctor() + 0x8d
     at System.Runtime.Loader.Tests!<BaseAddress>+0xaa3dc8
     at System.InvokeUtils.CallDynamicInvokeMethod(Object, IntPtr, IntPtr, IntPtr, Object, Object[], BinderBundle, Boolean, Boolean) + 0x158
  ----- Inner Stack Trace #2 (Xunit.Sdk.TestClassException) -----
  
  [FAIL] System.Runtime.Loader.Tests.SatelliteAssembliesTests.SatelliteLoadsCorrectly_FromPath(alc: "Empty", assemblyName: "ReferencedClassLib", culture: "en")
  System.AggregateException : One or more errors occurred. (Path "" is not an absolute path. (Parameter 'assemblyPath')) (The following constructor parameters did not have matching fixture data: SatelliteAssembliesTestsFixture fixture)
  ---- System.ArgumentException : Path "" is not an absolute path. (Parameter 'assemblyPath')
  ---- The following constructor parameters did not have matching fixture data: SatelliteAssembliesTestsFixture fixture
  
  ----- Inner Stack Trace #1 (System.ArgumentException) -----
     at System.Runtime.Loader.AssemblyLoadContext.LoadFromAssemblyPath(String) + 0xdc
     at System.Runtime.Loader.Tests.SatelliteAssembliesTestsFixture..ctor() + 0x8d
     at System.Runtime.Loader.Tests!<BaseAddress>+0xaa3dc8
     at System.InvokeUtils.CallDynamicInvokeMethod(Object, IntPtr, IntPtr, IntPtr, Object, Object[], BinderBundle, Boolean, Boolean) + 0x158
  ----- Inner Stack Trace #2 (Xunit.Sdk.TestClassException) -----
  
  [FAIL] System.Runtime.Loader.Tests.SatelliteAssembliesTests.SatelliteLoadsCorrectly_FromPath(alc: "ReferencedClassLibNeutralIsSatellite", assemblyName: "ReferencedClassLib", culture: "en")
  System.AggregateException : One or more errors occurred. (Path "" is not an absolute path. (Parameter 'assemblyPath')) (The following constructor parameters did not have matching fixture data: SatelliteAssembliesTestsFixture fixture)
  ---- System.ArgumentException : Path "" is not an absolute path. (Parameter 'assemblyPath')
  ---- The following constructor parameters did not have matching fixture data: SatelliteAssembliesTestsFixture fixture
  
  ----- Inner Stack Trace #1 (System.ArgumentException) -----
     at System.Runtime.Loader.AssemblyLoadContext.LoadFromAssemblyPath(String) + 0xdc
     at System.Runtime.Loader.Tests.SatelliteAssembliesTestsFixture..ctor() + 0x8d
     at System.Runtime.Loader.Tests!<BaseAddress>+0xaa3dc8
     at System.InvokeUtils.CallDynamicInvokeMethod(Object, IntPtr, IntPtr, IntPtr, Object, Object[], BinderBundle, Boolean, Boolean) + 0x158
  ----- Inner Stack Trace #2 (Xunit.Sdk.TestClassException) -----
  
  [FAIL] System.Runtime.Loader.Tests.SatelliteAssembliesTests.SatelliteLoadsCorrectly_FromPath(alc: "ReferencedClassLib", assemblyName: "System.Runtime.Loader.Tests", culture: "en")
  System.AggregateException : One or more errors occurred. (Path "" is not an absolute path. (Parameter 'assemblyPath')) (The following constructor parameters did not have matching fixture data: SatelliteAssembliesTestsFixture fixture)
  ---- System.ArgumentException : Path "" is not an absolute path. (Parameter 'assemblyPath')
  ---- The following constructor parameters did not have matching fixture data: SatelliteAssembliesTestsFixture fixture
  
  ----- Inner Stack Trace #1 (System.ArgumentException) -----
     at System.Runtime.Loader.AssemblyLoadContext.LoadFromAssemblyPath(String) + 0xdc
     at System.Runtime.Loader.Tests.SatelliteAssembliesTestsFixture..ctor() + 0x8d
     at System.Runtime.Loader.Tests!<BaseAddress>+0xaa3dc8
     at System.InvokeUtils.CallDynamicInvokeMethod(Object, IntPtr, IntPtr, IntPtr, Object, Object[], BinderBundle, Boolean, Boolean) + 0x158
  ----- Inner Stack Trace #2 (Xunit.Sdk.TestClassException) -----
  
  [FAIL] System.Runtime.Loader.Tests.SatelliteAssembliesTests.SatelliteLoadsCorrectly_FromPath(alc: "Empty", assemblyName: "ReferencedClassLibNeutralIsSatellite", culture: "en")
  System.AggregateException : One or more errors occurred. (Path "" is not an absolute path. (Parameter 'assemblyPath')) (The following constructor parameters did not have matching fixture data: SatelliteAssembliesTestsFixture fixture)
  ---- System.ArgumentException : Path "" is not an absolute path. (Parameter 'assemblyPath')
  ---- The following constructor parameters did not have matching fixture data: SatelliteAssembliesTestsFixture fixture
  
  ----- Inner Stack Trace #1 (System.ArgumentException) -----
     at System.Runtime.Loader.AssemblyLoadContext.LoadFromAssemblyPath(String) + 0xdc
     at System.Runtime.Loader.Tests.SatelliteAssembliesTestsFixture..ctor() + 0x8d
     at System.Runtime.Loader.Tests!<BaseAddress>+0xaa3dc8
     at System.InvokeUtils.CallDynamicInvokeMethod(Object, IntPtr, IntPtr, IntPtr, Object, Object[], BinderBundle, Boolean, Boolean) + 0x158
  ----- Inner Stack Trace #2 (Xunit.Sdk.TestClassException) -----
  
  [FAIL] System.Runtime.Loader.Tests.SatelliteAssembliesTests.SatelliteLoadsCorrectly_FromPath(alc: "ReferencedClassLibNeutralIsSatellite", assemblyName: "System.Runtime.Loader.Tests", culture: "en")
  System.AggregateException : One or more errors occurred. (Path "" is not an absolute path. (Parameter 'assemblyPath')) (The following constructor parameters did not have matching fixture data: SatelliteAssembliesTestsFixture fixture)
  ---- System.ArgumentException : Path "" is not an absolute path. (Parameter 'assemblyPath')
  ---- The following constructor parameters did not have matching fixture data: SatelliteAssembliesTestsFixture fixture
  
  ----- Inner Stack Trace #1 (System.ArgumentException) -----
     at System.Runtime.Loader.AssemblyLoadContext.LoadFromAssemblyPath(String) + 0xdc
     at System.Runtime.Loader.Tests.SatelliteAssembliesTestsFixture..ctor() + 0x8d
     at System.Runtime.Loader.Tests!<BaseAddress>+0xaa3dc8
     at System.InvokeUtils.CallDynamicInvokeMethod(Object, IntPtr, IntPtr, IntPtr, Object, Object[], BinderBundle, Boolean, Boolean) + 0x158
  ----- Inner Stack Trace #2 (Xunit.Sdk.TestClassException) -----
  
  [FAIL] System.Runtime.Loader.Tests.SatelliteAssembliesTests.SatelliteLoadsCorrectly_FromPath(alc: "LoadFile", assemblyName: "ReferencedClassLibNeutralIsSatellite", culture: "es")
  System.AggregateException : One or more errors occurred. (Path "" is not an absolute path. (Parameter 'assemblyPath')) (The following constructor parameters did not have matching fixture data: SatelliteAssembliesTestsFixture fixture)
  ---- System.ArgumentException : Path "" is not an absolute path. (Parameter 'assemblyPath')
  ---- The following constructor parameters did not have matching fixture data: SatelliteAssembliesTestsFixture fixture
  
  ----- Inner Stack Trace #1 (System.ArgumentException) -----
     at System.Runtime.Loader.AssemblyLoadContext.LoadFromAssemblyPath(String) + 0xdc
     at System.Runtime.Loader.Tests.SatelliteAssembliesTestsFixture..ctor() + 0x8d
     at System.Runtime.Loader.Tests!<BaseAddress>+0xaa3dc8
     at System.InvokeUtils.CallDynamicInvokeMethod(Object, IntPtr, IntPtr, IntPtr, Object, Object[], BinderBundle, Boolean, Boolean) + 0x158
  ----- Inner Stack Trace #2 (Xunit.Sdk.TestClassException) -----
  
  [FAIL] System.Runtime.Loader.Tests.SatelliteAssembliesTests.SatelliteLoadsCorrectly_FromPath(alc: "Empty", assemblyName: "System.Runtime.Loader.Tests", culture: "es-MX")
  System.AggregateException : One or more errors occurred. (Path "" is not an absolute path. (Parameter 'assemblyPath')) (The following constructor parameters did not have matching fixture data: SatelliteAssembliesTestsFixture fixture)
  ---- System.ArgumentException : Path "" is not an absolute path. (Parameter 'assemblyPath')
  ---- The following constructor parameters did not have matching fixture data: SatelliteAssembliesTestsFixture fixture
  
  ----- Inner Stack Trace #1 (System.ArgumentException) -----
     at System.Runtime.Loader.AssemblyLoadContext.LoadFromAssemblyPath(String) + 0xdc
     at System.Runtime.Loader.Tests.SatelliteAssembliesTestsFixture..ctor() + 0x8d
     at System.Runtime.Loader.Tests!<BaseAddress>+0xaa3dc8
     at System.InvokeUtils.CallDynamicInvokeMethod(Object, IntPtr, IntPtr, IntPtr, Object, Object[], BinderBundle, Boolean, Boolean) + 0x158
  ----- Inner Stack Trace #2 (Xunit.Sdk.TestClassException) -----
  
  [FAIL] System.Runtime.Loader.Tests.SatelliteAssembliesTests.SatelliteLoadsCorrectly_FromPath(alc: "ReferencedClassLib", assemblyName: "ReferencedClassLibNeutralIsSatellite", culture: "en")
  System.AggregateException : One or more errors occurred. (Path "" is not an absolute path. (Parameter 'assemblyPath')) (The following constructor parameters did not have matching fixture data: SatelliteAssembliesTestsFixture fixture)
  ---- System.ArgumentException : Path "" is not an absolute path. (Parameter 'assemblyPath')
  ---- The following constructor parameters did not have matching fixture data: SatelliteAssembliesTestsFixture fixture
  
  ----- Inner Stack Trace #1 (System.ArgumentException) -----
     at System.Runtime.Loader.AssemblyLoadContext.LoadFromAssemblyPath(String) + 0xdc
     at System.Runtime.Loader.Tests.SatelliteAssembliesTestsFixture..ctor() + 0x8d
     at System.Runtime.Loader.Tests!<BaseAddress>+0xaa3dc8
     at System.InvokeUtils.CallDynamicInvokeMethod(Object, IntPtr, IntPtr, IntPtr, Object, Object[], BinderBundle, Boolean, Boolean) + 0x158
  ----- Inner Stack Trace #2 (Xunit.Sdk.TestClassException) -----
  
  [FAIL] System.Runtime.Loader.Tests.SatelliteAssembliesTests.SatelliteLoadsCorrectly_FromPath(alc: "Default", assemblyName: "ReferencedClassLibNeutralIsSatellite", culture: "es")
  System.AggregateException : One or more errors occurred. (Path "" is not an absolute path. (Parameter 'assemblyPath')) (The following constructor parameters did not have matching fixture data: SatelliteAssembliesTestsFixture fixture)
  ---- System.ArgumentException : Path "" is not an absolute path. (Parameter 'assemblyPath')
  ---- The following constructor parameters did not have matching fixture data: SatelliteAssembliesTestsFixture fixture
  
  ----- Inner Stack Trace #1 (System.ArgumentException) -----
     at System.Runtime.Loader.AssemblyLoadContext.LoadFromAssemblyPath(String) + 0xdc
     at System.Runtime.Loader.Tests.SatelliteAssembliesTestsFixture..ctor() + 0x8d
     at System.Runtime.Loader.Tests!<BaseAddress>+0xaa3dc8
     at System.InvokeUtils.CallDynamicInvokeMethod(Object, IntPtr, IntPtr, IntPtr, Object, Object[], BinderBundle, Boolean, Boolean) + 0x158
  ----- Inner Stack Trace #2 (Xunit.Sdk.TestClassException) -----
  
  [FAIL] System.Runtime.Loader.Tests.SatelliteAssembliesTests.SatelliteLoadsCorrectly_FromPath(alc: "ReferencedClassLib", assemblyName: "System.Runtime.Loader.Tests", culture: "es-MX")
  System.AggregateException : One or more errors occurred. (Path "" is not an absolute path. (Parameter 'assemblyPath')) (The following constructor parameters did not have matching fixture data: SatelliteAssembliesTestsFixture fixture)
  ---- System.ArgumentException : Path "" is not an absolute path. (Parameter 'assemblyPath')
  ---- The following constructor parameters did not have matching fixture data: SatelliteAssembliesTestsFixture fixture
  
  ----- Inner Stack Trace #1 (System.ArgumentException) -----
     at System.Runtime.Loader.AssemblyLoadContext.LoadFromAssemblyPath(String) + 0xdc
     at System.Runtime.Loader.Tests.SatelliteAssembliesTestsFixture..ctor() + 0x8d
     at System.Runtime.Loader.Tests!<BaseAddress>+0xaa3dc8
     at System.InvokeUtils.CallDynamicInvokeMethod(Object, IntPtr, IntPtr, IntPtr, Object, Object[], BinderBundle, Boolean, Boolean) + 0x158
  ----- Inner Stack Trace #2 (Xunit.Sdk.TestClassException) -----
  
  [FAIL] System.Runtime.Loader.Tests.SatelliteAssembliesTests.SatelliteLoadsCorrectly_FromPath(alc: "LoadFile", assemblyName: "System.Runtime.Loader.Tests", culture: "en")
  System.AggregateException : One or more errors occurred. (Path "" is not an absolute path. (Parameter 'assemblyPath')) (The following constructor parameters did not have matching fixture data: SatelliteAssembliesTestsFixture fixture)
  ---- System.ArgumentException : Path "" is not an absolute path. (Parameter 'assemblyPath')
  ---- The following constructor parameters did not have matching fixture data: SatelliteAssembliesTestsFixture fixture
  
  ----- Inner Stack Trace #1 (System.ArgumentException) -----
     at System.Runtime.Loader.AssemblyLoadContext.LoadFromAssemblyPath(String) + 0xdc
     at System.Runtime.Loader.Tests.SatelliteAssembliesTestsFixture..ctor() + 0x8d
     at System.Runtime.Loader.Tests!<BaseAddress>+0xaa3dc8
     at System.InvokeUtils.CallDynamicInvokeMethod(Object, IntPtr, IntPtr, IntPtr, Object, Object[], BinderBundle, Boolean, Boolean) + 0x158
  ----- Inner Stack Trace #2 (Xunit.Sdk.TestClassException) -----
  
  [FAIL] System.Runtime.Loader.Tests.SatelliteAssembliesTests.SatelliteLoadsCorrectly_FromPath(alc: "LoadFile", assemblyName: "System.Runtime.Loader.Tests", culture: "es-MX")
  System.AggregateException : One or more errors occurred. (Path "" is not an absolute path. (Parameter 'assemblyPath')) (The following constructor parameters did not have matching fixture data: SatelliteAssembliesTestsFixture fixture)
  ---- System.ArgumentException : Path "" is not an absolute path. (Parameter 'assemblyPath')
  ---- The following constructor parameters did not have matching fixture data: SatelliteAssembliesTestsFixture fixture
  
  ----- Inner Stack Trace #1 (System.ArgumentException) -----
     at System.Runtime.Loader.AssemblyLoadContext.LoadFromAssemblyPath(String) + 0xdc
     at System.Runtime.Loader.Tests.SatelliteAssembliesTestsFixture..ctor() + 0x8d
     at System.Runtime.Loader.Tests!<BaseAddress>+0xaa3dc8
     at System.InvokeUtils.CallDynamicInvokeMethod(Object, IntPtr, IntPtr, IntPtr, Object, Object[], BinderBundle, Boolean, Boolean) + 0x158
  ----- Inner Stack Trace #2 (Xunit.Sdk.TestClassException) -----
  
  [FAIL] System.Runtime.Loader.Tests.SatelliteAssembliesTests.SatelliteLoadsCorrectly_FromPath(alc: "ReferencedClassLibNeutralIsSatellite", assemblyName: "ReferencedClassLibNeutralIsSatellite", culture: "es")
  System.AggregateException : One or more errors occurred. (Path "" is not an absolute path. (Parameter 'assemblyPath')) (The following constructor parameters did not have matching fixture data: SatelliteAssembliesTestsFixture fixture)
  ---- System.ArgumentException : Path "" is not an absolute path. (Parameter 'assemblyPath')
  ---- The following constructor parameters did not have matching fixture data: SatelliteAssembliesTestsFixture fixture
  
  ----- Inner Stack Trace #1 (System.ArgumentException) -----
     at System.Runtime.Loader.AssemblyLoadContext.LoadFromAssemblyPath(String) + 0xdc
     at System.Runtime.Loader.Tests.SatelliteAssembliesTestsFixture..ctor() + 0x8d
     at System.Runtime.Loader.Tests!<BaseAddress>+0xaa3dc8
     at System.InvokeUtils.CallDynamicInvokeMethod(Object, IntPtr, IntPtr, IntPtr, Object, Object[], BinderBundle, Boolean, Boolean) + 0x158
  ----- Inner Stack Trace #2 (Xunit.Sdk.TestClassException) -----
  
  [FAIL] System.Runtime.Loader.Tests.SatelliteAssembliesTests.SatelliteLoadsCorrectly_FromPath(alc: "LoadFile", assemblyName: "ReferencedClassLib", culture: "en")
  System.AggregateException : One or more errors occurred. (Path "" is not an absolute path. (Parameter 'assemblyPath')) (The following constructor parameters did not have matching fixture data: SatelliteAssembliesTestsFixture fixture)
  ---- System.ArgumentException : Path "" is not an absolute path. (Parameter 'assemblyPath')
  ---- The following constructor parameters did not have matching fixture data: SatelliteAssembliesTestsFixture fixture
  
  ----- Inner Stack Trace #1 (System.ArgumentException) -----
     at System.Runtime.Loader.AssemblyLoadContext.LoadFromAssemblyPath(String) + 0xdc
     at System.Runtime.Loader.Tests.SatelliteAssembliesTestsFixture..ctor() + 0x8d
     at System.Runtime.Loader.Tests!<BaseAddress>+0xaa3dc8
     at System.InvokeUtils.CallDynamicInvokeMethod(Object, IntPtr, IntPtr, IntPtr, Object, Object[], BinderBundle, Boolean, Boolean) + 0x158
  ----- Inner Stack Trace #2 (Xunit.Sdk.TestClassException) -----
  
  [FAIL] System.Runtime.Loader.Tests.SatelliteAssembliesTests.SatelliteLoadsCorrectly_FromPath(alc: "ReferencedClassLib", assemblyName: "ReferencedClassLibNeutralIsSatellite", culture: "es")
  System.AggregateException : One or more errors occurred. (Path "" is not an absolute path. (Parameter 'assemblyPath')) (The following constructor parameters did not have matching fixture data: SatelliteAssembliesTestsFixture fixture)
  ---- System.ArgumentException : Path "" is not an absolute path. (Parameter 'assemblyPath')
  ---- The following constructor parameters did not have matching fixture data: SatelliteAssembliesTestsFixture fixture
  
  ----- Inner Stack Trace #1 (System.ArgumentException) -----
     at System.Runtime.Loader.AssemblyLoadContext.LoadFromAssemblyPath(String) + 0xdc
     at System.Runtime.Loader.Tests.SatelliteAssembliesTestsFixture..ctor() + 0x8d
     at System.Runtime.Loader.Tests!<BaseAddress>+0xaa3dc8
     at System.InvokeUtils.CallDynamicInvokeMethod(Object, IntPtr, IntPtr, IntPtr, Object, Object[], BinderBundle, Boolean, Boolean) + 0x158
  ----- Inner Stack Trace #2 (Xunit.Sdk.TestClassException) -----
  
  [FAIL] System.Runtime.Loader.Tests.SatelliteAssembliesTests.SatelliteLoadsCorrectly_FromPath(alc: "Default", assemblyName: "ReferencedClassLib", culture: "en")
  System.AggregateException : One or more errors occurred. (Path "" is not an absolute path. (Parameter 'assemblyPath')) (The following constructor parameters did not have matching fixture data: SatelliteAssembliesTestsFixture fixture)
  ---- System.ArgumentException : Path "" is not an absolute path. (Parameter 'assemblyPath')
  ---- The following constructor parameters did not have matching fixture data: SatelliteAssembliesTestsFixture fixture
  
  ----- Inner Stack Trace #1 (System.ArgumentException) -----
     at System.Runtime.Loader.AssemblyLoadContext.LoadFromAssemblyPath(String) + 0xdc
     at System.Runtime.Loader.Tests.SatelliteAssembliesTestsFixture..ctor() + 0x8d
     at System.Runtime.Loader.Tests!<BaseAddress>+0xaa3dc8
     at System.InvokeUtils.CallDynamicInvokeMethod(Object, IntPtr, IntPtr, IntPtr, Object, Object[], BinderBundle, Boolean, Boolean) + 0x158
  ----- Inner Stack Trace #2 (Xunit.Sdk.TestClassException) -----
  
  [FAIL] System.Runtime.Loader.Tests.SatelliteAssembliesTests.SatelliteLoadsCorrectly_FromPath(alc: "LoadFile", assemblyName: "ReferencedClassLibNeutralIsSatellite", culture: "en")
  System.AggregateException : One or more errors occurred. (Path "" is not an absolute path. (Parameter 'assemblyPath')) (The following constructor parameters did not have matching fixture data: SatelliteAssembliesTestsFixture fixture)
  ---- System.ArgumentException : Path "" is not an absolute path. (Parameter 'assemblyPath')
  ---- The following constructor parameters did not have matching fixture data: SatelliteAssembliesTestsFixture fixture
  
  ----- Inner Stack Trace #1 (System.ArgumentException) -----
     at System.Runtime.Loader.AssemblyLoadContext.LoadFromAssemblyPath(String) + 0xdc
     at System.Runtime.Loader.Tests.SatelliteAssembliesTestsFixture..ctor() + 0x8d
     at System.Runtime.Loader.Tests!<BaseAddress>+0xaa3dc8
     at System.InvokeUtils.CallDynamicInvokeMethod(Object, IntPtr, IntPtr, IntPtr, Object, Object[], BinderBundle, Boolean, Boolean) + 0x158
  ----- Inner Stack Trace #2 (Xunit.Sdk.TestClassException) -----
  
  [FAIL] System.Runtime.Loader.Tests.SatelliteAssembliesTests.SatelliteLoadsCorrectly_FromPath(alc: "ReferencedClassLib", assemblyName: "ReferencedClassLib", culture: "en")
  System.AggregateException : One or more errors occurred. (Path "" is not an absolute path. (Parameter 'assemblyPath')) (The following constructor parameters did not have matching fixture data: SatelliteAssembliesTestsFixture fixture)
  ---- System.ArgumentException : Path "" is not an absolute path. (Parameter 'assemblyPath')
  ---- The following constructor parameters did not have matching fixture data: SatelliteAssembliesTestsFixture fixture
  
  ----- Inner Stack Trace #1 (System.ArgumentException) -----
     at System.Runtime.Loader.AssemblyLoadContext.LoadFromAssemblyPath(String) + 0xdc
     at System.Runtime.Loader.Tests.SatelliteAssembliesTestsFixture..ctor() + 0x8d
     at System.Runtime.Loader.Tests!<BaseAddress>+0xaa3dc8
     at System.InvokeUtils.CallDynamicInvokeMethod(Object, IntPtr, IntPtr, IntPtr, Object, Object[], BinderBundle, Boolean, Boolean) + 0x158
  ----- Inner Stack Trace #2 (Xunit.Sdk.TestClassException) -----
  
  [FAIL] System.Runtime.Loader.Tests.SatelliteAssembliesTests.SatelliteLoadsCorrectly_FromPath(alc: "Empty", assemblyName: "System.Runtime.Loader.Tests", culture: "en")
  System.AggregateException : One or more errors occurred. (Path "" is not an absolute path. (Parameter 'assemblyPath')) (The following constructor parameters did not have matching fixture data: SatelliteAssembliesTestsFixture fixture)
  ---- System.ArgumentException : Path "" is not an absolute path. (Parameter 'assemblyPath')
  ---- The following constructor parameters did not have matching fixture data: SatelliteAssembliesTestsFixture fixture
  
  ----- Inner Stack Trace #1 (System.ArgumentException) -----
     at System.Runtime.Loader.AssemblyLoadContext.LoadFromAssemblyPath(String) + 0xdc
     at System.Runtime.Loader.Tests.SatelliteAssembliesTestsFixture..ctor() + 0x8d
     at System.Runtime.Loader.Tests!<BaseAddress>+0xaa3dc8
     at System.InvokeUtils.CallDynamicInvokeMethod(Object, IntPtr, IntPtr, IntPtr, Object, Object[], BinderBundle, Boolean, Boolean) + 0x158
  ----- Inner Stack Trace #2 (Xunit.Sdk.TestClassException) -----
  
  [FAIL] System.Runtime.Loader.Tests.SatelliteAssembliesTests.SatelliteLoadsCorrectly_FromPath(alc: "Default", assemblyName: "System.Runtime.Loader.Tests", culture: "en")
  System.AggregateException : One or more errors occurred. (Path "" is not an absolute path. (Parameter 'assemblyPath')) (The following constructor parameters did not have matching fixture data: SatelliteAssembliesTestsFixture fixture)
  ---- System.ArgumentException : Path "" is not an absolute path. (Parameter 'assemblyPath')
  ---- The following constructor parameters did not have matching fixture data: SatelliteAssembliesTestsFixture fixture
  
  ----- Inner Stack Trace #1 (System.ArgumentException) -----
     at System.Runtime.Loader.AssemblyLoadContext.LoadFromAssemblyPath(String) + 0xdc
     at System.Runtime.Loader.Tests.SatelliteAssembliesTestsFixture..ctor() + 0x8d
     at System.Runtime.Loader.Tests!<BaseAddress>+0xaa3dc8
     at System.InvokeUtils.CallDynamicInvokeMethod(Object, IntPtr, IntPtr, IntPtr, Object, Object[], BinderBundle, Boolean, Boolean) + 0x158
  ----- Inner Stack Trace #2 (Xunit.Sdk.TestClassException) -----
  
  [FAIL] System.Runtime.Loader.Tests.SatelliteAssembliesTests.SatelliteLoadsCorrectly_FromPath(alc: "ReferencedClassLibNeutralIsSatellite", assemblyName: "ReferencedClassLibNeutralIsSatellite", culture: "en")
  System.AggregateException : One or more errors occurred. (Path "" is not an absolute path. (Parameter 'assemblyPath')) (The following constructor parameters did not have matching fixture data: SatelliteAssembliesTestsFixture fixture)
  ---- System.ArgumentException : Path "" is not an absolute path. (Parameter 'assemblyPath')
  ---- The following constructor parameters did not have matching fixture data: SatelliteAssembliesTestsFixture fixture
  
  ----- Inner Stack Trace #1 (System.ArgumentException) -----
     at System.Runtime.Loader.AssemblyLoadContext.LoadFromAssemblyPath(String) + 0xdc
     at System.Runtime.Loader.Tests.SatelliteAssembliesTestsFixture..ctor() + 0x8d
     at System.Runtime.Loader.Tests!<BaseAddress>+0xaa3dc8
     at System.InvokeUtils.CallDynamicInvokeMethod(Object, IntPtr, IntPtr, IntPtr, Object, Object[], BinderBundle, Boolean, Boolean) + 0x158
  ----- Inner Stack Trace #2 (Xunit.Sdk.TestClassException) -----
  
  [FAIL] System.Runtime.Loader.Tests.SatelliteAssembliesTests.SatelliteLoadsCorrectly_FromPath(alc: "Default", assemblyName: "ReferencedClassLibNeutralIsSatellite", culture: "en")
  System.AggregateException : One or more errors occurred. (Path "" is not an absolute path. (Parameter 'assemblyPath')) (The following constructor parameters did not have matching fixture data: SatelliteAssembliesTestsFixture fixture)
  ---- System.ArgumentException : Path "" is not an absolute path. (Parameter 'assemblyPath')
  ---- The following constructor parameters did not have matching fixture data: SatelliteAssembliesTestsFixture fixture
  
  ----- Inner Stack Trace #1 (System.ArgumentException) -----
     at System.Runtime.Loader.AssemblyLoadContext.LoadFromAssemblyPath(String) + 0xdc
     at System.Runtime.Loader.Tests.SatelliteAssembliesTestsFixture..ctor() + 0x8d
     at System.Runtime.Loader.Tests!<BaseAddress>+0xaa3dc8
     at System.InvokeUtils.CallDynamicInvokeMethod(Object, IntPtr, IntPtr, IntPtr, Object, Object[], BinderBundle, Boolean, Boolean) + 0x158
  ----- Inner Stack Trace #2 (Xunit.Sdk.TestClassException) -----
  
  [FAIL] System.Runtime.Loader.Tests.SatelliteAssembliesTests.mainResources(lang: "es-MX", expected: "Spanish (Mexico) language Main description 1.0.0")
  System.AggregateException : One or more errors occurred. (Path "" is not an absolute path. (Parameter 'assemblyPath')) (The following constructor parameters did not have matching fixture data: SatelliteAssembliesTestsFixture fixture)
  ---- System.ArgumentException : Path "" is not an absolute path. (Parameter 'assemblyPath')
  ---- The following constructor parameters did not have matching fixture data: SatelliteAssembliesTestsFixture fixture
  
  ----- Inner Stack Trace #1 (System.ArgumentException) -----
     at System.Runtime.Loader.AssemblyLoadContext.LoadFromAssemblyPath(String) + 0xdc
     at System.Runtime.Loader.Tests.SatelliteAssembliesTestsFixture..ctor() + 0x8d
     at System.Runtime.Loader.Tests!<BaseAddress>+0xaa3dc8
     at System.InvokeUtils.CallDynamicInvokeMethod(Object, IntPtr, IntPtr, IntPtr, Object, Object[], BinderBundle, Boolean, Boolean) + 0x158
  ----- Inner Stack Trace #2 (Xunit.Sdk.TestClassException) -----
  
  [FAIL] System.Runtime.Loader.Tests.SatelliteAssembliesTests.mainResources(lang: "es", expected: "Neutral language Main description 1.0.0")
  System.AggregateException : One or more errors occurred. (Path "" is not an absolute path. (Parameter 'assemblyPath')) (The following constructor parameters did not have matching fixture data: SatelliteAssembliesTestsFixture fixture)
  ---- System.ArgumentException : Path "" is not an absolute path. (Parameter 'assemblyPath')
  ---- The following constructor parameters did not have matching fixture data: SatelliteAssembliesTestsFixture fixture
  
  ----- Inner Stack Trace #1 (System.ArgumentException) -----
     at System.Runtime.Loader.AssemblyLoadContext.LoadFromAssemblyPath(String) + 0xdc
     at System.Runtime.Loader.Tests.SatelliteAssembliesTestsFixture..ctor() + 0x8d
     at System.Runtime.Loader.Tests!<BaseAddress>+0xaa3dc8
     at System.InvokeUtils.CallDynamicInvokeMethod(Object, IntPtr, IntPtr, IntPtr, Object, Object[], BinderBundle, Boolean, Boolean) + 0x158
  ----- Inner Stack Trace #2 (Xunit.Sdk.TestClassException) -----
  
  [FAIL] System.Runtime.Loader.Tests.SatelliteAssembliesTests.mainResources(lang: "en-US", expected: "English language Main description 1.0.0")
  System.AggregateException : One or more errors occurred. (Path "" is not an absolute path. (Parameter 'assemblyPath')) (The following constructor parameters did not have matching fixture data: SatelliteAssembliesTestsFixture fixture)
  ---- System.ArgumentException : Path "" is not an absolute path. (Parameter 'assemblyPath')
  ---- The following constructor parameters did not have matching fixture data: SatelliteAssembliesTestsFixture fixture
  
  ----- Inner Stack Trace #1 (System.ArgumentException) -----
     at System.Runtime.Loader.AssemblyLoadContext.LoadFromAssemblyPath(String) + 0xdc
     at System.Runtime.Loader.Tests.SatelliteAssembliesTestsFixture..ctor() + 0x8d
     at System.Runtime.Loader.Tests!<BaseAddress>+0xaa3dc8
     at System.InvokeUtils.CallDynamicInvokeMethod(Object, IntPtr, IntPtr, IntPtr, Object, Object[], BinderBundle, Boolean, Boolean) + 0x158
  ----- Inner Stack Trace #2 (Xunit.Sdk.TestClassException) -----
  
  [FAIL] System.Runtime.Loader.Tests.SatelliteAssembliesTests.mainResources(lang: "fr", expected: "Neutral language Main description 1.0.0")
  System.AggregateException : One or more errors occurred. (Path "" is not an absolute path. (Parameter 'assemblyPath')) (The following constructor parameters did not have matching fixture data: SatelliteAssembliesTestsFixture fixture)
  ---- System.ArgumentException : Path "" is not an absolute path. (Parameter 'assemblyPath')
  ---- The following constructor parameters did not have matching fixture data: SatelliteAssembliesTestsFixture fixture
  
  ----- Inner Stack Trace #1 (System.ArgumentException) -----
     at System.Runtime.Loader.AssemblyLoadContext.LoadFromAssemblyPath(String) + 0xdc
     at System.Runtime.Loader.Tests.SatelliteAssembliesTestsFixture..ctor() + 0x8d
     at System.Runtime.Loader.Tests!<BaseAddress>+0xaa3dc8
     at System.InvokeUtils.CallDynamicInvokeMethod(Object, IntPtr, IntPtr, IntPtr, Object, Object[], BinderBundle, Boolean, Boolean) + 0x158
  ----- Inner Stack Trace #2 (Xunit.Sdk.TestClassException) -----
  
  [FAIL] System.Runtime.Loader.Tests.SatelliteAssembliesTests.mainResources(lang: "en", expected: "English language Main description 1.0.0")
  System.AggregateException : One or more errors occurred. (Path "" is not an absolute path. (Parameter 'assemblyPath')) (The following constructor parameters did not have matching fixture data: SatelliteAssembliesTestsFixture fixture)
  ---- System.ArgumentException : Path "" is not an absolute path. (Parameter 'assemblyPath')
  ---- The following constructor parameters did not have matching fixture data: SatelliteAssembliesTestsFixture fixture
  
  ----- Inner Stack Trace #1 (System.ArgumentException) -----
     at System.Runtime.Loader.AssemblyLoadContext.LoadFromAssemblyPath(String) + 0xdc
     at System.Runtime.Loader.Tests.SatelliteAssembliesTestsFixture..ctor() + 0x8d
     at System.Runtime.Loader.Tests!<BaseAddress>+0xaa3dc8
     at System.InvokeUtils.CallDynamicInvokeMethod(Object, IntPtr, IntPtr, IntPtr, Object, Object[], BinderBundle, Boolean, Boolean) + 0x158
  ----- Inner Stack Trace #2 (Xunit.Sdk.TestClassException) -----
  
  [FAIL] System.Runtime.Loader.Tests.SatelliteAssembliesTests.mainResources(lang: "", expected: "Neutral language Main description 1.0.0")
  System.AggregateException : One or more errors occurred. (Path "" is not an absolute path. (Parameter 'assemblyPath')) (The following constructor parameters did not have matching fixture data: SatelliteAssembliesTestsFixture fixture)
  ---- System.ArgumentException : Path "" is not an absolute path. (Parameter 'assemblyPath')
  ---- The following constructor parameters did not have matching fixture data: SatelliteAssembliesTestsFixture fixture
  
  ----- Inner Stack Trace #1 (System.ArgumentException) -----
     at System.Runtime.Loader.AssemblyLoadContext.LoadFromAssemblyPath(String) + 0xdc
     at System.Runtime.Loader.Tests.SatelliteAssembliesTestsFixture..ctor() + 0x8d
     at System.Runtime.Loader.Tests!<BaseAddress>+0xaa3dc8
     at System.InvokeUtils.CallDynamicInvokeMethod(Object, IntPtr, IntPtr, IntPtr, Object, Object[], BinderBundle, Boolean, Boolean) + 0x158
  ----- Inner Stack Trace #2 (Xunit.Sdk.TestClassException) -----
  
  [FAIL] System.Runtime.Loader.Tests.SatelliteAssembliesTests.mainResources(lang: "fr-FR", expected: "Neutral language Main description 1.0.0")
  System.AggregateException : One or more errors occurred. (Path "" is not an absolute path. (Parameter 'assemblyPath')) (The following constructor parameters did not have matching fixture data: SatelliteAssembliesTestsFixture fixture)
  ---- System.ArgumentException : Path "" is not an absolute path. (Parameter 'assemblyPath')
  ---- The following constructor parameters did not have matching fixture data: SatelliteAssembliesTestsFixture fixture
  
  ----- Inner Stack Trace #1 (System.ArgumentException) -----
     at System.Runtime.Loader.AssemblyLoadContext.LoadFromAssemblyPath(String) + 0xdc
     at System.Runtime.Loader.Tests.SatelliteAssembliesTestsFixture..ctor() + 0x8d
     at System.Runtime.Loader.Tests!<BaseAddress>+0xaa3dc8
     at System.InvokeUtils.CallDynamicInvokeMethod(Object, IntPtr, IntPtr, IntPtr, Object, Object[], BinderBundle, Boolean, Boolean) + 0x158
  ----- Inner Stack Trace #2 (Xunit.Sdk.TestClassException) -----
  
  [SKIP] System.Reflection.Metadata.ApplyUpdateTest.TestAddStaticLambda
  [SKIP] System.Reflection.Metadata.ApplyUpdateTest.TestStaticLambdaRegression
  [SKIP] System.Reflection.Metadata.ApplyUpdateTest.LambdaCapturesThis
  [SKIP] System.Reflection.Metadata.ApplyUpdateTest.LambdaBodyChange
  [SKIP] System.Reflection.Metadata.ApplyUpdateTest.StaticMethodBodyUpdate
  [FAIL] System.Reflection.Metadata.ApplyUpdateTest.GetCapabilities
  Assert.NotNull() Failure
     at System.Reflection.Metadata.ApplyUpdateTest.GetCapabilities() + 0x107
     at System.Runtime.Loader.Tests!<BaseAddress>+0xaa3dde
     at System.InvokeUtils.CallDynamicInvokeMethod(Object, IntPtr, IntPtr, IntPtr, Object, Object[], BinderBundle, Boolean, Boolean) + 0x158
  [SKIP] System.Reflection.Metadata.ApplyUpdateTest.ClassWithCustomAttributes
  [SKIP] System.Reflection.Metadata.ApplyUpdateTest.IsSupported
  [SKIP] System.Reflection.Metadata.ApplyUpdateTest.TestAddNestedClass
  [FAIL] System.Reflection.Metadata.ApplyUpdateTest.ApplyUpdateInvalidParameters
  Assert.Throws() Failure
  Expected: typeof(System.ArgumentNullException)
  Actual:   typeof(System.PlatformNotSupportedException): Operation is not supported on this platform.
  ---- System.PlatformNotSupportedException : Operation is not supported on this platform.
     at System.Reflection.Metadata.MetadataUpdater.ApplyUpdate(Assembly, ReadOnlySpan`1, ReadOnlySpan`1, ReadOnlySpan`1) + 0x24
     at System.Reflection.Metadata.ApplyUpdateTest.<>c__DisplayClass13_0.<ApplyUpdateInvalidParameters>b__0() + 0x85
  ----- Inner Stack Trace -----
     at System.Reflection.Metadata.MetadataUpdater.ApplyUpdate(Assembly, ReadOnlySpan`1, ReadOnlySpan`1, ReadOnlySpan`1) + 0x24
     at System.Reflection.Metadata.ApplyUpdateTest.<>c__DisplayClass13_0.<ApplyUpdateInvalidParameters>b__0() + 0x85
  [SKIP] System.Reflection.Metadata.ApplyUpdateTest.CustomAttributeUpdates
  [SKIP] System.Reflection.Metadata.ApplyUpdateTest.TestAddLambdaCapturingThis
  [SKIP] System.Reflection.Metadata.ApplyUpdateTest.AsyncMethodChanges
  [SKIP] System.Reflection.Metadata.ApplyUpdateTest.CustomAttributeDelete
  [SKIP] System.Reflection.Metadata.ApplyUpdateTest.TestReflectionAddNewType
  [SKIP] System.Reflection.Metadata.ApplyUpdateTest.TestAddStaticField
  [SKIP] System.Reflection.Metadata.ApplyUpdateTest.FirstCallAfterUpdate
  Finished System.Runtime.Loader.Tests, Version=7.0.0.0, Culture=neutral, PublicKeyToken=cc7b13ffcd2ddd51
  
  Tests run: 185, Errors: 0, Failures: 154, Skipped: 16. Time: 0.0296078s
  ----- end Sun 05/29/2022 11:15:21.79 ----- exit code 1 ----------------------------------------------------------
D:\work\Core\CurrentWork2\runtime\eng\testing\tests.targets(169,5): error : One or more tests failed while running tests from 'System.Runtime.Loader.Tests'. [D:\work\Core\CurrentWork2\runtime\src\libraries\System.Runtime.Loader\tests\System.Runtime.Loader.Tests.csproj]

Build FAILED.

D:\work\Core\CurrentWork2\runtime\eng\testing\tests.targets(169,5): error : One or more tests failed while running tests from 'System.Runtime.Loader.Tests'. [D:\work\Core\CurrentWork2\runtime\src\libraries\System.Runtime.Loader\tests\System.Runtime.Loader.Tests.csproj]
    0 Warning(s)
    1 Error(s)

Time Elapsed 00:00:58.92
