D:\work\Core\CurrentWork2\runtime\.dotnet
Microsoft (R) Build Engine version 17.2.0-preview-22175-02+058a0262c for .NET
Copyright (C) Microsoft Corporation. All rights reserved.

  Determining projects to restore...
  Restored D:\work\Core\CurrentWork2\runtime\src\libraries\System.Text.Encodings.Web\tests\System.Text.Encodings.Web.Tests.csproj (in 470 ms).
  6 of 7 projects are up-to-date for restore.
  Microsoft.Interop.SourceGeneration -> D:\work\Core\CurrentWork2\runtime\artifacts\bin\Microsoft.Interop.SourceGeneration\Release\netstandard2.0\Microsoft.Interop.SourceGeneration.dll
  LibraryImportGenerator -> D:\work\Core\CurrentWork2\runtime\artifacts\bin\LibraryImportGenerator\Release\netstandard2.0\Microsoft.Interop.LibraryImportGenerator.dll
  TestUtilities -> D:\work\Core\CurrentWork2\runtime\artifacts\bin\TestUtilities\Release\net6.0\TestUtilities.dll
  System.Text.Encodings.Web.Tests -> D:\work\Core\CurrentWork2\runtime\artifacts\bin\System.Text.Encodings.Web.Tests\Release\net7.0\System.Text.Encodings.Web.Tests.dll
  Optimizing assemblies for size may change the behavior of the app. Be sure to test after publishing. See: https://aka.ms/dotnet-illink
  Generating compatible native code. To optimize for size or speed, visit https://aka.ms/OptimizeNativeAOT
     Creating library D:\work\Core\CurrentWork2\runtime\artifacts\bin\System.Text.Encodings.Web.Tests\Release\net7.0\native\System.Text.Encodings.Web.Tests.lib and object D:\work\Core\CurrentWork2\runtime\artifacts\bin\System.Text.Encodings.Web.Tests\Release\net7.0\native\System.Text.Encodings.Web.Tests.exp
  System.Text.Encodings.Web.Tests -> D:\work\Core\CurrentWork2\runtime\artifacts\bin\System.Text.Encodings.Web.Tests\Release\net7.0\publish\
  ----- start Sun 05/29/2022 11:31:17.20 ===============  To repro directly: ===================================================== 
  pushd D:\work\Core\CurrentWork2\runtime\artifacts\bin\System.Text.Encodings.Web.Tests\Release\net7.0\publish\
  System.Text.Encodings.Web.Tests.exe -notrait category=OuterLoop -notrait category=failing 
  popd
  ===========================================================================================================
  Running assembly:System.Text.Encodings.Web.Tests, Version=7.0.0.0, Culture=neutral, PublicKeyToken=cc7b13ffcd2ddd51
  Finished System.Text.Encodings.Web.Tests, Version=7.0.0.0, Culture=neutral, PublicKeyToken=cc7b13ffcd2ddd51
  
  Tests run: 653, Errors: 0, Failures: 0, Skipped: 0. Time: 1.5125414s
  ----- end Sun 05/29/2022 11:31:21.77 ----- exit code 0 ----------------------------------------------------------
  TestUtilities -> D:\work\Core\CurrentWork2\runtime\artifacts\bin\TestUtilities\Release\net462\TestUtilities.dll
  System.Text.Encodings.Web -> D:\work\Core\CurrentWork2\runtime\artifacts\bin\System.Text.Encodings.Web\ref\Release\net462\System.Text.Encodings.Web.dll
  System.Text.Encodings.Web -> D:\work\Core\CurrentWork2\runtime\artifacts\bin\System.Text.Encodings.Web\Release\net462\System.Text.Encodings.Web.dll
D:\work\Core\CurrentWork2\runtime\src\libraries\Common\tests\SingleFileTestRunner\SingleFileTestRunner.cs(11,22): error CS0234: The type or namespace name 'Loader' does not exist in the namespace 'System.Runtime' (are you missing an assembly reference?) [D:\work\Core\CurrentWork2\runtime\src\libraries\System.Text.Encodings.Web\tests\System.Text.Encodings.Web.Tests.csproj]

Build FAILED.

D:\work\Core\CurrentWork2\runtime\src\libraries\Common\tests\SingleFileTestRunner\SingleFileTestRunner.cs(11,22): error CS0234: The type or namespace name 'Loader' does not exist in the namespace 'System.Runtime' (are you missing an assembly reference?) [D:\work\Core\CurrentWork2\runtime\src\libraries\System.Text.Encodings.Web\tests\System.Text.Encodings.Web.Tests.csproj]
    0 Warning(s)
    1 Error(s)

Time Elapsed 00:00:25.72
