D:\work\Core\CurrentWork2\runtime\.dotnet
Microsoft (R) Build Engine version 17.2.0-preview-22175-02+058a0262c for .NET
Copyright (C) Microsoft Corporation. All rights reserved.

  Determining projects to restore...
  Restored D:\work\Core\CurrentWork2\runtime\src\libraries\System.ComponentModel.Annotations\tests\System.ComponentModel.Annotations.Tests.csproj (in 538 ms).
  3 of 4 projects are up-to-date for restore.
  Microsoft.Interop.SourceGeneration -> D:\work\Core\CurrentWork2\runtime\artifacts\bin\Microsoft.Interop.SourceGeneration\Release\netstandard2.0\Microsoft.Interop.SourceGeneration.dll
  LibraryImportGenerator -> D:\work\Core\CurrentWork2\runtime\artifacts\bin\LibraryImportGenerator\Release\netstandard2.0\Microsoft.Interop.LibraryImportGenerator.dll
  TestUtilities -> D:\work\Core\CurrentWork2\runtime\artifacts\bin\TestUtilities\Release\net6.0\TestUtilities.dll
  System.ComponentModel.Annotations.Tests -> D:\work\Core\CurrentWork2\runtime\artifacts\bin\System.ComponentModel.Annotations.Tests\Release\net7.0\System.ComponentModel.Annotations.Tests.dll
  Optimizing assemblies for size may change the behavior of the app. Be sure to test after publishing. See: https://aka.ms/dotnet-illink
  Generating compatible native code. To optimize for size or speed, visit https://aka.ms/OptimizeNativeAOT
     Creating library D:\work\Core\CurrentWork2\runtime\artifacts\bin\System.ComponentModel.Annotations.Tests\Release\net7.0\native\System.ComponentModel.Annotations.Tests.lib and object D:\work\Core\CurrentWork2\runtime\artifacts\bin\System.ComponentModel.Annotations.Tests\Release\net7.0\native\System.ComponentModel.Annotations.Tests.exp
  System.ComponentModel.Annotations.Tests -> D:\work\Core\CurrentWork2\runtime\artifacts\bin\System.ComponentModel.Annotations.Tests\Release\net7.0\publish\
  ----- start Sun 05/29/2022  7:57:17.73 ===============  To repro directly: ===================================================== 
  pushd D:\work\Core\CurrentWork2\runtime\artifacts\bin\System.ComponentModel.Annotations.Tests\Release\net7.0\publish\
  System.ComponentModel.Annotations.Tests.exe -notrait category=OuterLoop -notrait category=failing 
  popd
  ===========================================================================================================
  Running assembly:System.ComponentModel.Annotations.Tests, Version=7.0.0.0, Culture=neutral, PublicKeyToken=cc7b13ffcd2ddd51
  [SKIP] System.ComponentModel.DataAnnotations.Tests.ValidationExceptionTests.Ctor_SerializationInfo_StreamingContext
  Finished System.ComponentModel.Annotations.Tests, Version=7.0.0.0, Culture=neutral, PublicKeyToken=cc7b13ffcd2ddd51
  
  Tests run: 795, Errors: 0, Failures: 0, Skipped: 1. Time: 0.0583215s
  ----- end Sun 05/29/2022  7:57:20.45 ----- exit code 0 ----------------------------------------------------------
  TestUtilities -> D:\work\Core\CurrentWork2\runtime\artifacts\bin\TestUtilities\Release\net462\TestUtilities.dll
D:\work\Core\CurrentWork2\runtime\src\libraries\Common\tests\SingleFileTestRunner\SingleFileTestRunner.cs(11,22): error CS0234: The type or namespace name 'Loader' does not exist in the namespace 'System.Runtime' (are you missing an assembly reference?) [D:\work\Core\CurrentWork2\runtime\src\libraries\System.ComponentModel.Annotations\tests\System.ComponentModel.Annotations.Tests.csproj]

Build FAILED.

D:\work\Core\CurrentWork2\runtime\src\libraries\Common\tests\SingleFileTestRunner\SingleFileTestRunner.cs(11,22): error CS0234: The type or namespace name 'Loader' does not exist in the namespace 'System.Runtime' (are you missing an assembly reference?) [D:\work\Core\CurrentWork2\runtime\src\libraries\System.ComponentModel.Annotations\tests\System.ComponentModel.Annotations.Tests.csproj]
    0 Warning(s)
    1 Error(s)

Time Elapsed 00:00:28.57
