D:\work\Core\CurrentWork2\runtime\.dotnet
Microsoft (R) Build Engine version 17.2.0-preview-22175-02+058a0262c for .NET
Copyright (C) Microsoft Corporation. All rights reserved.

  Determining projects to restore...
  Restored D:\work\Core\CurrentWork2\runtime\src\libraries\System.Collections.Immutable\tests\System.Collections.Immutable.Tests.csproj (in 2.12 sec).
  7 of 8 projects are up-to-date for restore.
  Microsoft.Interop.SourceGeneration -> D:\work\Core\CurrentWork2\runtime\artifacts\bin\Microsoft.Interop.SourceGeneration\Release\netstandard2.0\Microsoft.Interop.SourceGeneration.dll
  LibraryImportGenerator -> D:\work\Core\CurrentWork2\runtime\artifacts\bin\LibraryImportGenerator\Release\netstandard2.0\Microsoft.Interop.LibraryImportGenerator.dll
  TestUtilities -> D:\work\Core\CurrentWork2\runtime\artifacts\bin\TestUtilities\Release\net6.0\TestUtilities.dll
  System.Runtime -> D:\work\Core\CurrentWork2\runtime\artifacts\bin\System.Runtime\ref\Release\net7.0\System.Runtime.dll
  System.Collections -> D:\work\Core\CurrentWork2\runtime\artifacts\bin\System.Collections\ref\Release\net7.0\System.Collections.dll
  System.Collections.Immutable -> D:\work\Core\CurrentWork2\runtime\artifacts\bin\System.Collections.Immutable\ref\Release\net7.0\System.Collections.Immutable.dll
  System.Collections.Immutable -> D:\work\Core\CurrentWork2\runtime\artifacts\bin\System.Collections.Immutable\Release\net7.0\System.Collections.Immutable.dll
  System.Collections.Immutable.Tests -> D:\work\Core\CurrentWork2\runtime\artifacts\bin\System.Collections.Immutable.Tests\Release\net7.0\System.Collections.Immutable.Tests.dll
  Optimizing assemblies for size may change the behavior of the app. Be sure to test after publishing. See: https://aka.ms/dotnet-illink
  Generating compatible native code. To optimize for size or speed, visit https://aka.ms/OptimizeNativeAOT
     Creating library D:\work\Core\CurrentWork2\runtime\artifacts\bin\System.Collections.Immutable.Tests\Release\net7.0\native\System.Collections.Immutable.Tests.lib and object D:\work\Core\CurrentWork2\runtime\artifacts\bin\System.Collections.Immutable.Tests\Release\net7.0\native\System.Collections.Immutable.Tests.exp
  System.Collections.Immutable.Tests -> D:\work\Core\CurrentWork2\runtime\artifacts\bin\System.Collections.Immutable.Tests\Release\net7.0\publish\
  ----- start Sun 05/29/2022  7:55:18.55 ===============  To repro directly: ===================================================== 
  pushd D:\work\Core\CurrentWork2\runtime\artifacts\bin\System.Collections.Immutable.Tests\Release\net7.0\publish\
  System.Collections.Immutable.Tests.exe -notrait category=OuterLoop -notrait category=failing 
  popd
  ===========================================================================================================
  Running assembly:System.Collections.Immutable.Tests, Version=7.0.0.0, Culture=neutral, PublicKeyToken=cc7b13ffcd2ddd51
  Unhandled Exception: System.Reflection.MissingRuntimeArtifactException: MakeGenericMethod() cannot create this generic method instantiation because no code was generated for it: 'System.Collections.Immutable.Tests.ImmutableArrayTest.Insert<System.Char>(System.Collections.Generic.IEnumerable<System.Char>,System.Int32,System.Char)'.
     at System.Reflection.Runtime.MethodInfos.RuntimeNamedMethodInfo`1.GetUncachedMethodInvoker(RuntimeTypeInfo[], MemberInfo) + 0x113
     at System.Reflection.Runtime.MethodInfos.RuntimeMethodInfo.get_MethodInvoker() + 0xa1
     at System.Reflection.Runtime.MethodInfos.RuntimeNamedMethodInfo`1.MakeGenericMethod(Type[]) + 0x183
     at Xunit.Sdk.ReflectionMethodInfo.MakeGenericMethod(ITypeInfo[]) + 0x77
     at Xunit.Sdk.TestMethodTestCase.Initialize() + 0x168
     at Xunit.Sdk.XunitTestCase.Initialize() + 0x2d
     at Xunit.Sdk.TestMethodTestCase.get_Traits() + 0x1b
     at Xunit.XunitFilters.FilterExcludedTraits(ITestCase) + 0x59
     at Xunit.XunitFilters.Filter(ITestCase) + 0x54
     at System.Linq.Enumerable.WhereListIterator`1.ToList() + 0x5e
     at SingleFileTestRunner.Main(String[]) + 0x3fa
     at System.Collections.Immutable.Tests!<BaseAddress>+0x67c213
  ----- end Sun 05/29/2022  7:55:23.66 ----- exit code -1888053697 ----------------------------------------------------------
D:\work\Core\CurrentWork2\runtime\eng\testing\tests.targets(169,5): error : One or more tests failed while running tests from 'System.Collections.Immutable.Tests'. [D:\work\Core\CurrentWork2\runtime\src\libraries\System.Collections.Immutable\tests\System.Collections.Immutable.Tests.csproj]
  TestUtilities -> D:\work\Core\CurrentWork2\runtime\artifacts\bin\TestUtilities\Release\net462\TestUtilities.dll
  System.Collections.Immutable -> D:\work\Core\CurrentWork2\runtime\artifacts\bin\System.Collections.Immutable\ref\Release\net462\System.Collections.Immutable.dll
  System.Collections.Immutable -> D:\work\Core\CurrentWork2\runtime\artifacts\bin\System.Collections.Immutable\Release\net462\System.Collections.Immutable.dll
D:\work\Core\CurrentWork2\runtime\src\libraries\Common\tests\SingleFileTestRunner\SingleFileTestRunner.cs(11,22): error CS0234: The type or namespace name 'Loader' does not exist in the namespace 'System.Runtime' (are you missing an assembly reference?) [D:\work\Core\CurrentWork2\runtime\src\libraries\System.Collections.Immutable\tests\System.Collections.Immutable.Tests.csproj]

Build FAILED.

D:\work\Core\CurrentWork2\runtime\eng\testing\tests.targets(169,5): error : One or more tests failed while running tests from 'System.Collections.Immutable.Tests'. [D:\work\Core\CurrentWork2\runtime\src\libraries\System.Collections.Immutable\tests\System.Collections.Immutable.Tests.csproj]
D:\work\Core\CurrentWork2\runtime\src\libraries\Common\tests\SingleFileTestRunner\SingleFileTestRunner.cs(11,22): error CS0234: The type or namespace name 'Loader' does not exist in the namespace 'System.Runtime' (are you missing an assembly reference?) [D:\work\Core\CurrentWork2\runtime\src\libraries\System.Collections.Immutable\tests\System.Collections.Immutable.Tests.csproj]
    0 Warning(s)
    2 Error(s)

Time Elapsed 00:01:17.85
